[2024-09-04T04:53:36.975+0000] {local_task_job_runner.py:120} INFO - ::group::Pre task execution logs
[2024-09-04T04:53:37.068+0000] {taskinstance.py:2076} INFO - Dependencies all met for dep_context=non-requeueable deps ti=<TaskInstance: import_csv_to_mysql.import_csv_Du_lieu_ban_hang manual__2024-09-04T03:08:00.998357+00:00 [queued]>
[2024-09-04T04:53:37.108+0000] {taskinstance.py:2076} INFO - Dependencies all met for dep_context=requeueable deps ti=<TaskInstance: import_csv_to_mysql.import_csv_Du_lieu_ban_hang manual__2024-09-04T03:08:00.998357+00:00 [queued]>
[2024-09-04T04:53:37.110+0000] {taskinstance.py:2306} INFO - Starting attempt 2 of 2
[2024-09-04T04:53:37.159+0000] {taskinstance.py:2330} INFO - Executing <Task(PythonOperator): import_csv_Du_lieu_ban_hang> on 2024-09-04 03:08:00.998357+00:00
[2024-09-04T04:53:37.193+0000] {logging_mixin.py:188} WARNING - /home/airflow/.local/lib/python3.12/site-packages/airflow/task/task_runner/standard_task_runner.py:62 DeprecationWarning: This process (pid=362) is multi-threaded, use of fork() may lead to deadlocks in the child.
[2024-09-04T04:53:37.196+0000] {standard_task_runner.py:64} INFO - Started process 381 to run task
[2024-09-04T04:53:37.196+0000] {standard_task_runner.py:90} INFO - Running: ['airflow', 'tasks', 'run', 'import_csv_to_mysql', 'import_csv_Du_lieu_ban_hang', 'manual__2024-09-04T03:08:00.998357+00:00', '--job-id', '73', '--raw', '--subdir', 'DAGS_FOLDER/import_csv_to_mysql_dag.py', '--cfg-path', '/tmp/tmp3f8bzym1']
[2024-09-04T04:53:37.205+0000] {standard_task_runner.py:91} INFO - Job 73: Subtask import_csv_Du_lieu_ban_hang
[2024-09-04T04:53:37.293+0000] {logging_mixin.py:188} WARNING - /home/airflow/.local/lib/python3.12/site-packages/airflow/settings.py:195 DeprecationWarning: The sql_alchemy_conn option in [core] has been moved to the sql_alchemy_conn option in [database] - the old setting has been used, but please update your config.
[2024-09-04T04:53:37.540+0000] {task_command.py:426} INFO - Running <TaskInstance: import_csv_to_mysql.import_csv_Du_lieu_ban_hang manual__2024-09-04T03:08:00.998357+00:00 [running]> on host 82afb578cd5f
[2024-09-04T04:53:39.400+0000] {taskinstance.py:2648} INFO - Exporting env vars: AIRFLOW_CTX_DAG_OWNER='congdat' AIRFLOW_CTX_DAG_ID='import_csv_to_mysql' AIRFLOW_CTX_TASK_ID='import_csv_Du_lieu_ban_hang' AIRFLOW_CTX_EXECUTION_DATE='2024-09-04T03:08:00.998357+00:00' AIRFLOW_CTX_TRY_NUMBER='2' AIRFLOW_CTX_DAG_RUN_ID='manual__2024-09-04T03:08:00.998357+00:00'
[2024-09-04T04:53:39.402+0000] {taskinstance.py:430} INFO - ::endgroup::
[2024-09-04T04:53:39.665+0000] {taskinstance.py:441} INFO - ::group::Post task execution logs
[2024-09-04T04:53:39.712+0000] {taskinstance.py:2905} ERROR - Task failed with exception
Traceback (most recent call last):
  File "/home/airflow/.local/lib/python3.12/site-packages/airflow/models/taskinstance.py", line 465, in _execute_task
    result = _execute_callable(context=context, **execute_callable_kwargs)
             ^^^^^^^^^^^^^^^^^^^^^^^^^^^^^^^^^^^^^^^^^^^^^^^^^^^^^^^^^^^^^
  File "/home/airflow/.local/lib/python3.12/site-packages/airflow/models/taskinstance.py", line 432, in _execute_callable
    return execute_callable(context=context, **execute_callable_kwargs)
           ^^^^^^^^^^^^^^^^^^^^^^^^^^^^^^^^^^^^^^^^^^^^^^^^^^^^^^^^^^^^
  File "/home/airflow/.local/lib/python3.12/site-packages/airflow/models/baseoperator.py", line 401, in wrapper
    return func(self, *args, **kwargs)
           ^^^^^^^^^^^^^^^^^^^^^^^^^^^
  File "/home/airflow/.local/lib/python3.12/site-packages/airflow/operators/python.py", line 235, in execute
    return_value = self.execute_callable()
                   ^^^^^^^^^^^^^^^^^^^^^^^
  File "/home/airflow/.local/lib/python3.12/site-packages/airflow/operators/python.py", line 252, in execute_callable
    return self.python_callable(*self.op_args, **self.op_kwargs)
           ^^^^^^^^^^^^^^^^^^^^^^^^^^^^^^^^^^^^^^^^^^^^^^^^^^^^^
  File "/opt/airflow/dags/import_csv_to_mysql_dag.py", line 30, in import_csv_to_mysql
    engine = mysql_hook.get_sqlalchemy_engine()
             ^^^^^^^^^^^^^^^^^^^^^^^^^^^^^^^^^^
  File "/home/airflow/.local/lib/python3.12/site-packages/airflow/providers/common/sql/hooks/sql.py", line 245, in get_sqlalchemy_engine
    return create_engine(self.get_uri(), **engine_kwargs)
                         ^^^^^^^^^^^^^^
  File "/home/airflow/.local/lib/python3.12/site-packages/airflow/providers/common/sql/hooks/sql.py", line 216, in get_uri
    conn = self.get_connection(self.get_conn_id())
           ^^^^^^^^^^^^^^^^^^^^^^^^^^^^^^^^^^^^^^^
  File "/home/airflow/.local/lib/python3.12/site-packages/airflow/hooks/base.py", line 83, in get_connection
    conn = Connection.get_connection_from_secrets(conn_id)
           ^^^^^^^^^^^^^^^^^^^^^^^^^^^^^^^^^^^^^^^^^^^^^^^
  File "/home/airflow/.local/lib/python3.12/site-packages/airflow/models/connection.py", line 519, in get_connection_from_secrets
    raise AirflowNotFoundException(f"The conn_id `{conn_id}` isn't defined")
airflow.exceptions.AirflowNotFoundException: The conn_id `mysql_default` isn't defined
[2024-09-04T04:53:39.735+0000] {taskinstance.py:1206} INFO - Marking task as FAILED. dag_id=import_csv_to_mysql, task_id=import_csv_Du_lieu_ban_hang, run_id=manual__2024-09-04T03:08:00.998357+00:00, execution_date=20240904T030800, start_date=20240904T045337, end_date=20240904T045339
[2024-09-04T04:53:39.851+0000] {standard_task_runner.py:110} ERROR - Failed to execute job 73 for task import_csv_Du_lieu_ban_hang (The conn_id `mysql_default` isn't defined; 381)
[2024-09-04T04:53:40.194+0000] {local_task_job_runner.py:243} INFO - Task exited with return code 1
[2024-09-04T04:53:40.397+0000] {local_task_job_runner.py:222} INFO - ::endgroup::
