[2024-09-04T02:58:07.671+0000] {local_task_job_runner.py:120} INFO - ::group::Pre task execution logs
[2024-09-04T02:58:07.741+0000] {taskinstance.py:2076} INFO - Dependencies all met for dep_context=non-requeueable deps ti=<TaskInstance: import_csv_to_mysql.import_csv_KPI_theo_nam manual__2024-09-04T02:58:05.630038+00:00 [queued]>
[2024-09-04T02:58:07.761+0000] {taskinstance.py:2076} INFO - Dependencies all met for dep_context=requeueable deps ti=<TaskInstance: import_csv_to_mysql.import_csv_KPI_theo_nam manual__2024-09-04T02:58:05.630038+00:00 [queued]>
[2024-09-04T02:58:07.763+0000] {taskinstance.py:2306} INFO - Starting attempt 1 of 2
[2024-09-04T02:58:07.809+0000] {taskinstance.py:2330} INFO - Executing <Task(PythonOperator): import_csv_KPI_theo_nam> on 2024-09-04 02:58:05.630038+00:00
[2024-09-04T02:58:07.851+0000] {logging_mixin.py:188} WARNING - /home/airflow/.local/lib/python3.12/site-packages/airflow/task/task_runner/standard_task_runner.py:62 DeprecationWarning: This process (pid=1379) is multi-threaded, use of fork() may lead to deadlocks in the child.
[2024-09-04T02:58:07.857+0000] {standard_task_runner.py:64} INFO - Started process 1412 to run task
[2024-09-04T02:58:07.856+0000] {standard_task_runner.py:90} INFO - Running: ['airflow', 'tasks', 'run', 'import_csv_to_mysql', 'import_csv_KPI_theo_nam', 'manual__2024-09-04T02:58:05.630038+00:00', '--job-id', '10', '--raw', '--subdir', 'DAGS_FOLDER/import_csv_to_mysql_dag.py', '--cfg-path', '/tmp/tmpu1elki9x']
[2024-09-04T02:58:07.863+0000] {standard_task_runner.py:91} INFO - Job 10: Subtask import_csv_KPI_theo_nam
[2024-09-04T02:58:07.905+0000] {logging_mixin.py:188} WARNING - /home/airflow/.local/lib/python3.12/site-packages/airflow/settings.py:195 DeprecationWarning: The sql_alchemy_conn option in [core] has been moved to the sql_alchemy_conn option in [database] - the old setting has been used, but please update your config.
[2024-09-04T02:58:07.984+0000] {task_command.py:426} INFO - Running <TaskInstance: import_csv_to_mysql.import_csv_KPI_theo_nam manual__2024-09-04T02:58:05.630038+00:00 [running]> on host f537b9e2448c
[2024-09-04T02:58:09.078+0000] {taskinstance.py:2648} INFO - Exporting env vars: AIRFLOW_CTX_DAG_OWNER='congdat' AIRFLOW_CTX_DAG_ID='import_csv_to_mysql' AIRFLOW_CTX_TASK_ID='import_csv_KPI_theo_nam' AIRFLOW_CTX_EXECUTION_DATE='2024-09-04T02:58:05.630038+00:00' AIRFLOW_CTX_TRY_NUMBER='1' AIRFLOW_CTX_DAG_RUN_ID='manual__2024-09-04T02:58:05.630038+00:00'
[2024-09-04T02:58:09.080+0000] {taskinstance.py:430} INFO - ::endgroup::
[2024-09-04T02:58:09.129+0000] {base.py:84} INFO - Using connection ID 'mysql_default' for task execution.
[2024-09-04T02:58:09.148+0000] {taskinstance.py:441} INFO - ::group::Post task execution logs
[2024-09-04T02:58:09.149+0000] {taskinstance.py:2905} ERROR - Task failed with exception
Traceback (most recent call last):
  File "/home/airflow/.local/lib/python3.12/site-packages/airflow/models/taskinstance.py", line 465, in _execute_task
    result = _execute_callable(context=context, **execute_callable_kwargs)
             ^^^^^^^^^^^^^^^^^^^^^^^^^^^^^^^^^^^^^^^^^^^^^^^^^^^^^^^^^^^^^
  File "/home/airflow/.local/lib/python3.12/site-packages/airflow/models/taskinstance.py", line 432, in _execute_callable
    return execute_callable(context=context, **execute_callable_kwargs)
           ^^^^^^^^^^^^^^^^^^^^^^^^^^^^^^^^^^^^^^^^^^^^^^^^^^^^^^^^^^^^
  File "/home/airflow/.local/lib/python3.12/site-packages/airflow/models/baseoperator.py", line 401, in wrapper
    return func(self, *args, **kwargs)
           ^^^^^^^^^^^^^^^^^^^^^^^^^^^
  File "/home/airflow/.local/lib/python3.12/site-packages/airflow/operators/python.py", line 235, in execute
    return_value = self.execute_callable()
                   ^^^^^^^^^^^^^^^^^^^^^^^
  File "/home/airflow/.local/lib/python3.12/site-packages/airflow/operators/python.py", line 252, in execute_callable
    return self.python_callable(*self.op_args, **self.op_kwargs)
           ^^^^^^^^^^^^^^^^^^^^^^^^^^^^^^^^^^^^^^^^^^^^^^^^^^^^^
  File "/opt/airflow/dags/import_csv_to_mysql_dag.py", line 95, in import_csv_to_mysql
    create_table_if_not_exists(engine, table_name, df)
  File "/opt/airflow/dags/import_csv_to_mysql_dag.py", line 78, in create_table_if_not_exists
    if table_name not in inspector.get_table_names():
                         ^^^^^^^^^^^^^^^^^^^^^^^^^^^
  File "/home/airflow/.local/lib/python3.12/site-packages/sqlalchemy/engine/reflection.py", line 266, in get_table_names
    return self.dialect.get_table_names(
           ^^^^^^^^^^^^^^^^^^^^^^^^^^^^^
  File "<string>", line 2, in get_table_names
  File "/home/airflow/.local/lib/python3.12/site-packages/sqlalchemy/engine/reflection.py", line 55, in cache
    ret = fn(self, con, *args, **kw)
          ^^^^^^^^^^^^^^^^^^^^^^^^^^
  File "/home/airflow/.local/lib/python3.12/site-packages/sqlalchemy/dialects/mysql/base.py", line 2801, in get_table_names
    % self.identifier_preparer.quote_identifier(current_schema)
      ^^^^^^^^^^^^^^^^^^^^^^^^^^^^^^^^^^^^^^^^^^^^^^^^^^^^^^^^^
  File "/home/airflow/.local/lib/python3.12/site-packages/sqlalchemy/sql/compiler.py", line 5352, in quote_identifier
    + self._escape_identifier(value)
      ^^^^^^^^^^^^^^^^^^^^^^^^^^^^^^
  File "/home/airflow/.local/lib/python3.12/site-packages/sqlalchemy/sql/compiler.py", line 5311, in _escape_identifier
    value = value.replace(self.escape_quote, self.escape_to_quote)
            ^^^^^^^^^^^^^
AttributeError: 'NoneType' object has no attribute 'replace'
[2024-09-04T02:58:09.175+0000] {taskinstance.py:1206} INFO - Marking task as UP_FOR_RETRY. dag_id=import_csv_to_mysql, task_id=import_csv_KPI_theo_nam, run_id=manual__2024-09-04T02:58:05.630038+00:00, execution_date=20240904T025805, start_date=20240904T025807, end_date=20240904T025809
[2024-09-04T02:58:09.196+0000] {standard_task_runner.py:110} ERROR - Failed to execute job 10 for task import_csv_KPI_theo_nam ('NoneType' object has no attribute 'replace'; 1412)
[2024-09-04T02:58:09.241+0000] {local_task_job_runner.py:243} INFO - Task exited with return code 1
[2024-09-04T02:58:09.261+0000] {local_task_job_runner.py:222} INFO - ::endgroup::
