[2024-09-04T10:21:24.617+0000] {local_task_job_runner.py:120} INFO - ::group::Pre task execution logs
[2024-09-04T10:21:24.646+0000] {taskinstance.py:2076} INFO - Dependencies all met for dep_context=non-requeueable deps ti=<TaskInstance: import_csv_to_mysql.import_csv_Khach_hang manual__2024-09-04T10:19:21.265244+00:00 [queued]>
[2024-09-04T10:21:24.654+0000] {taskinstance.py:2076} INFO - Dependencies all met for dep_context=requeueable deps ti=<TaskInstance: import_csv_to_mysql.import_csv_Khach_hang manual__2024-09-04T10:19:21.265244+00:00 [queued]>
[2024-09-04T10:21:24.654+0000] {taskinstance.py:2306} INFO - Starting attempt 2 of 2
[2024-09-04T10:21:24.666+0000] {taskinstance.py:2330} INFO - Executing <Task(PythonOperator): import_csv_Khach_hang> on 2024-09-04 10:19:21.265244+00:00
[2024-09-04T10:21:24.674+0000] {logging_mixin.py:188} WARNING - /home/airflow/.local/lib/python3.12/site-packages/airflow/task/task_runner/standard_task_runner.py:62 DeprecationWarning: This process (pid=5268) is multi-threaded, use of fork() may lead to deadlocks in the child.
[2024-09-04T10:21:24.675+0000] {standard_task_runner.py:64} INFO - Started process 5272 to run task
[2024-09-04T10:21:24.675+0000] {standard_task_runner.py:90} INFO - Running: ['airflow', 'tasks', 'run', 'import_csv_to_mysql', 'import_csv_Khach_hang', 'manual__2024-09-04T10:19:21.265244+00:00', '--job-id', '112', '--raw', '--subdir', 'DAGS_FOLDER/import_csv_to_mysql_dag.py', '--cfg-path', '/tmp/tmpq_u7705y']
[2024-09-04T10:21:24.676+0000] {standard_task_runner.py:91} INFO - Job 112: Subtask import_csv_Khach_hang
[2024-09-04T10:21:24.690+0000] {logging_mixin.py:188} WARNING - /home/airflow/.local/lib/python3.12/site-packages/airflow/settings.py:195 DeprecationWarning: The sql_alchemy_conn option in [core] has been moved to the sql_alchemy_conn option in [database] - the old setting has been used, but please update your config.
[2024-09-04T10:21:24.721+0000] {task_command.py:426} INFO - Running <TaskInstance: import_csv_to_mysql.import_csv_Khach_hang manual__2024-09-04T10:19:21.265244+00:00 [running]> on host 82f647023843
[2024-09-04T10:21:24.943+0000] {taskinstance.py:2648} INFO - Exporting env vars: AIRFLOW_CTX_DAG_OWNER='congdat' AIRFLOW_CTX_DAG_ID='import_csv_to_mysql' AIRFLOW_CTX_TASK_ID='import_csv_Khach_hang' AIRFLOW_CTX_EXECUTION_DATE='2024-09-04T10:19:21.265244+00:00' AIRFLOW_CTX_TRY_NUMBER='2' AIRFLOW_CTX_DAG_RUN_ID='manual__2024-09-04T10:19:21.265244+00:00'
[2024-09-04T10:21:24.944+0000] {taskinstance.py:430} INFO - ::endgroup::
[2024-09-04T10:21:24.962+0000] {base.py:84} INFO - Using connection ID 'mysql_default' for task execution.
[2024-09-04T10:21:24.969+0000] {import_csv_to_mysql_dag.py:112} INFO - Read 786 rows from /opt/airflow/data/Khach_hang.csv
[2024-09-04T10:21:25.001+0000] {logging_mixin.py:188} WARNING - /opt/airflow/dags/import_csv_to_mysql_dag.py:102 UserWarning: The provided table name 'Khach_hang' is not found exactly as such in the database after writing the table, possibly due to case sensitivity issues. Consider using lower case table names.
[2024-09-04T10:21:25.023+0000] {logging_mixin.py:188} WARNING - /opt/airflow/dags/import_csv_to_mysql_dag.py:118 UserWarning: The provided table name 'Khach_hang' is not found exactly as such in the database after writing the table, possibly due to case sensitivity issues. Consider using lower case table names.
[2024-09-04T10:21:25.025+0000] {import_csv_to_mysql_dag.py:119} INFO - Data from /opt/airflow/data/Khach_hang.csv inserted into Khach_hang
[2024-09-04T10:21:25.026+0000] {python.py:237} INFO - Done. Returned value was: None
[2024-09-04T10:21:25.026+0000] {taskinstance.py:441} INFO - ::group::Post task execution logs
[2024-09-04T10:21:25.036+0000] {taskinstance.py:1206} INFO - Marking task as SUCCESS. dag_id=import_csv_to_mysql, task_id=import_csv_Khach_hang, run_id=manual__2024-09-04T10:19:21.265244+00:00, execution_date=20240904T101921, start_date=20240904T102124, end_date=20240904T102125
[2024-09-04T10:21:25.089+0000] {local_task_job_runner.py:243} INFO - Task exited with return code 0
[2024-09-04T10:21:25.105+0000] {taskinstance.py:3503} INFO - 0 downstream tasks scheduled from follow-on schedule check
[2024-09-04T10:21:25.106+0000] {local_task_job_runner.py:222} INFO - ::endgroup::
