[2024-09-04T10:19:23.221+0000] {local_task_job_runner.py:120} INFO - ::group::Pre task execution logs
[2024-09-04T10:19:23.251+0000] {taskinstance.py:2076} INFO - Dependencies all met for dep_context=non-requeueable deps ti=<TaskInstance: import_csv_to_mysql.import_csv_Khach_hang manual__2024-09-04T10:19:21.265244+00:00 [queued]>
[2024-09-04T10:19:23.259+0000] {taskinstance.py:2076} INFO - Dependencies all met for dep_context=requeueable deps ti=<TaskInstance: import_csv_to_mysql.import_csv_Khach_hang manual__2024-09-04T10:19:21.265244+00:00 [queued]>
[2024-09-04T10:19:23.260+0000] {taskinstance.py:2306} INFO - Starting attempt 1 of 2
[2024-09-04T10:19:23.273+0000] {taskinstance.py:2330} INFO - Executing <Task(PythonOperator): import_csv_Khach_hang> on 2024-09-04 10:19:21.265244+00:00
[2024-09-04T10:19:23.281+0000] {logging_mixin.py:188} WARNING - /home/airflow/.local/lib/python3.12/site-packages/airflow/task/task_runner/standard_task_runner.py:62 DeprecationWarning: This process (pid=5118) is multi-threaded, use of fork() may lead to deadlocks in the child.
[2024-09-04T10:19:23.282+0000] {standard_task_runner.py:64} INFO - Started process 5122 to run task
[2024-09-04T10:19:23.281+0000] {standard_task_runner.py:90} INFO - Running: ['airflow', 'tasks', 'run', 'import_csv_to_mysql', 'import_csv_Khach_hang', 'manual__2024-09-04T10:19:21.265244+00:00', '--job-id', '108', '--raw', '--subdir', 'DAGS_FOLDER/import_csv_to_mysql_dag.py', '--cfg-path', '/tmp/tmpdoj66knt']
[2024-09-04T10:19:23.283+0000] {standard_task_runner.py:91} INFO - Job 108: Subtask import_csv_Khach_hang
[2024-09-04T10:19:23.299+0000] {logging_mixin.py:188} WARNING - /home/airflow/.local/lib/python3.12/site-packages/airflow/settings.py:195 DeprecationWarning: The sql_alchemy_conn option in [core] has been moved to the sql_alchemy_conn option in [database] - the old setting has been used, but please update your config.
[2024-09-04T10:19:23.332+0000] {task_command.py:426} INFO - Running <TaskInstance: import_csv_to_mysql.import_csv_Khach_hang manual__2024-09-04T10:19:21.265244+00:00 [running]> on host 82f647023843
[2024-09-04T10:19:23.612+0000] {taskinstance.py:2648} INFO - Exporting env vars: AIRFLOW_CTX_DAG_OWNER='congdat' AIRFLOW_CTX_DAG_ID='import_csv_to_mysql' AIRFLOW_CTX_TASK_ID='import_csv_Khach_hang' AIRFLOW_CTX_EXECUTION_DATE='2024-09-04T10:19:21.265244+00:00' AIRFLOW_CTX_TRY_NUMBER='1' AIRFLOW_CTX_DAG_RUN_ID='manual__2024-09-04T10:19:21.265244+00:00'
[2024-09-04T10:19:23.614+0000] {taskinstance.py:430} INFO - ::endgroup::
[2024-09-04T10:19:23.638+0000] {base.py:84} INFO - Using connection ID 'mysql_default' for task execution.
[2024-09-04T10:19:23.660+0000] {import_csv_to_mysql_dag.py:112} INFO - Read 786 rows from /opt/airflow/data/Khach_hang.csv
[2024-09-04T10:19:23.660+0000] {taskinstance.py:441} INFO - ::group::Post task execution logs
[2024-09-04T10:19:23.661+0000] {taskinstance.py:2905} ERROR - Task failed with exception
Traceback (most recent call last):
  File "/home/airflow/.local/lib/python3.12/site-packages/airflow/models/taskinstance.py", line 465, in _execute_task
    result = _execute_callable(context=context, **execute_callable_kwargs)
             ^^^^^^^^^^^^^^^^^^^^^^^^^^^^^^^^^^^^^^^^^^^^^^^^^^^^^^^^^^^^^
  File "/home/airflow/.local/lib/python3.12/site-packages/airflow/models/taskinstance.py", line 432, in _execute_callable
    return execute_callable(context=context, **execute_callable_kwargs)
           ^^^^^^^^^^^^^^^^^^^^^^^^^^^^^^^^^^^^^^^^^^^^^^^^^^^^^^^^^^^^
  File "/home/airflow/.local/lib/python3.12/site-packages/airflow/models/baseoperator.py", line 401, in wrapper
    return func(self, *args, **kwargs)
           ^^^^^^^^^^^^^^^^^^^^^^^^^^^
  File "/home/airflow/.local/lib/python3.12/site-packages/airflow/operators/python.py", line 235, in execute
    return_value = self.execute_callable()
                   ^^^^^^^^^^^^^^^^^^^^^^^
  File "/home/airflow/.local/lib/python3.12/site-packages/airflow/operators/python.py", line 252, in execute_callable
    return self.python_callable(*self.op_args, **self.op_kwargs)
           ^^^^^^^^^^^^^^^^^^^^^^^^^^^^^^^^^^^^^^^^^^^^^^^^^^^^^
  File "/opt/airflow/dags/import_csv_to_mysql_dag.py", line 115, in import_csv_to_mysql
    create_table_from_df(engine, table_name, df)
  File "/opt/airflow/dags/import_csv_to_mysql_dag.py", line 99, in create_table_from_df
    if engine.dialect.has_table(engine, table_name):
       ^^^^^^^^^^^^^^^^^^^^^^^^^^^^^^^^^^^^^^^^^^^^
  File "/home/airflow/.local/lib/python3.12/site-packages/sqlalchemy/dialects/mysql/base.py", line 2641, in has_table
    self._ensure_has_table_connection(connection)
  File "/home/airflow/.local/lib/python3.12/site-packages/sqlalchemy/engine/default.py", line 342, in _ensure_has_table_connection
    raise exc.ArgumentError(
sqlalchemy.exc.ArgumentError: The argument passed to Dialect.has_table() should be a <class 'sqlalchemy.engine.base.Connection'>, got <class 'sqlalchemy.engine.base.Engine'>. Additionally, the Dialect.has_table() method is for internal dialect use only; please use ``inspect(some_engine).has_table(<tablename>>)`` for public API use.
[2024-09-04T10:19:23.678+0000] {taskinstance.py:1206} INFO - Marking task as UP_FOR_RETRY. dag_id=import_csv_to_mysql, task_id=import_csv_Khach_hang, run_id=manual__2024-09-04T10:19:21.265244+00:00, execution_date=20240904T101921, start_date=20240904T101923, end_date=20240904T101923
[2024-09-04T10:19:23.692+0000] {standard_task_runner.py:110} ERROR - Failed to execute job 108 for task import_csv_Khach_hang (The argument passed to Dialect.has_table() should be a <class 'sqlalchemy.engine.base.Connection'>, got <class 'sqlalchemy.engine.base.Engine'>. Additionally, the Dialect.has_table() method is for internal dialect use only; please use ``inspect(some_engine).has_table(<tablename>>)`` for public API use.; 5122)
[2024-09-04T10:19:23.737+0000] {local_task_job_runner.py:243} INFO - Task exited with return code 1
[2024-09-04T10:19:23.763+0000] {taskinstance.py:3503} INFO - 0 downstream tasks scheduled from follow-on schedule check
[2024-09-04T10:19:23.765+0000] {local_task_job_runner.py:222} INFO - ::endgroup::
