[2024-09-04T09:19:47.478+0000] {local_task_job_runner.py:120} INFO - ::group::Pre task execution logs
[2024-09-04T09:19:47.508+0000] {taskinstance.py:2076} INFO - Dependencies all met for dep_context=non-requeueable deps ti=<TaskInstance: query_statement.mysql_to_hook manual__2024-09-04T09:15:43.220572+00:00 [queued]>
[2024-09-04T09:19:47.517+0000] {taskinstance.py:2076} INFO - Dependencies all met for dep_context=requeueable deps ti=<TaskInstance: query_statement.mysql_to_hook manual__2024-09-04T09:15:43.220572+00:00 [queued]>
[2024-09-04T09:19:47.518+0000] {taskinstance.py:2306} INFO - Starting attempt 3 of 6
[2024-09-04T09:19:47.531+0000] {taskinstance.py:2330} INFO - Executing <Task(PythonOperator): mysql_to_hook> on 2024-09-04 09:15:43.220572+00:00
[2024-09-04T09:19:47.538+0000] {logging_mixin.py:188} WARNING - /home/airflow/.local/lib/python3.12/site-packages/airflow/task/task_runner/standard_task_runner.py:62 DeprecationWarning: This process (pid=934) is multi-threaded, use of fork() may lead to deadlocks in the child.
[2024-09-04T09:19:47.539+0000] {standard_task_runner.py:64} INFO - Started process 936 to run task
[2024-09-04T09:19:47.538+0000] {standard_task_runner.py:90} INFO - Running: ['airflow', 'tasks', 'run', 'query_statement', 'mysql_to_hook', 'manual__2024-09-04T09:15:43.220572+00:00', '--job-id', '92', '--raw', '--subdir', 'DAGS_FOLDER/first_task.py', '--cfg-path', '/tmp/tmp7ziyxwjr']
[2024-09-04T09:19:47.539+0000] {standard_task_runner.py:91} INFO - Job 92: Subtask mysql_to_hook
[2024-09-04T09:19:47.553+0000] {logging_mixin.py:188} WARNING - /home/airflow/.local/lib/python3.12/site-packages/airflow/settings.py:195 DeprecationWarning: The sql_alchemy_conn option in [core] has been moved to the sql_alchemy_conn option in [database] - the old setting has been used, but please update your config.
[2024-09-04T09:19:47.584+0000] {task_command.py:426} INFO - Running <TaskInstance: query_statement.mysql_to_hook manual__2024-09-04T09:15:43.220572+00:00 [running]> on host 82f647023843
[2024-09-04T09:19:47.789+0000] {taskinstance.py:2648} INFO - Exporting env vars: AIRFLOW_CTX_DAG_OWNER='congdat' AIRFLOW_CTX_DAG_ID='query_statement' AIRFLOW_CTX_TASK_ID='mysql_to_hook' AIRFLOW_CTX_EXECUTION_DATE='2024-09-04T09:15:43.220572+00:00' AIRFLOW_CTX_TRY_NUMBER='3' AIRFLOW_CTX_DAG_RUN_ID='manual__2024-09-04T09:15:43.220572+00:00'
[2024-09-04T09:19:47.790+0000] {taskinstance.py:430} INFO - ::endgroup::
[2024-09-04T09:19:47.808+0000] {base.py:84} INFO - Using connection ID 'mysql_default' for task execution.
[2024-09-04T09:19:47.823+0000] {first_task.py:37} INFO - Saved hpg data in text file get_orders.txt
[2024-09-04T09:19:47.824+0000] {python.py:237} INFO - Done. Returned value was: None
[2024-09-04T09:19:47.824+0000] {taskinstance.py:441} INFO - ::group::Post task execution logs
[2024-09-04T09:19:47.834+0000] {taskinstance.py:1206} INFO - Marking task as SUCCESS. dag_id=query_statement, task_id=mysql_to_hook, run_id=manual__2024-09-04T09:15:43.220572+00:00, execution_date=20240904T091543, start_date=20240904T091947, end_date=20240904T091947
[2024-09-04T09:19:47.872+0000] {local_task_job_runner.py:243} INFO - Task exited with return code 0
[2024-09-04T09:19:47.887+0000] {taskinstance.py:3503} INFO - 0 downstream tasks scheduled from follow-on schedule check
[2024-09-04T09:19:47.889+0000] {local_task_job_runner.py:222} INFO - ::endgroup::
