[2024-09-02T17:25:50.542+0000] {local_task_job_runner.py:120} INFO - ::group::Pre task execution logs
[2024-09-02T17:25:50.572+0000] {taskinstance.py:2076} INFO - Dependencies all met for dep_context=non-requeueable deps ti=<TaskInstance: our_first_dag_v5.first_task scheduled__2021-08-17T00:00:00+00:00 [queued]>
[2024-09-02T17:25:50.581+0000] {taskinstance.py:2076} INFO - Dependencies all met for dep_context=requeueable deps ti=<TaskInstance: our_first_dag_v5.first_task scheduled__2021-08-17T00:00:00+00:00 [queued]>
[2024-09-02T17:25:50.582+0000] {taskinstance.py:2306} INFO - Starting attempt 1 of 6
[2024-09-02T17:25:50.618+0000] {taskinstance.py:2330} INFO - Executing <Task(BashOperator): first_task> on 2021-08-17 00:00:00+00:00
[2024-09-02T17:25:50.626+0000] {logging_mixin.py:188} WARNING - /home/airflow/.local/lib/python3.12/site-packages/airflow/task/task_runner/standard_task_runner.py:62 DeprecationWarning: This process (pid=489) is multi-threaded, use of fork() may lead to deadlocks in the child.
[2024-09-02T17:25:50.627+0000] {standard_task_runner.py:64} INFO - Started process 495 to run task
[2024-09-02T17:25:50.626+0000] {standard_task_runner.py:90} INFO - Running: ['airflow', 'tasks', 'run', 'our_first_dag_v5', 'first_task', 'scheduled__2021-08-17T00:00:00+00:00', '--job-id', '53', '--raw', '--subdir', 'DAGS_FOLDER/first_task.py', '--cfg-path', '/tmp/tmpvmvsf4kx']
[2024-09-02T17:25:50.628+0000] {standard_task_runner.py:91} INFO - Job 53: Subtask first_task
[2024-09-02T17:25:50.642+0000] {logging_mixin.py:188} WARNING - /home/airflow/.local/lib/python3.12/site-packages/airflow/settings.py:195 DeprecationWarning: The sql_alchemy_conn option in [core] has been moved to the sql_alchemy_conn option in [database] - the old setting has been used, but please update your config.
[2024-09-02T17:25:50.672+0000] {task_command.py:426} INFO - Running <TaskInstance: our_first_dag_v5.first_task scheduled__2021-08-17T00:00:00+00:00 [running]> on host 40bcffbc6058
[2024-09-02T17:25:50.761+0000] {taskinstance.py:2648} INFO - Exporting env vars: AIRFLOW_CTX_DAG_OWNER='coder2j' AIRFLOW_CTX_DAG_ID='our_first_dag_v5' AIRFLOW_CTX_TASK_ID='first_task' AIRFLOW_CTX_EXECUTION_DATE='2021-08-17T00:00:00+00:00' AIRFLOW_CTX_TRY_NUMBER='1' AIRFLOW_CTX_DAG_RUN_ID='scheduled__2021-08-17T00:00:00+00:00'
[2024-09-02T17:25:50.762+0000] {taskinstance.py:430} INFO - ::endgroup::
[2024-09-02T17:25:50.784+0000] {subprocess.py:63} INFO - Tmp dir root location: /tmp
[2024-09-02T17:25:50.785+0000] {subprocess.py:75} INFO - Running command: ['/usr/bin/bash', '-c', 'echo hello world, this is the first task!']
[2024-09-02T17:25:50.800+0000] {subprocess.py:86} INFO - Output:
[2024-09-02T17:25:50.802+0000] {subprocess.py:93} INFO - hello world, this is the first task!
[2024-09-02T17:25:50.803+0000] {subprocess.py:97} INFO - Command exited with return code 0
[2024-09-02T17:25:50.804+0000] {taskinstance.py:441} INFO - ::group::Post task execution logs
[2024-09-02T17:25:50.833+0000] {taskinstance.py:1206} INFO - Marking task as SUCCESS. dag_id=our_first_dag_v5, task_id=first_task, run_id=scheduled__2021-08-17T00:00:00+00:00, execution_date=20210817T000000, start_date=20240902T172550, end_date=20240902T172550
[2024-09-02T17:25:50.962+0000] {local_task_job_runner.py:243} INFO - Task exited with return code 0
[2024-09-02T17:25:50.993+0000] {taskinstance.py:3503} INFO - 2 downstream tasks scheduled from follow-on schedule check
[2024-09-02T17:25:51.000+0000] {local_task_job_runner.py:222} INFO - ::endgroup::
