[2024-09-04T16:23:55.215+0000] {processor.py:161} INFO - Started process (PID=14857) to work on /opt/airflow/dags/query_task.py
[2024-09-04T16:23:55.216+0000] {processor.py:830} INFO - Processing file /opt/airflow/dags/query_task.py for tasks to queue
[2024-09-04T16:23:55.216+0000] {logging_mixin.py:188} INFO - [2024-09-04T16:23:55.216+0000] {dagbag.py:545} INFO - Filling up the DagBag from /opt/airflow/dags/query_task.py
[2024-09-04T16:23:55.233+0000] {processor.py:840} INFO - DAG(s) 'query_statement' retrieved from /opt/airflow/dags/query_task.py
[2024-09-04T16:23:55.382+0000] {logging_mixin.py:188} INFO - [2024-09-04T16:23:55.382+0000] {dag.py:3089} INFO - Sync 1 DAGs
[2024-09-04T16:23:55.400+0000] {logging_mixin.py:188} INFO - [2024-09-04T16:23:55.399+0000] {dag.py:3947} INFO - Setting next_dagrun for query_statement to 2024-09-04 00:00:00+00:00, run_after=2024-09-05 00:00:00+00:00
[2024-09-04T16:23:55.424+0000] {processor.py:183} INFO - Processing /opt/airflow/dags/query_task.py took 0.214 seconds
[2024-09-04T16:24:05.524+0000] {processor.py:161} INFO - Started process (PID=14868) to work on /opt/airflow/dags/query_task.py
[2024-09-04T16:24:05.525+0000] {processor.py:830} INFO - Processing file /opt/airflow/dags/query_task.py for tasks to queue
[2024-09-04T16:24:05.526+0000] {logging_mixin.py:188} INFO - [2024-09-04T16:24:05.526+0000] {dagbag.py:545} INFO - Filling up the DagBag from /opt/airflow/dags/query_task.py
[2024-09-04T16:24:05.541+0000] {processor.py:840} INFO - DAG(s) 'query_statement' retrieved from /opt/airflow/dags/query_task.py
[2024-09-04T16:24:05.555+0000] {logging_mixin.py:188} INFO - [2024-09-04T16:24:05.555+0000] {dag.py:3089} INFO - Sync 1 DAGs
[2024-09-04T16:24:05.575+0000] {logging_mixin.py:188} INFO - [2024-09-04T16:24:05.575+0000] {dag.py:3947} INFO - Setting next_dagrun for query_statement to 2024-09-04 00:00:00+00:00, run_after=2024-09-05 00:00:00+00:00
[2024-09-04T16:24:05.596+0000] {processor.py:183} INFO - Processing /opt/airflow/dags/query_task.py took 0.076 seconds
[2024-09-04T16:24:15.684+0000] {processor.py:161} INFO - Started process (PID=14879) to work on /opt/airflow/dags/query_task.py
[2024-09-04T16:24:15.685+0000] {processor.py:830} INFO - Processing file /opt/airflow/dags/query_task.py for tasks to queue
[2024-09-04T16:24:15.685+0000] {logging_mixin.py:188} INFO - [2024-09-04T16:24:15.685+0000] {dagbag.py:545} INFO - Filling up the DagBag from /opt/airflow/dags/query_task.py
[2024-09-04T16:24:15.699+0000] {processor.py:840} INFO - DAG(s) 'query_statement' retrieved from /opt/airflow/dags/query_task.py
[2024-09-04T16:24:15.713+0000] {logging_mixin.py:188} INFO - [2024-09-04T16:24:15.713+0000] {dag.py:3089} INFO - Sync 1 DAGs
[2024-09-04T16:24:15.732+0000] {logging_mixin.py:188} INFO - [2024-09-04T16:24:15.731+0000] {dag.py:3947} INFO - Setting next_dagrun for query_statement to 2024-09-04 00:00:00+00:00, run_after=2024-09-05 00:00:00+00:00
[2024-09-04T16:24:15.752+0000] {processor.py:183} INFO - Processing /opt/airflow/dags/query_task.py took 0.072 seconds
[2024-09-04T16:24:25.842+0000] {processor.py:161} INFO - Started process (PID=14890) to work on /opt/airflow/dags/query_task.py
[2024-09-04T16:24:25.842+0000] {processor.py:830} INFO - Processing file /opt/airflow/dags/query_task.py for tasks to queue
[2024-09-04T16:24:25.843+0000] {logging_mixin.py:188} INFO - [2024-09-04T16:24:25.843+0000] {dagbag.py:545} INFO - Filling up the DagBag from /opt/airflow/dags/query_task.py
[2024-09-04T16:24:25.856+0000] {processor.py:840} INFO - DAG(s) 'query_statement' retrieved from /opt/airflow/dags/query_task.py
[2024-09-04T16:24:25.881+0000] {logging_mixin.py:188} INFO - [2024-09-04T16:24:25.880+0000] {dag.py:3089} INFO - Sync 1 DAGs
[2024-09-04T16:24:25.898+0000] {logging_mixin.py:188} INFO - [2024-09-04T16:24:25.898+0000] {dag.py:3947} INFO - Setting next_dagrun for query_statement to 2024-09-04 00:00:00+00:00, run_after=2024-09-05 00:00:00+00:00
[2024-09-04T16:24:25.917+0000] {processor.py:183} INFO - Processing /opt/airflow/dags/query_task.py took 0.079 seconds
[2024-09-04T16:24:36.005+0000] {processor.py:161} INFO - Started process (PID=14901) to work on /opt/airflow/dags/query_task.py
[2024-09-04T16:24:36.005+0000] {processor.py:830} INFO - Processing file /opt/airflow/dags/query_task.py for tasks to queue
[2024-09-04T16:24:36.006+0000] {logging_mixin.py:188} INFO - [2024-09-04T16:24:36.006+0000] {dagbag.py:545} INFO - Filling up the DagBag from /opt/airflow/dags/query_task.py
[2024-09-04T16:24:36.019+0000] {processor.py:840} INFO - DAG(s) 'query_statement' retrieved from /opt/airflow/dags/query_task.py
[2024-09-04T16:24:36.045+0000] {logging_mixin.py:188} INFO - [2024-09-04T16:24:36.044+0000] {dag.py:3089} INFO - Sync 1 DAGs
[2024-09-04T16:24:36.062+0000] {logging_mixin.py:188} INFO - [2024-09-04T16:24:36.062+0000] {dag.py:3947} INFO - Setting next_dagrun for query_statement to 2024-09-04 00:00:00+00:00, run_after=2024-09-05 00:00:00+00:00
[2024-09-04T16:24:36.082+0000] {processor.py:183} INFO - Processing /opt/airflow/dags/query_task.py took 0.081 seconds
[2024-09-04T16:24:46.167+0000] {processor.py:161} INFO - Started process (PID=14912) to work on /opt/airflow/dags/query_task.py
[2024-09-04T16:24:46.168+0000] {processor.py:830} INFO - Processing file /opt/airflow/dags/query_task.py for tasks to queue
[2024-09-04T16:24:46.168+0000] {logging_mixin.py:188} INFO - [2024-09-04T16:24:46.168+0000] {dagbag.py:545} INFO - Filling up the DagBag from /opt/airflow/dags/query_task.py
[2024-09-04T16:24:46.182+0000] {processor.py:840} INFO - DAG(s) 'query_statement' retrieved from /opt/airflow/dags/query_task.py
[2024-09-04T16:24:46.209+0000] {logging_mixin.py:188} INFO - [2024-09-04T16:24:46.208+0000] {dag.py:3089} INFO - Sync 1 DAGs
[2024-09-04T16:24:46.228+0000] {logging_mixin.py:188} INFO - [2024-09-04T16:24:46.227+0000] {dag.py:3947} INFO - Setting next_dagrun for query_statement to 2024-09-04 00:00:00+00:00, run_after=2024-09-05 00:00:00+00:00
[2024-09-04T16:24:46.247+0000] {processor.py:183} INFO - Processing /opt/airflow/dags/query_task.py took 0.085 seconds
[2024-09-04T16:24:56.334+0000] {processor.py:161} INFO - Started process (PID=14923) to work on /opt/airflow/dags/query_task.py
[2024-09-04T16:24:56.335+0000] {processor.py:830} INFO - Processing file /opt/airflow/dags/query_task.py for tasks to queue
[2024-09-04T16:24:56.335+0000] {logging_mixin.py:188} INFO - [2024-09-04T16:24:56.335+0000] {dagbag.py:545} INFO - Filling up the DagBag from /opt/airflow/dags/query_task.py
[2024-09-04T16:24:56.350+0000] {processor.py:840} INFO - DAG(s) 'query_statement' retrieved from /opt/airflow/dags/query_task.py
[2024-09-04T16:24:56.399+0000] {logging_mixin.py:188} INFO - [2024-09-04T16:24:56.399+0000] {dag.py:3089} INFO - Sync 1 DAGs
[2024-09-04T16:24:56.440+0000] {logging_mixin.py:188} INFO - [2024-09-04T16:24:56.439+0000] {dag.py:3947} INFO - Setting next_dagrun for query_statement to 2024-09-04 00:00:00+00:00, run_after=2024-09-05 00:00:00+00:00
[2024-09-04T16:24:56.484+0000] {processor.py:183} INFO - Processing /opt/airflow/dags/query_task.py took 0.155 seconds
[2024-09-04T16:25:06.575+0000] {processor.py:161} INFO - Started process (PID=14934) to work on /opt/airflow/dags/query_task.py
[2024-09-04T16:25:06.576+0000] {processor.py:830} INFO - Processing file /opt/airflow/dags/query_task.py for tasks to queue
[2024-09-04T16:25:06.577+0000] {logging_mixin.py:188} INFO - [2024-09-04T16:25:06.576+0000] {dagbag.py:545} INFO - Filling up the DagBag from /opt/airflow/dags/query_task.py
[2024-09-04T16:25:06.590+0000] {processor.py:840} INFO - DAG(s) 'query_statement' retrieved from /opt/airflow/dags/query_task.py
[2024-09-04T16:25:06.614+0000] {logging_mixin.py:188} INFO - [2024-09-04T16:25:06.614+0000] {dag.py:3089} INFO - Sync 1 DAGs
[2024-09-04T16:25:06.632+0000] {logging_mixin.py:188} INFO - [2024-09-04T16:25:06.632+0000] {dag.py:3947} INFO - Setting next_dagrun for query_statement to 2024-09-04 00:00:00+00:00, run_after=2024-09-05 00:00:00+00:00
[2024-09-04T16:25:06.652+0000] {processor.py:183} INFO - Processing /opt/airflow/dags/query_task.py took 0.081 seconds
[2024-09-04T16:25:16.732+0000] {processor.py:161} INFO - Started process (PID=14943) to work on /opt/airflow/dags/query_task.py
[2024-09-04T16:25:16.733+0000] {processor.py:830} INFO - Processing file /opt/airflow/dags/query_task.py for tasks to queue
[2024-09-04T16:25:16.733+0000] {logging_mixin.py:188} INFO - [2024-09-04T16:25:16.733+0000] {dagbag.py:545} INFO - Filling up the DagBag from /opt/airflow/dags/query_task.py
[2024-09-04T16:25:16.747+0000] {processor.py:840} INFO - DAG(s) 'query_statement' retrieved from /opt/airflow/dags/query_task.py
[2024-09-04T16:25:16.772+0000] {logging_mixin.py:188} INFO - [2024-09-04T16:25:16.772+0000] {dag.py:3089} INFO - Sync 1 DAGs
[2024-09-04T16:25:16.791+0000] {logging_mixin.py:188} INFO - [2024-09-04T16:25:16.791+0000] {dag.py:3947} INFO - Setting next_dagrun for query_statement to 2024-09-04 00:00:00+00:00, run_after=2024-09-05 00:00:00+00:00
[2024-09-04T16:25:16.811+0000] {processor.py:183} INFO - Processing /opt/airflow/dags/query_task.py took 0.083 seconds
[2024-09-04T16:25:26.908+0000] {processor.py:161} INFO - Started process (PID=14950) to work on /opt/airflow/dags/query_task.py
[2024-09-04T16:25:26.909+0000] {processor.py:830} INFO - Processing file /opt/airflow/dags/query_task.py for tasks to queue
[2024-09-04T16:25:26.910+0000] {logging_mixin.py:188} INFO - [2024-09-04T16:25:26.909+0000] {dagbag.py:545} INFO - Filling up the DagBag from /opt/airflow/dags/query_task.py
[2024-09-04T16:25:26.922+0000] {processor.py:840} INFO - DAG(s) 'query_statement' retrieved from /opt/airflow/dags/query_task.py
[2024-09-04T16:25:26.947+0000] {logging_mixin.py:188} INFO - [2024-09-04T16:25:26.947+0000] {dag.py:3089} INFO - Sync 1 DAGs
[2024-09-04T16:25:26.965+0000] {logging_mixin.py:188} INFO - [2024-09-04T16:25:26.965+0000] {dag.py:3947} INFO - Setting next_dagrun for query_statement to 2024-09-04 00:00:00+00:00, run_after=2024-09-05 00:00:00+00:00
[2024-09-04T16:25:26.984+0000] {processor.py:183} INFO - Processing /opt/airflow/dags/query_task.py took 0.080 seconds
[2024-09-04T16:25:37.093+0000] {processor.py:161} INFO - Started process (PID=14961) to work on /opt/airflow/dags/query_task.py
[2024-09-04T16:25:37.094+0000] {processor.py:830} INFO - Processing file /opt/airflow/dags/query_task.py for tasks to queue
[2024-09-04T16:25:37.095+0000] {logging_mixin.py:188} INFO - [2024-09-04T16:25:37.094+0000] {dagbag.py:545} INFO - Filling up the DagBag from /opt/airflow/dags/query_task.py
[2024-09-04T16:25:37.107+0000] {processor.py:840} INFO - DAG(s) 'query_statement' retrieved from /opt/airflow/dags/query_task.py
[2024-09-04T16:25:37.133+0000] {logging_mixin.py:188} INFO - [2024-09-04T16:25:37.133+0000] {dag.py:3089} INFO - Sync 1 DAGs
[2024-09-04T16:25:37.152+0000] {logging_mixin.py:188} INFO - [2024-09-04T16:25:37.152+0000] {dag.py:3947} INFO - Setting next_dagrun for query_statement to 2024-09-04 00:00:00+00:00, run_after=2024-09-05 00:00:00+00:00
[2024-09-04T16:25:37.171+0000] {processor.py:183} INFO - Processing /opt/airflow/dags/query_task.py took 0.082 seconds
[2024-09-04T16:25:47.269+0000] {processor.py:161} INFO - Started process (PID=14972) to work on /opt/airflow/dags/query_task.py
[2024-09-04T16:25:47.270+0000] {processor.py:830} INFO - Processing file /opt/airflow/dags/query_task.py for tasks to queue
[2024-09-04T16:25:47.271+0000] {logging_mixin.py:188} INFO - [2024-09-04T16:25:47.270+0000] {dagbag.py:545} INFO - Filling up the DagBag from /opt/airflow/dags/query_task.py
[2024-09-04T16:25:47.283+0000] {processor.py:840} INFO - DAG(s) 'query_statement' retrieved from /opt/airflow/dags/query_task.py
[2024-09-04T16:25:47.308+0000] {logging_mixin.py:188} INFO - [2024-09-04T16:25:47.308+0000] {dag.py:3089} INFO - Sync 1 DAGs
[2024-09-04T16:25:47.326+0000] {logging_mixin.py:188} INFO - [2024-09-04T16:25:47.326+0000] {dag.py:3947} INFO - Setting next_dagrun for query_statement to 2024-09-04 00:00:00+00:00, run_after=2024-09-05 00:00:00+00:00
[2024-09-04T16:25:47.347+0000] {processor.py:183} INFO - Processing /opt/airflow/dags/query_task.py took 0.081 seconds
[2024-09-04T16:25:57.443+0000] {processor.py:161} INFO - Started process (PID=14983) to work on /opt/airflow/dags/query_task.py
[2024-09-04T16:25:57.443+0000] {processor.py:830} INFO - Processing file /opt/airflow/dags/query_task.py for tasks to queue
[2024-09-04T16:25:57.444+0000] {logging_mixin.py:188} INFO - [2024-09-04T16:25:57.444+0000] {dagbag.py:545} INFO - Filling up the DagBag from /opt/airflow/dags/query_task.py
[2024-09-04T16:25:57.458+0000] {processor.py:840} INFO - DAG(s) 'query_statement' retrieved from /opt/airflow/dags/query_task.py
[2024-09-04T16:25:57.485+0000] {logging_mixin.py:188} INFO - [2024-09-04T16:25:57.485+0000] {dag.py:3089} INFO - Sync 1 DAGs
[2024-09-04T16:25:57.504+0000] {logging_mixin.py:188} INFO - [2024-09-04T16:25:57.503+0000] {dag.py:3947} INFO - Setting next_dagrun for query_statement to 2024-09-04 00:00:00+00:00, run_after=2024-09-05 00:00:00+00:00
[2024-09-04T16:25:57.524+0000] {processor.py:183} INFO - Processing /opt/airflow/dags/query_task.py took 0.086 seconds
[2024-09-04T16:26:07.617+0000] {processor.py:161} INFO - Started process (PID=14994) to work on /opt/airflow/dags/query_task.py
[2024-09-04T16:26:07.618+0000] {processor.py:830} INFO - Processing file /opt/airflow/dags/query_task.py for tasks to queue
[2024-09-04T16:26:07.619+0000] {logging_mixin.py:188} INFO - [2024-09-04T16:26:07.618+0000] {dagbag.py:545} INFO - Filling up the DagBag from /opt/airflow/dags/query_task.py
[2024-09-04T16:26:07.633+0000] {processor.py:840} INFO - DAG(s) 'query_statement' retrieved from /opt/airflow/dags/query_task.py
[2024-09-04T16:26:07.659+0000] {logging_mixin.py:188} INFO - [2024-09-04T16:26:07.659+0000] {dag.py:3089} INFO - Sync 1 DAGs
[2024-09-04T16:26:07.677+0000] {logging_mixin.py:188} INFO - [2024-09-04T16:26:07.677+0000] {dag.py:3947} INFO - Setting next_dagrun for query_statement to 2024-09-04 00:00:00+00:00, run_after=2024-09-05 00:00:00+00:00
[2024-09-04T16:26:07.696+0000] {processor.py:183} INFO - Processing /opt/airflow/dags/query_task.py took 0.083 seconds
[2024-09-04T16:26:17.790+0000] {processor.py:161} INFO - Started process (PID=15005) to work on /opt/airflow/dags/query_task.py
[2024-09-04T16:26:17.790+0000] {processor.py:830} INFO - Processing file /opt/airflow/dags/query_task.py for tasks to queue
[2024-09-04T16:26:17.791+0000] {logging_mixin.py:188} INFO - [2024-09-04T16:26:17.791+0000] {dagbag.py:545} INFO - Filling up the DagBag from /opt/airflow/dags/query_task.py
[2024-09-04T16:26:17.804+0000] {processor.py:840} INFO - DAG(s) 'query_statement' retrieved from /opt/airflow/dags/query_task.py
[2024-09-04T16:26:17.830+0000] {logging_mixin.py:188} INFO - [2024-09-04T16:26:17.829+0000] {dag.py:3089} INFO - Sync 1 DAGs
[2024-09-04T16:26:17.847+0000] {logging_mixin.py:188} INFO - [2024-09-04T16:26:17.847+0000] {dag.py:3947} INFO - Setting next_dagrun for query_statement to 2024-09-04 00:00:00+00:00, run_after=2024-09-05 00:00:00+00:00
[2024-09-04T16:26:17.866+0000] {processor.py:183} INFO - Processing /opt/airflow/dags/query_task.py took 0.080 seconds
[2024-09-04T16:26:27.952+0000] {processor.py:161} INFO - Started process (PID=15016) to work on /opt/airflow/dags/query_task.py
[2024-09-04T16:26:27.952+0000] {processor.py:830} INFO - Processing file /opt/airflow/dags/query_task.py for tasks to queue
[2024-09-04T16:26:27.953+0000] {logging_mixin.py:188} INFO - [2024-09-04T16:26:27.953+0000] {dagbag.py:545} INFO - Filling up the DagBag from /opt/airflow/dags/query_task.py
[2024-09-04T16:26:27.967+0000] {processor.py:840} INFO - DAG(s) 'query_statement' retrieved from /opt/airflow/dags/query_task.py
[2024-09-04T16:26:27.992+0000] {logging_mixin.py:188} INFO - [2024-09-04T16:26:27.992+0000] {dag.py:3089} INFO - Sync 1 DAGs
[2024-09-04T16:26:28.011+0000] {logging_mixin.py:188} INFO - [2024-09-04T16:26:28.011+0000] {dag.py:3947} INFO - Setting next_dagrun for query_statement to 2024-09-04 00:00:00+00:00, run_after=2024-09-05 00:00:00+00:00
[2024-09-04T16:26:28.032+0000] {processor.py:183} INFO - Processing /opt/airflow/dags/query_task.py took 0.085 seconds
[2024-09-04T16:26:38.120+0000] {processor.py:161} INFO - Started process (PID=15027) to work on /opt/airflow/dags/query_task.py
[2024-09-04T16:26:38.121+0000] {processor.py:830} INFO - Processing file /opt/airflow/dags/query_task.py for tasks to queue
[2024-09-04T16:26:38.122+0000] {logging_mixin.py:188} INFO - [2024-09-04T16:26:38.121+0000] {dagbag.py:545} INFO - Filling up the DagBag from /opt/airflow/dags/query_task.py
[2024-09-04T16:26:38.135+0000] {processor.py:840} INFO - DAG(s) 'query_statement' retrieved from /opt/airflow/dags/query_task.py
[2024-09-04T16:26:38.161+0000] {logging_mixin.py:188} INFO - [2024-09-04T16:26:38.161+0000] {dag.py:3089} INFO - Sync 1 DAGs
[2024-09-04T16:26:38.179+0000] {logging_mixin.py:188} INFO - [2024-09-04T16:26:38.179+0000] {dag.py:3947} INFO - Setting next_dagrun for query_statement to 2024-09-04 00:00:00+00:00, run_after=2024-09-05 00:00:00+00:00
[2024-09-04T16:26:38.200+0000] {processor.py:183} INFO - Processing /opt/airflow/dags/query_task.py took 0.084 seconds
[2024-09-04T16:26:48.329+0000] {processor.py:161} INFO - Started process (PID=15038) to work on /opt/airflow/dags/query_task.py
[2024-09-04T16:26:48.331+0000] {processor.py:830} INFO - Processing file /opt/airflow/dags/query_task.py for tasks to queue
[2024-09-04T16:26:48.333+0000] {logging_mixin.py:188} INFO - [2024-09-04T16:26:48.332+0000] {dagbag.py:545} INFO - Filling up the DagBag from /opt/airflow/dags/query_task.py
[2024-09-04T16:26:48.368+0000] {processor.py:840} INFO - DAG(s) 'query_statement' retrieved from /opt/airflow/dags/query_task.py
[2024-09-04T16:26:48.418+0000] {logging_mixin.py:188} INFO - [2024-09-04T16:26:48.418+0000] {dag.py:3089} INFO - Sync 1 DAGs
[2024-09-04T16:26:48.452+0000] {logging_mixin.py:188} INFO - [2024-09-04T16:26:48.452+0000] {dag.py:3947} INFO - Setting next_dagrun for query_statement to 2024-09-04 00:00:00+00:00, run_after=2024-09-05 00:00:00+00:00
[2024-09-04T16:26:48.494+0000] {processor.py:183} INFO - Processing /opt/airflow/dags/query_task.py took 0.175 seconds
[2024-09-04T16:26:58.608+0000] {processor.py:161} INFO - Started process (PID=15049) to work on /opt/airflow/dags/query_task.py
[2024-09-04T16:26:58.609+0000] {processor.py:830} INFO - Processing file /opt/airflow/dags/query_task.py for tasks to queue
[2024-09-04T16:26:58.610+0000] {logging_mixin.py:188} INFO - [2024-09-04T16:26:58.610+0000] {dagbag.py:545} INFO - Filling up the DagBag from /opt/airflow/dags/query_task.py
[2024-09-04T16:26:58.625+0000] {processor.py:840} INFO - DAG(s) 'query_statement' retrieved from /opt/airflow/dags/query_task.py
[2024-09-04T16:26:58.654+0000] {logging_mixin.py:188} INFO - [2024-09-04T16:26:58.654+0000] {dag.py:3089} INFO - Sync 1 DAGs
[2024-09-04T16:26:58.676+0000] {logging_mixin.py:188} INFO - [2024-09-04T16:26:58.676+0000] {dag.py:3947} INFO - Setting next_dagrun for query_statement to 2024-09-04 00:00:00+00:00, run_after=2024-09-05 00:00:00+00:00
[2024-09-04T16:26:58.703+0000] {processor.py:183} INFO - Processing /opt/airflow/dags/query_task.py took 0.100 seconds
[2024-09-04T16:27:08.794+0000] {processor.py:161} INFO - Started process (PID=15060) to work on /opt/airflow/dags/query_task.py
[2024-09-04T16:27:08.795+0000] {processor.py:830} INFO - Processing file /opt/airflow/dags/query_task.py for tasks to queue
[2024-09-04T16:27:08.796+0000] {logging_mixin.py:188} INFO - [2024-09-04T16:27:08.795+0000] {dagbag.py:545} INFO - Filling up the DagBag from /opt/airflow/dags/query_task.py
[2024-09-04T16:27:08.809+0000] {processor.py:840} INFO - DAG(s) 'query_statement' retrieved from /opt/airflow/dags/query_task.py
[2024-09-04T16:27:08.835+0000] {logging_mixin.py:188} INFO - [2024-09-04T16:27:08.835+0000] {dag.py:3089} INFO - Sync 1 DAGs
[2024-09-04T16:27:08.854+0000] {logging_mixin.py:188} INFO - [2024-09-04T16:27:08.854+0000] {dag.py:3947} INFO - Setting next_dagrun for query_statement to 2024-09-04 00:00:00+00:00, run_after=2024-09-05 00:00:00+00:00
[2024-09-04T16:27:08.877+0000] {processor.py:183} INFO - Processing /opt/airflow/dags/query_task.py took 0.087 seconds
[2024-09-04T16:27:18.957+0000] {processor.py:161} INFO - Started process (PID=15069) to work on /opt/airflow/dags/query_task.py
[2024-09-04T16:27:18.958+0000] {processor.py:830} INFO - Processing file /opt/airflow/dags/query_task.py for tasks to queue
[2024-09-04T16:27:18.959+0000] {logging_mixin.py:188} INFO - [2024-09-04T16:27:18.959+0000] {dagbag.py:545} INFO - Filling up the DagBag from /opt/airflow/dags/query_task.py
[2024-09-04T16:27:18.972+0000] {processor.py:840} INFO - DAG(s) 'query_statement' retrieved from /opt/airflow/dags/query_task.py
[2024-09-04T16:27:18.998+0000] {logging_mixin.py:188} INFO - [2024-09-04T16:27:18.997+0000] {dag.py:3089} INFO - Sync 1 DAGs
[2024-09-04T16:27:19.016+0000] {logging_mixin.py:188} INFO - [2024-09-04T16:27:19.016+0000] {dag.py:3947} INFO - Setting next_dagrun for query_statement to 2024-09-04 00:00:00+00:00, run_after=2024-09-05 00:00:00+00:00
[2024-09-04T16:27:19.040+0000] {processor.py:183} INFO - Processing /opt/airflow/dags/query_task.py took 0.086 seconds
[2024-09-04T16:27:29.136+0000] {processor.py:161} INFO - Started process (PID=15076) to work on /opt/airflow/dags/query_task.py
[2024-09-04T16:27:29.137+0000] {processor.py:830} INFO - Processing file /opt/airflow/dags/query_task.py for tasks to queue
[2024-09-04T16:27:29.137+0000] {logging_mixin.py:188} INFO - [2024-09-04T16:27:29.137+0000] {dagbag.py:545} INFO - Filling up the DagBag from /opt/airflow/dags/query_task.py
[2024-09-04T16:27:29.150+0000] {processor.py:840} INFO - DAG(s) 'query_statement' retrieved from /opt/airflow/dags/query_task.py
[2024-09-04T16:27:29.176+0000] {logging_mixin.py:188} INFO - [2024-09-04T16:27:29.176+0000] {dag.py:3089} INFO - Sync 1 DAGs
[2024-09-04T16:27:29.193+0000] {logging_mixin.py:188} INFO - [2024-09-04T16:27:29.193+0000] {dag.py:3947} INFO - Setting next_dagrun for query_statement to 2024-09-04 00:00:00+00:00, run_after=2024-09-05 00:00:00+00:00
[2024-09-04T16:27:29.213+0000] {processor.py:183} INFO - Processing /opt/airflow/dags/query_task.py took 0.082 seconds
[2024-09-04T16:27:39.326+0000] {processor.py:161} INFO - Started process (PID=15087) to work on /opt/airflow/dags/query_task.py
[2024-09-04T16:27:39.327+0000] {processor.py:830} INFO - Processing file /opt/airflow/dags/query_task.py for tasks to queue
[2024-09-04T16:27:39.327+0000] {logging_mixin.py:188} INFO - [2024-09-04T16:27:39.327+0000] {dagbag.py:545} INFO - Filling up the DagBag from /opt/airflow/dags/query_task.py
[2024-09-04T16:27:39.344+0000] {processor.py:840} INFO - DAG(s) 'query_statement' retrieved from /opt/airflow/dags/query_task.py
[2024-09-04T16:27:39.378+0000] {logging_mixin.py:188} INFO - [2024-09-04T16:27:39.377+0000] {dag.py:3089} INFO - Sync 1 DAGs
[2024-09-04T16:27:39.396+0000] {logging_mixin.py:188} INFO - [2024-09-04T16:27:39.396+0000] {dag.py:3947} INFO - Setting next_dagrun for query_statement to 2024-09-04 00:00:00+00:00, run_after=2024-09-05 00:00:00+00:00
[2024-09-04T16:27:39.417+0000] {processor.py:183} INFO - Processing /opt/airflow/dags/query_task.py took 0.099 seconds
[2024-09-04T16:27:49.514+0000] {processor.py:161} INFO - Started process (PID=15098) to work on /opt/airflow/dags/query_task.py
[2024-09-04T16:27:49.514+0000] {processor.py:830} INFO - Processing file /opt/airflow/dags/query_task.py for tasks to queue
[2024-09-04T16:27:49.515+0000] {logging_mixin.py:188} INFO - [2024-09-04T16:27:49.515+0000] {dagbag.py:545} INFO - Filling up the DagBag from /opt/airflow/dags/query_task.py
[2024-09-04T16:27:49.528+0000] {processor.py:840} INFO - DAG(s) 'query_statement' retrieved from /opt/airflow/dags/query_task.py
[2024-09-04T16:27:49.554+0000] {logging_mixin.py:188} INFO - [2024-09-04T16:27:49.554+0000] {dag.py:3089} INFO - Sync 1 DAGs
[2024-09-04T16:27:49.572+0000] {logging_mixin.py:188} INFO - [2024-09-04T16:27:49.572+0000] {dag.py:3947} INFO - Setting next_dagrun for query_statement to 2024-09-04 00:00:00+00:00, run_after=2024-09-05 00:00:00+00:00
[2024-09-04T16:27:49.591+0000] {processor.py:183} INFO - Processing /opt/airflow/dags/query_task.py took 0.082 seconds
[2024-09-04T16:27:59.697+0000] {processor.py:161} INFO - Started process (PID=15109) to work on /opt/airflow/dags/query_task.py
[2024-09-04T16:27:59.698+0000] {processor.py:830} INFO - Processing file /opt/airflow/dags/query_task.py for tasks to queue
[2024-09-04T16:27:59.698+0000] {logging_mixin.py:188} INFO - [2024-09-04T16:27:59.698+0000] {dagbag.py:545} INFO - Filling up the DagBag from /opt/airflow/dags/query_task.py
[2024-09-04T16:27:59.715+0000] {processor.py:840} INFO - DAG(s) 'query_statement' retrieved from /opt/airflow/dags/query_task.py
[2024-09-04T16:27:59.748+0000] {logging_mixin.py:188} INFO - [2024-09-04T16:27:59.748+0000] {dag.py:3089} INFO - Sync 1 DAGs
[2024-09-04T16:27:59.774+0000] {logging_mixin.py:188} INFO - [2024-09-04T16:27:59.774+0000] {dag.py:3947} INFO - Setting next_dagrun for query_statement to 2024-09-04 00:00:00+00:00, run_after=2024-09-05 00:00:00+00:00
[2024-09-04T16:27:59.808+0000] {processor.py:183} INFO - Processing /opt/airflow/dags/query_task.py took 0.117 seconds
[2024-09-04T16:28:09.918+0000] {processor.py:161} INFO - Started process (PID=15120) to work on /opt/airflow/dags/query_task.py
[2024-09-04T16:28:09.919+0000] {processor.py:830} INFO - Processing file /opt/airflow/dags/query_task.py for tasks to queue
[2024-09-04T16:28:09.919+0000] {logging_mixin.py:188} INFO - [2024-09-04T16:28:09.919+0000] {dagbag.py:545} INFO - Filling up the DagBag from /opt/airflow/dags/query_task.py
[2024-09-04T16:28:09.934+0000] {processor.py:840} INFO - DAG(s) 'query_statement' retrieved from /opt/airflow/dags/query_task.py
[2024-09-04T16:28:09.962+0000] {logging_mixin.py:188} INFO - [2024-09-04T16:28:09.961+0000] {dag.py:3089} INFO - Sync 1 DAGs
[2024-09-04T16:28:09.981+0000] {logging_mixin.py:188} INFO - [2024-09-04T16:28:09.981+0000] {dag.py:3947} INFO - Setting next_dagrun for query_statement to 2024-09-04 00:00:00+00:00, run_after=2024-09-05 00:00:00+00:00
[2024-09-04T16:28:10.003+0000] {processor.py:183} INFO - Processing /opt/airflow/dags/query_task.py took 0.090 seconds
[2024-09-04T16:28:20.111+0000] {processor.py:161} INFO - Started process (PID=15131) to work on /opt/airflow/dags/query_task.py
[2024-09-04T16:28:20.112+0000] {processor.py:830} INFO - Processing file /opt/airflow/dags/query_task.py for tasks to queue
[2024-09-04T16:28:20.114+0000] {logging_mixin.py:188} INFO - [2024-09-04T16:28:20.113+0000] {dagbag.py:545} INFO - Filling up the DagBag from /opt/airflow/dags/query_task.py
[2024-09-04T16:28:20.136+0000] {processor.py:840} INFO - DAG(s) 'query_statement' retrieved from /opt/airflow/dags/query_task.py
[2024-09-04T16:28:20.179+0000] {logging_mixin.py:188} INFO - [2024-09-04T16:28:20.179+0000] {dag.py:3089} INFO - Sync 1 DAGs
[2024-09-04T16:28:20.210+0000] {logging_mixin.py:188} INFO - [2024-09-04T16:28:20.210+0000] {dag.py:3947} INFO - Setting next_dagrun for query_statement to 2024-09-04 00:00:00+00:00, run_after=2024-09-05 00:00:00+00:00
[2024-09-04T16:28:20.245+0000] {processor.py:183} INFO - Processing /opt/airflow/dags/query_task.py took 0.140 seconds
[2024-09-04T16:28:30.358+0000] {processor.py:161} INFO - Started process (PID=15142) to work on /opt/airflow/dags/query_task.py
[2024-09-04T16:28:30.358+0000] {processor.py:830} INFO - Processing file /opt/airflow/dags/query_task.py for tasks to queue
[2024-09-04T16:28:30.359+0000] {logging_mixin.py:188} INFO - [2024-09-04T16:28:30.359+0000] {dagbag.py:545} INFO - Filling up the DagBag from /opt/airflow/dags/query_task.py
[2024-09-04T16:28:30.372+0000] {processor.py:840} INFO - DAG(s) 'query_statement' retrieved from /opt/airflow/dags/query_task.py
[2024-09-04T16:28:30.398+0000] {logging_mixin.py:188} INFO - [2024-09-04T16:28:30.397+0000] {dag.py:3089} INFO - Sync 1 DAGs
[2024-09-04T16:28:30.415+0000] {logging_mixin.py:188} INFO - [2024-09-04T16:28:30.415+0000] {dag.py:3947} INFO - Setting next_dagrun for query_statement to 2024-09-04 00:00:00+00:00, run_after=2024-09-05 00:00:00+00:00
[2024-09-04T16:28:30.435+0000] {processor.py:183} INFO - Processing /opt/airflow/dags/query_task.py took 0.082 seconds
[2024-09-04T16:28:40.536+0000] {processor.py:161} INFO - Started process (PID=15153) to work on /opt/airflow/dags/query_task.py
[2024-09-04T16:28:40.537+0000] {processor.py:830} INFO - Processing file /opt/airflow/dags/query_task.py for tasks to queue
[2024-09-04T16:28:40.538+0000] {logging_mixin.py:188} INFO - [2024-09-04T16:28:40.538+0000] {dagbag.py:545} INFO - Filling up the DagBag from /opt/airflow/dags/query_task.py
[2024-09-04T16:28:40.555+0000] {processor.py:840} INFO - DAG(s) 'query_statement' retrieved from /opt/airflow/dags/query_task.py
[2024-09-04T16:28:40.582+0000] {logging_mixin.py:188} INFO - [2024-09-04T16:28:40.582+0000] {dag.py:3089} INFO - Sync 1 DAGs
[2024-09-04T16:28:40.601+0000] {logging_mixin.py:188} INFO - [2024-09-04T16:28:40.601+0000] {dag.py:3947} INFO - Setting next_dagrun for query_statement to 2024-09-04 00:00:00+00:00, run_after=2024-09-05 00:00:00+00:00
[2024-09-04T16:28:40.626+0000] {processor.py:183} INFO - Processing /opt/airflow/dags/query_task.py took 0.095 seconds
[2024-09-04T16:28:50.738+0000] {processor.py:161} INFO - Started process (PID=15164) to work on /opt/airflow/dags/query_task.py
[2024-09-04T16:28:50.739+0000] {processor.py:830} INFO - Processing file /opt/airflow/dags/query_task.py for tasks to queue
[2024-09-04T16:28:50.740+0000] {logging_mixin.py:188} INFO - [2024-09-04T16:28:50.740+0000] {dagbag.py:545} INFO - Filling up the DagBag from /opt/airflow/dags/query_task.py
[2024-09-04T16:28:50.755+0000] {processor.py:840} INFO - DAG(s) 'query_statement' retrieved from /opt/airflow/dags/query_task.py
[2024-09-04T16:28:50.785+0000] {logging_mixin.py:188} INFO - [2024-09-04T16:28:50.785+0000] {dag.py:3089} INFO - Sync 1 DAGs
[2024-09-04T16:28:50.806+0000] {logging_mixin.py:188} INFO - [2024-09-04T16:28:50.806+0000] {dag.py:3947} INFO - Setting next_dagrun for query_statement to 2024-09-04 00:00:00+00:00, run_after=2024-09-05 00:00:00+00:00
[2024-09-04T16:28:50.830+0000] {processor.py:183} INFO - Processing /opt/airflow/dags/query_task.py took 0.096 seconds
[2024-09-04T16:29:00.934+0000] {processor.py:161} INFO - Started process (PID=15175) to work on /opt/airflow/dags/query_task.py
[2024-09-04T16:29:00.935+0000] {processor.py:830} INFO - Processing file /opt/airflow/dags/query_task.py for tasks to queue
[2024-09-04T16:29:00.936+0000] {logging_mixin.py:188} INFO - [2024-09-04T16:29:00.936+0000] {dagbag.py:545} INFO - Filling up the DagBag from /opt/airflow/dags/query_task.py
[2024-09-04T16:29:00.953+0000] {processor.py:840} INFO - DAG(s) 'query_statement' retrieved from /opt/airflow/dags/query_task.py
[2024-09-04T16:29:00.983+0000] {logging_mixin.py:188} INFO - [2024-09-04T16:29:00.982+0000] {dag.py:3089} INFO - Sync 1 DAGs
[2024-09-04T16:29:01.007+0000] {logging_mixin.py:188} INFO - [2024-09-04T16:29:01.006+0000] {dag.py:3947} INFO - Setting next_dagrun for query_statement to 2024-09-04 00:00:00+00:00, run_after=2024-09-05 00:00:00+00:00
[2024-09-04T16:29:01.036+0000] {processor.py:183} INFO - Processing /opt/airflow/dags/query_task.py took 0.107 seconds
[2024-09-04T16:29:11.130+0000] {processor.py:161} INFO - Started process (PID=15186) to work on /opt/airflow/dags/query_task.py
[2024-09-04T16:29:11.130+0000] {processor.py:830} INFO - Processing file /opt/airflow/dags/query_task.py for tasks to queue
[2024-09-04T16:29:11.131+0000] {logging_mixin.py:188} INFO - [2024-09-04T16:29:11.131+0000] {dagbag.py:545} INFO - Filling up the DagBag from /opt/airflow/dags/query_task.py
[2024-09-04T16:29:11.144+0000] {processor.py:840} INFO - DAG(s) 'query_statement' retrieved from /opt/airflow/dags/query_task.py
[2024-09-04T16:29:11.169+0000] {logging_mixin.py:188} INFO - [2024-09-04T16:29:11.169+0000] {dag.py:3089} INFO - Sync 1 DAGs
[2024-09-04T16:29:11.187+0000] {logging_mixin.py:188} INFO - [2024-09-04T16:29:11.187+0000] {dag.py:3947} INFO - Setting next_dagrun for query_statement to 2024-09-04 00:00:00+00:00, run_after=2024-09-05 00:00:00+00:00
[2024-09-04T16:29:11.207+0000] {processor.py:183} INFO - Processing /opt/airflow/dags/query_task.py took 0.082 seconds
[2024-09-04T16:29:21.292+0000] {processor.py:161} INFO - Started process (PID=15197) to work on /opt/airflow/dags/query_task.py
[2024-09-04T16:29:21.292+0000] {processor.py:830} INFO - Processing file /opt/airflow/dags/query_task.py for tasks to queue
[2024-09-04T16:29:21.293+0000] {logging_mixin.py:188} INFO - [2024-09-04T16:29:21.293+0000] {dagbag.py:545} INFO - Filling up the DagBag from /opt/airflow/dags/query_task.py
[2024-09-04T16:29:21.307+0000] {processor.py:840} INFO - DAG(s) 'query_statement' retrieved from /opt/airflow/dags/query_task.py
[2024-09-04T16:29:21.331+0000] {logging_mixin.py:188} INFO - [2024-09-04T16:29:21.331+0000] {dag.py:3089} INFO - Sync 1 DAGs
[2024-09-04T16:29:21.349+0000] {logging_mixin.py:188} INFO - [2024-09-04T16:29:21.349+0000] {dag.py:3947} INFO - Setting next_dagrun for query_statement to 2024-09-04 00:00:00+00:00, run_after=2024-09-05 00:00:00+00:00
[2024-09-04T16:29:21.369+0000] {processor.py:183} INFO - Processing /opt/airflow/dags/query_task.py took 0.081 seconds
[2024-09-04T16:29:31.450+0000] {processor.py:161} INFO - Started process (PID=15206) to work on /opt/airflow/dags/query_task.py
[2024-09-04T16:29:31.451+0000] {processor.py:830} INFO - Processing file /opt/airflow/dags/query_task.py for tasks to queue
[2024-09-04T16:29:31.452+0000] {logging_mixin.py:188} INFO - [2024-09-04T16:29:31.452+0000] {dagbag.py:545} INFO - Filling up the DagBag from /opt/airflow/dags/query_task.py
[2024-09-04T16:29:31.466+0000] {processor.py:840} INFO - DAG(s) 'query_statement' retrieved from /opt/airflow/dags/query_task.py
[2024-09-04T16:29:31.493+0000] {logging_mixin.py:188} INFO - [2024-09-04T16:29:31.492+0000] {dag.py:3089} INFO - Sync 1 DAGs
[2024-09-04T16:29:31.512+0000] {logging_mixin.py:188} INFO - [2024-09-04T16:29:31.512+0000] {dag.py:3947} INFO - Setting next_dagrun for query_statement to 2024-09-04 00:00:00+00:00, run_after=2024-09-05 00:00:00+00:00
[2024-09-04T16:29:31.535+0000] {processor.py:183} INFO - Processing /opt/airflow/dags/query_task.py took 0.090 seconds
[2024-09-04T16:29:41.631+0000] {processor.py:161} INFO - Started process (PID=15213) to work on /opt/airflow/dags/query_task.py
[2024-09-04T16:29:41.632+0000] {processor.py:830} INFO - Processing file /opt/airflow/dags/query_task.py for tasks to queue
[2024-09-04T16:29:41.633+0000] {logging_mixin.py:188} INFO - [2024-09-04T16:29:41.633+0000] {dagbag.py:545} INFO - Filling up the DagBag from /opt/airflow/dags/query_task.py
[2024-09-04T16:29:41.645+0000] {processor.py:840} INFO - DAG(s) 'query_statement' retrieved from /opt/airflow/dags/query_task.py
[2024-09-04T16:29:41.671+0000] {logging_mixin.py:188} INFO - [2024-09-04T16:29:41.671+0000] {dag.py:3089} INFO - Sync 1 DAGs
[2024-09-04T16:29:41.689+0000] {logging_mixin.py:188} INFO - [2024-09-04T16:29:41.689+0000] {dag.py:3947} INFO - Setting next_dagrun for query_statement to 2024-09-04 00:00:00+00:00, run_after=2024-09-05 00:00:00+00:00
[2024-09-04T16:29:41.716+0000] {processor.py:183} INFO - Processing /opt/airflow/dags/query_task.py took 0.089 seconds
[2024-09-04T16:29:51.818+0000] {processor.py:161} INFO - Started process (PID=15224) to work on /opt/airflow/dags/query_task.py
[2024-09-04T16:29:51.819+0000] {processor.py:830} INFO - Processing file /opt/airflow/dags/query_task.py for tasks to queue
[2024-09-04T16:29:51.820+0000] {logging_mixin.py:188} INFO - [2024-09-04T16:29:51.819+0000] {dagbag.py:545} INFO - Filling up the DagBag from /opt/airflow/dags/query_task.py
[2024-09-04T16:29:51.833+0000] {processor.py:840} INFO - DAG(s) 'query_statement' retrieved from /opt/airflow/dags/query_task.py
[2024-09-04T16:29:51.860+0000] {logging_mixin.py:188} INFO - [2024-09-04T16:29:51.860+0000] {dag.py:3089} INFO - Sync 1 DAGs
[2024-09-04T16:29:51.879+0000] {logging_mixin.py:188} INFO - [2024-09-04T16:29:51.879+0000] {dag.py:3947} INFO - Setting next_dagrun for query_statement to 2024-09-04 00:00:00+00:00, run_after=2024-09-05 00:00:00+00:00
[2024-09-04T16:29:51.902+0000] {processor.py:183} INFO - Processing /opt/airflow/dags/query_task.py took 0.088 seconds
[2024-09-04T16:30:02.004+0000] {processor.py:161} INFO - Started process (PID=15235) to work on /opt/airflow/dags/query_task.py
[2024-09-04T16:30:02.005+0000] {processor.py:830} INFO - Processing file /opt/airflow/dags/query_task.py for tasks to queue
[2024-09-04T16:30:02.006+0000] {logging_mixin.py:188} INFO - [2024-09-04T16:30:02.005+0000] {dagbag.py:545} INFO - Filling up the DagBag from /opt/airflow/dags/query_task.py
[2024-09-04T16:30:02.021+0000] {processor.py:840} INFO - DAG(s) 'query_statement' retrieved from /opt/airflow/dags/query_task.py
[2024-09-04T16:30:02.056+0000] {logging_mixin.py:188} INFO - [2024-09-04T16:30:02.055+0000] {dag.py:3089} INFO - Sync 1 DAGs
[2024-09-04T16:30:02.087+0000] {logging_mixin.py:188} INFO - [2024-09-04T16:30:02.087+0000] {dag.py:3947} INFO - Setting next_dagrun for query_statement to 2024-09-04 00:00:00+00:00, run_after=2024-09-05 00:00:00+00:00
[2024-09-04T16:30:02.126+0000] {processor.py:183} INFO - Processing /opt/airflow/dags/query_task.py took 0.128 seconds
[2024-09-04T16:30:12.236+0000] {processor.py:161} INFO - Started process (PID=15246) to work on /opt/airflow/dags/query_task.py
[2024-09-04T16:30:12.237+0000] {processor.py:830} INFO - Processing file /opt/airflow/dags/query_task.py for tasks to queue
[2024-09-04T16:30:12.238+0000] {logging_mixin.py:188} INFO - [2024-09-04T16:30:12.237+0000] {dagbag.py:545} INFO - Filling up the DagBag from /opt/airflow/dags/query_task.py
[2024-09-04T16:30:12.253+0000] {processor.py:840} INFO - DAG(s) 'query_statement' retrieved from /opt/airflow/dags/query_task.py
[2024-09-04T16:30:12.283+0000] {logging_mixin.py:188} INFO - [2024-09-04T16:30:12.283+0000] {dag.py:3089} INFO - Sync 1 DAGs
[2024-09-04T16:30:12.309+0000] {logging_mixin.py:188} INFO - [2024-09-04T16:30:12.309+0000] {dag.py:3947} INFO - Setting next_dagrun for query_statement to 2024-09-04 00:00:00+00:00, run_after=2024-09-05 00:00:00+00:00
[2024-09-04T16:30:12.336+0000] {processor.py:183} INFO - Processing /opt/airflow/dags/query_task.py took 0.105 seconds
[2024-09-04T16:30:22.432+0000] {processor.py:161} INFO - Started process (PID=15257) to work on /opt/airflow/dags/query_task.py
[2024-09-04T16:30:22.433+0000] {processor.py:830} INFO - Processing file /opt/airflow/dags/query_task.py for tasks to queue
[2024-09-04T16:30:22.433+0000] {logging_mixin.py:188} INFO - [2024-09-04T16:30:22.433+0000] {dagbag.py:545} INFO - Filling up the DagBag from /opt/airflow/dags/query_task.py
[2024-09-04T16:30:22.448+0000] {processor.py:840} INFO - DAG(s) 'query_statement' retrieved from /opt/airflow/dags/query_task.py
[2024-09-04T16:30:22.475+0000] {logging_mixin.py:188} INFO - [2024-09-04T16:30:22.475+0000] {dag.py:3089} INFO - Sync 1 DAGs
[2024-09-04T16:30:22.494+0000] {logging_mixin.py:188} INFO - [2024-09-04T16:30:22.494+0000] {dag.py:3947} INFO - Setting next_dagrun for query_statement to 2024-09-04 00:00:00+00:00, run_after=2024-09-05 00:00:00+00:00
[2024-09-04T16:30:22.517+0000] {processor.py:183} INFO - Processing /opt/airflow/dags/query_task.py took 0.090 seconds
[2024-09-04T16:30:32.611+0000] {processor.py:161} INFO - Started process (PID=15268) to work on /opt/airflow/dags/query_task.py
[2024-09-04T16:30:32.611+0000] {processor.py:830} INFO - Processing file /opt/airflow/dags/query_task.py for tasks to queue
[2024-09-04T16:30:32.612+0000] {logging_mixin.py:188} INFO - [2024-09-04T16:30:32.612+0000] {dagbag.py:545} INFO - Filling up the DagBag from /opt/airflow/dags/query_task.py
[2024-09-04T16:30:32.626+0000] {processor.py:840} INFO - DAG(s) 'query_statement' retrieved from /opt/airflow/dags/query_task.py
[2024-09-04T16:30:32.652+0000] {logging_mixin.py:188} INFO - [2024-09-04T16:30:32.652+0000] {dag.py:3089} INFO - Sync 1 DAGs
[2024-09-04T16:30:32.670+0000] {logging_mixin.py:188} INFO - [2024-09-04T16:30:32.670+0000] {dag.py:3947} INFO - Setting next_dagrun for query_statement to 2024-09-04 00:00:00+00:00, run_after=2024-09-05 00:00:00+00:00
[2024-09-04T16:30:32.691+0000] {processor.py:183} INFO - Processing /opt/airflow/dags/query_task.py took 0.086 seconds
[2024-09-04T16:30:42.782+0000] {processor.py:161} INFO - Started process (PID=15279) to work on /opt/airflow/dags/query_task.py
[2024-09-04T16:30:42.783+0000] {processor.py:830} INFO - Processing file /opt/airflow/dags/query_task.py for tasks to queue
[2024-09-04T16:30:42.784+0000] {logging_mixin.py:188} INFO - [2024-09-04T16:30:42.784+0000] {dagbag.py:545} INFO - Filling up the DagBag from /opt/airflow/dags/query_task.py
[2024-09-04T16:30:42.799+0000] {processor.py:840} INFO - DAG(s) 'query_statement' retrieved from /opt/airflow/dags/query_task.py
[2024-09-04T16:30:42.828+0000] {logging_mixin.py:188} INFO - [2024-09-04T16:30:42.828+0000] {dag.py:3089} INFO - Sync 1 DAGs
[2024-09-04T16:30:42.850+0000] {logging_mixin.py:188} INFO - [2024-09-04T16:30:42.850+0000] {dag.py:3947} INFO - Setting next_dagrun for query_statement to 2024-09-04 00:00:00+00:00, run_after=2024-09-05 00:00:00+00:00
[2024-09-04T16:30:42.875+0000] {processor.py:183} INFO - Processing /opt/airflow/dags/query_task.py took 0.097 seconds
[2024-09-04T16:30:52.965+0000] {processor.py:161} INFO - Started process (PID=15290) to work on /opt/airflow/dags/query_task.py
[2024-09-04T16:30:52.966+0000] {processor.py:830} INFO - Processing file /opt/airflow/dags/query_task.py for tasks to queue
[2024-09-04T16:30:52.967+0000] {logging_mixin.py:188} INFO - [2024-09-04T16:30:52.967+0000] {dagbag.py:545} INFO - Filling up the DagBag from /opt/airflow/dags/query_task.py
[2024-09-04T16:30:52.982+0000] {processor.py:840} INFO - DAG(s) 'query_statement' retrieved from /opt/airflow/dags/query_task.py
[2024-09-04T16:30:53.010+0000] {logging_mixin.py:188} INFO - [2024-09-04T16:30:53.009+0000] {dag.py:3089} INFO - Sync 1 DAGs
[2024-09-04T16:30:53.029+0000] {logging_mixin.py:188} INFO - [2024-09-04T16:30:53.029+0000] {dag.py:3947} INFO - Setting next_dagrun for query_statement to 2024-09-04 00:00:00+00:00, run_after=2024-09-05 00:00:00+00:00
[2024-09-04T16:30:53.053+0000] {processor.py:183} INFO - Processing /opt/airflow/dags/query_task.py took 0.093 seconds
[2024-09-04T16:31:03.144+0000] {processor.py:161} INFO - Started process (PID=15301) to work on /opt/airflow/dags/query_task.py
[2024-09-04T16:31:03.145+0000] {processor.py:830} INFO - Processing file /opt/airflow/dags/query_task.py for tasks to queue
[2024-09-04T16:31:03.146+0000] {logging_mixin.py:188} INFO - [2024-09-04T16:31:03.146+0000] {dagbag.py:545} INFO - Filling up the DagBag from /opt/airflow/dags/query_task.py
[2024-09-04T16:31:03.159+0000] {processor.py:840} INFO - DAG(s) 'query_statement' retrieved from /opt/airflow/dags/query_task.py
[2024-09-04T16:31:03.184+0000] {logging_mixin.py:188} INFO - [2024-09-04T16:31:03.184+0000] {dag.py:3089} INFO - Sync 1 DAGs
[2024-09-04T16:31:03.202+0000] {logging_mixin.py:188} INFO - [2024-09-04T16:31:03.202+0000] {dag.py:3947} INFO - Setting next_dagrun for query_statement to 2024-09-04 00:00:00+00:00, run_after=2024-09-05 00:00:00+00:00
[2024-09-04T16:31:03.221+0000] {processor.py:183} INFO - Processing /opt/airflow/dags/query_task.py took 0.082 seconds
[2024-09-04T16:31:13.308+0000] {processor.py:161} INFO - Started process (PID=15312) to work on /opt/airflow/dags/query_task.py
[2024-09-04T16:31:13.309+0000] {processor.py:830} INFO - Processing file /opt/airflow/dags/query_task.py for tasks to queue
[2024-09-04T16:31:13.309+0000] {logging_mixin.py:188} INFO - [2024-09-04T16:31:13.309+0000] {dagbag.py:545} INFO - Filling up the DagBag from /opt/airflow/dags/query_task.py
[2024-09-04T16:31:13.322+0000] {processor.py:840} INFO - DAG(s) 'query_statement' retrieved from /opt/airflow/dags/query_task.py
[2024-09-04T16:31:13.347+0000] {logging_mixin.py:188} INFO - [2024-09-04T16:31:13.346+0000] {dag.py:3089} INFO - Sync 1 DAGs
[2024-09-04T16:31:13.364+0000] {logging_mixin.py:188} INFO - [2024-09-04T16:31:13.364+0000] {dag.py:3947} INFO - Setting next_dagrun for query_statement to 2024-09-04 00:00:00+00:00, run_after=2024-09-05 00:00:00+00:00
[2024-09-04T16:31:13.383+0000] {processor.py:183} INFO - Processing /opt/airflow/dags/query_task.py took 0.079 seconds
[2024-09-04T16:31:23.477+0000] {processor.py:161} INFO - Started process (PID=15323) to work on /opt/airflow/dags/query_task.py
[2024-09-04T16:31:23.478+0000] {processor.py:830} INFO - Processing file /opt/airflow/dags/query_task.py for tasks to queue
[2024-09-04T16:31:23.479+0000] {logging_mixin.py:188} INFO - [2024-09-04T16:31:23.479+0000] {dagbag.py:545} INFO - Filling up the DagBag from /opt/airflow/dags/query_task.py
[2024-09-04T16:31:23.493+0000] {processor.py:840} INFO - DAG(s) 'query_statement' retrieved from /opt/airflow/dags/query_task.py
[2024-09-04T16:31:23.522+0000] {logging_mixin.py:188} INFO - [2024-09-04T16:31:23.522+0000] {dag.py:3089} INFO - Sync 1 DAGs
[2024-09-04T16:31:23.542+0000] {logging_mixin.py:188} INFO - [2024-09-04T16:31:23.542+0000] {dag.py:3947} INFO - Setting next_dagrun for query_statement to 2024-09-04 00:00:00+00:00, run_after=2024-09-05 00:00:00+00:00
[2024-09-04T16:31:23.564+0000] {processor.py:183} INFO - Processing /opt/airflow/dags/query_task.py took 0.091 seconds
[2024-09-04T16:31:33.647+0000] {processor.py:161} INFO - Started process (PID=15332) to work on /opt/airflow/dags/query_task.py
[2024-09-04T16:31:33.648+0000] {processor.py:830} INFO - Processing file /opt/airflow/dags/query_task.py for tasks to queue
[2024-09-04T16:31:33.649+0000] {logging_mixin.py:188} INFO - [2024-09-04T16:31:33.648+0000] {dagbag.py:545} INFO - Filling up the DagBag from /opt/airflow/dags/query_task.py
[2024-09-04T16:31:33.663+0000] {processor.py:840} INFO - DAG(s) 'query_statement' retrieved from /opt/airflow/dags/query_task.py
[2024-09-04T16:31:33.689+0000] {logging_mixin.py:188} INFO - [2024-09-04T16:31:33.689+0000] {dag.py:3089} INFO - Sync 1 DAGs
[2024-09-04T16:31:33.712+0000] {logging_mixin.py:188} INFO - [2024-09-04T16:31:33.712+0000] {dag.py:3947} INFO - Setting next_dagrun for query_statement to 2024-09-04 00:00:00+00:00, run_after=2024-09-05 00:00:00+00:00
[2024-09-04T16:31:33.737+0000] {processor.py:183} INFO - Processing /opt/airflow/dags/query_task.py took 0.094 seconds
[2024-09-04T16:31:43.832+0000] {processor.py:161} INFO - Started process (PID=15339) to work on /opt/airflow/dags/query_task.py
[2024-09-04T16:31:43.833+0000] {processor.py:830} INFO - Processing file /opt/airflow/dags/query_task.py for tasks to queue
[2024-09-04T16:31:43.834+0000] {logging_mixin.py:188} INFO - [2024-09-04T16:31:43.833+0000] {dagbag.py:545} INFO - Filling up the DagBag from /opt/airflow/dags/query_task.py
[2024-09-04T16:31:43.848+0000] {processor.py:840} INFO - DAG(s) 'query_statement' retrieved from /opt/airflow/dags/query_task.py
[2024-09-04T16:31:43.873+0000] {logging_mixin.py:188} INFO - [2024-09-04T16:31:43.873+0000] {dag.py:3089} INFO - Sync 1 DAGs
[2024-09-04T16:31:43.890+0000] {logging_mixin.py:188} INFO - [2024-09-04T16:31:43.890+0000] {dag.py:3947} INFO - Setting next_dagrun for query_statement to 2024-09-04 00:00:00+00:00, run_after=2024-09-05 00:00:00+00:00
[2024-09-04T16:31:43.910+0000] {processor.py:183} INFO - Processing /opt/airflow/dags/query_task.py took 0.083 seconds
[2024-09-04T16:31:54.008+0000] {processor.py:161} INFO - Started process (PID=15350) to work on /opt/airflow/dags/query_task.py
[2024-09-04T16:31:54.009+0000] {processor.py:830} INFO - Processing file /opt/airflow/dags/query_task.py for tasks to queue
[2024-09-04T16:31:54.010+0000] {logging_mixin.py:188} INFO - [2024-09-04T16:31:54.010+0000] {dagbag.py:545} INFO - Filling up the DagBag from /opt/airflow/dags/query_task.py
[2024-09-04T16:31:54.023+0000] {processor.py:840} INFO - DAG(s) 'query_statement' retrieved from /opt/airflow/dags/query_task.py
[2024-09-04T16:31:54.049+0000] {logging_mixin.py:188} INFO - [2024-09-04T16:31:54.048+0000] {dag.py:3089} INFO - Sync 1 DAGs
[2024-09-04T16:31:54.066+0000] {logging_mixin.py:188} INFO - [2024-09-04T16:31:54.066+0000] {dag.py:3947} INFO - Setting next_dagrun for query_statement to 2024-09-04 00:00:00+00:00, run_after=2024-09-05 00:00:00+00:00
[2024-09-04T16:31:54.087+0000] {processor.py:183} INFO - Processing /opt/airflow/dags/query_task.py took 0.083 seconds
[2024-09-04T16:32:04.187+0000] {processor.py:161} INFO - Started process (PID=15361) to work on /opt/airflow/dags/query_task.py
[2024-09-04T16:32:04.189+0000] {processor.py:830} INFO - Processing file /opt/airflow/dags/query_task.py for tasks to queue
[2024-09-04T16:32:04.190+0000] {logging_mixin.py:188} INFO - [2024-09-04T16:32:04.189+0000] {dagbag.py:545} INFO - Filling up the DagBag from /opt/airflow/dags/query_task.py
[2024-09-04T16:32:04.206+0000] {processor.py:840} INFO - DAG(s) 'query_statement' retrieved from /opt/airflow/dags/query_task.py
[2024-09-04T16:32:04.235+0000] {logging_mixin.py:188} INFO - [2024-09-04T16:32:04.235+0000] {dag.py:3089} INFO - Sync 1 DAGs
[2024-09-04T16:32:04.254+0000] {logging_mixin.py:188} INFO - [2024-09-04T16:32:04.254+0000] {dag.py:3947} INFO - Setting next_dagrun for query_statement to 2024-09-04 00:00:00+00:00, run_after=2024-09-05 00:00:00+00:00
[2024-09-04T16:32:04.273+0000] {processor.py:183} INFO - Processing /opt/airflow/dags/query_task.py took 0.091 seconds
[2024-09-04T16:32:14.371+0000] {processor.py:161} INFO - Started process (PID=15372) to work on /opt/airflow/dags/query_task.py
[2024-09-04T16:32:14.372+0000] {processor.py:830} INFO - Processing file /opt/airflow/dags/query_task.py for tasks to queue
[2024-09-04T16:32:14.373+0000] {logging_mixin.py:188} INFO - [2024-09-04T16:32:14.373+0000] {dagbag.py:545} INFO - Filling up the DagBag from /opt/airflow/dags/query_task.py
[2024-09-04T16:32:14.391+0000] {processor.py:840} INFO - DAG(s) 'query_statement' retrieved from /opt/airflow/dags/query_task.py
[2024-09-04T16:32:14.433+0000] {logging_mixin.py:188} INFO - [2024-09-04T16:32:14.433+0000] {dag.py:3089} INFO - Sync 1 DAGs
[2024-09-04T16:32:14.458+0000] {logging_mixin.py:188} INFO - [2024-09-04T16:32:14.458+0000] {dag.py:3947} INFO - Setting next_dagrun for query_statement to 2024-09-04 00:00:00+00:00, run_after=2024-09-05 00:00:00+00:00
[2024-09-04T16:32:14.482+0000] {processor.py:183} INFO - Processing /opt/airflow/dags/query_task.py took 0.116 seconds
[2024-09-04T16:32:24.576+0000] {processor.py:161} INFO - Started process (PID=15383) to work on /opt/airflow/dags/query_task.py
[2024-09-04T16:32:24.577+0000] {processor.py:830} INFO - Processing file /opt/airflow/dags/query_task.py for tasks to queue
[2024-09-04T16:32:24.578+0000] {logging_mixin.py:188} INFO - [2024-09-04T16:32:24.577+0000] {dagbag.py:545} INFO - Filling up the DagBag from /opt/airflow/dags/query_task.py
[2024-09-04T16:32:24.592+0000] {processor.py:840} INFO - DAG(s) 'query_statement' retrieved from /opt/airflow/dags/query_task.py
[2024-09-04T16:32:24.620+0000] {logging_mixin.py:188} INFO - [2024-09-04T16:32:24.619+0000] {dag.py:3089} INFO - Sync 1 DAGs
[2024-09-04T16:32:24.641+0000] {logging_mixin.py:188} INFO - [2024-09-04T16:32:24.641+0000] {dag.py:3947} INFO - Setting next_dagrun for query_statement to 2024-09-04 00:00:00+00:00, run_after=2024-09-05 00:00:00+00:00
[2024-09-04T16:32:24.662+0000] {processor.py:183} INFO - Processing /opt/airflow/dags/query_task.py took 0.090 seconds
[2024-09-04T16:32:34.755+0000] {processor.py:161} INFO - Started process (PID=15394) to work on /opt/airflow/dags/query_task.py
[2024-09-04T16:32:34.756+0000] {processor.py:830} INFO - Processing file /opt/airflow/dags/query_task.py for tasks to queue
[2024-09-04T16:32:34.757+0000] {logging_mixin.py:188} INFO - [2024-09-04T16:32:34.756+0000] {dagbag.py:545} INFO - Filling up the DagBag from /opt/airflow/dags/query_task.py
[2024-09-04T16:32:34.770+0000] {processor.py:840} INFO - DAG(s) 'query_statement' retrieved from /opt/airflow/dags/query_task.py
[2024-09-04T16:32:34.797+0000] {logging_mixin.py:188} INFO - [2024-09-04T16:32:34.797+0000] {dag.py:3089} INFO - Sync 1 DAGs
[2024-09-04T16:32:34.814+0000] {logging_mixin.py:188} INFO - [2024-09-04T16:32:34.814+0000] {dag.py:3947} INFO - Setting next_dagrun for query_statement to 2024-09-04 00:00:00+00:00, run_after=2024-09-05 00:00:00+00:00
[2024-09-04T16:32:34.834+0000] {processor.py:183} INFO - Processing /opt/airflow/dags/query_task.py took 0.083 seconds
[2024-09-04T16:32:44.925+0000] {processor.py:161} INFO - Started process (PID=15405) to work on /opt/airflow/dags/query_task.py
[2024-09-04T16:32:44.926+0000] {processor.py:830} INFO - Processing file /opt/airflow/dags/query_task.py for tasks to queue
[2024-09-04T16:32:44.926+0000] {logging_mixin.py:188} INFO - [2024-09-04T16:32:44.926+0000] {dagbag.py:545} INFO - Filling up the DagBag from /opt/airflow/dags/query_task.py
[2024-09-04T16:32:44.939+0000] {processor.py:840} INFO - DAG(s) 'query_statement' retrieved from /opt/airflow/dags/query_task.py
[2024-09-04T16:32:44.965+0000] {logging_mixin.py:188} INFO - [2024-09-04T16:32:44.965+0000] {dag.py:3089} INFO - Sync 1 DAGs
[2024-09-04T16:32:44.984+0000] {logging_mixin.py:188} INFO - [2024-09-04T16:32:44.984+0000] {dag.py:3947} INFO - Setting next_dagrun for query_statement to 2024-09-04 00:00:00+00:00, run_after=2024-09-05 00:00:00+00:00
[2024-09-04T16:32:45.005+0000] {processor.py:183} INFO - Processing /opt/airflow/dags/query_task.py took 0.084 seconds
[2024-09-04T16:32:55.096+0000] {processor.py:161} INFO - Started process (PID=15416) to work on /opt/airflow/dags/query_task.py
[2024-09-04T16:32:55.097+0000] {processor.py:830} INFO - Processing file /opt/airflow/dags/query_task.py for tasks to queue
[2024-09-04T16:32:55.098+0000] {logging_mixin.py:188} INFO - [2024-09-04T16:32:55.098+0000] {dagbag.py:545} INFO - Filling up the DagBag from /opt/airflow/dags/query_task.py
[2024-09-04T16:32:55.113+0000] {processor.py:840} INFO - DAG(s) 'query_statement' retrieved from /opt/airflow/dags/query_task.py
[2024-09-04T16:32:55.143+0000] {logging_mixin.py:188} INFO - [2024-09-04T16:32:55.142+0000] {dag.py:3089} INFO - Sync 1 DAGs
[2024-09-04T16:32:55.168+0000] {logging_mixin.py:188} INFO - [2024-09-04T16:32:55.168+0000] {dag.py:3947} INFO - Setting next_dagrun for query_statement to 2024-09-04 00:00:00+00:00, run_after=2024-09-05 00:00:00+00:00
[2024-09-04T16:32:55.191+0000] {processor.py:183} INFO - Processing /opt/airflow/dags/query_task.py took 0.099 seconds
[2024-09-04T16:33:05.283+0000] {processor.py:161} INFO - Started process (PID=15427) to work on /opt/airflow/dags/query_task.py
[2024-09-04T16:33:05.284+0000] {processor.py:830} INFO - Processing file /opt/airflow/dags/query_task.py for tasks to queue
[2024-09-04T16:33:05.285+0000] {logging_mixin.py:188} INFO - [2024-09-04T16:33:05.284+0000] {dagbag.py:545} INFO - Filling up the DagBag from /opt/airflow/dags/query_task.py
[2024-09-04T16:33:05.298+0000] {processor.py:840} INFO - DAG(s) 'query_statement' retrieved from /opt/airflow/dags/query_task.py
[2024-09-04T16:33:05.324+0000] {logging_mixin.py:188} INFO - [2024-09-04T16:33:05.324+0000] {dag.py:3089} INFO - Sync 1 DAGs
[2024-09-04T16:33:05.343+0000] {logging_mixin.py:188} INFO - [2024-09-04T16:33:05.343+0000] {dag.py:3947} INFO - Setting next_dagrun for query_statement to 2024-09-04 00:00:00+00:00, run_after=2024-09-05 00:00:00+00:00
[2024-09-04T16:33:05.364+0000] {processor.py:183} INFO - Processing /opt/airflow/dags/query_task.py took 0.085 seconds
[2024-09-04T16:33:15.449+0000] {processor.py:161} INFO - Started process (PID=15438) to work on /opt/airflow/dags/query_task.py
[2024-09-04T16:33:15.450+0000] {processor.py:830} INFO - Processing file /opt/airflow/dags/query_task.py for tasks to queue
[2024-09-04T16:33:15.451+0000] {logging_mixin.py:188} INFO - [2024-09-04T16:33:15.451+0000] {dagbag.py:545} INFO - Filling up the DagBag from /opt/airflow/dags/query_task.py
[2024-09-04T16:33:15.465+0000] {processor.py:840} INFO - DAG(s) 'query_statement' retrieved from /opt/airflow/dags/query_task.py
[2024-09-04T16:33:15.491+0000] {logging_mixin.py:188} INFO - [2024-09-04T16:33:15.491+0000] {dag.py:3089} INFO - Sync 1 DAGs
[2024-09-04T16:33:15.510+0000] {logging_mixin.py:188} INFO - [2024-09-04T16:33:15.510+0000] {dag.py:3947} INFO - Setting next_dagrun for query_statement to 2024-09-04 00:00:00+00:00, run_after=2024-09-05 00:00:00+00:00
[2024-09-04T16:33:15.530+0000] {processor.py:183} INFO - Processing /opt/airflow/dags/query_task.py took 0.085 seconds
[2024-09-04T16:33:25.622+0000] {processor.py:161} INFO - Started process (PID=15449) to work on /opt/airflow/dags/query_task.py
[2024-09-04T16:33:25.623+0000] {processor.py:830} INFO - Processing file /opt/airflow/dags/query_task.py for tasks to queue
[2024-09-04T16:33:25.623+0000] {logging_mixin.py:188} INFO - [2024-09-04T16:33:25.623+0000] {dagbag.py:545} INFO - Filling up the DagBag from /opt/airflow/dags/query_task.py
[2024-09-04T16:33:25.637+0000] {processor.py:840} INFO - DAG(s) 'query_statement' retrieved from /opt/airflow/dags/query_task.py
[2024-09-04T16:33:25.663+0000] {logging_mixin.py:188} INFO - [2024-09-04T16:33:25.663+0000] {dag.py:3089} INFO - Sync 1 DAGs
[2024-09-04T16:33:25.683+0000] {logging_mixin.py:188} INFO - [2024-09-04T16:33:25.683+0000] {dag.py:3947} INFO - Setting next_dagrun for query_statement to 2024-09-04 00:00:00+00:00, run_after=2024-09-05 00:00:00+00:00
[2024-09-04T16:33:25.705+0000] {processor.py:183} INFO - Processing /opt/airflow/dags/query_task.py took 0.087 seconds
[2024-09-04T16:33:35.786+0000] {processor.py:161} INFO - Started process (PID=15458) to work on /opt/airflow/dags/query_task.py
[2024-09-04T16:33:35.787+0000] {processor.py:830} INFO - Processing file /opt/airflow/dags/query_task.py for tasks to queue
[2024-09-04T16:33:35.787+0000] {logging_mixin.py:188} INFO - [2024-09-04T16:33:35.787+0000] {dagbag.py:545} INFO - Filling up the DagBag from /opt/airflow/dags/query_task.py
[2024-09-04T16:33:35.801+0000] {processor.py:840} INFO - DAG(s) 'query_statement' retrieved from /opt/airflow/dags/query_task.py
[2024-09-04T16:33:35.828+0000] {logging_mixin.py:188} INFO - [2024-09-04T16:33:35.828+0000] {dag.py:3089} INFO - Sync 1 DAGs
[2024-09-04T16:33:35.847+0000] {logging_mixin.py:188} INFO - [2024-09-04T16:33:35.847+0000] {dag.py:3947} INFO - Setting next_dagrun for query_statement to 2024-09-04 00:00:00+00:00, run_after=2024-09-05 00:00:00+00:00
[2024-09-04T16:33:35.869+0000] {processor.py:183} INFO - Processing /opt/airflow/dags/query_task.py took 0.087 seconds
[2024-09-04T16:33:45.966+0000] {processor.py:161} INFO - Started process (PID=15465) to work on /opt/airflow/dags/query_task.py
[2024-09-04T16:33:45.966+0000] {processor.py:830} INFO - Processing file /opt/airflow/dags/query_task.py for tasks to queue
[2024-09-04T16:33:45.967+0000] {logging_mixin.py:188} INFO - [2024-09-04T16:33:45.967+0000] {dagbag.py:545} INFO - Filling up the DagBag from /opt/airflow/dags/query_task.py
[2024-09-04T16:33:45.980+0000] {processor.py:840} INFO - DAG(s) 'query_statement' retrieved from /opt/airflow/dags/query_task.py
[2024-09-04T16:33:46.006+0000] {logging_mixin.py:188} INFO - [2024-09-04T16:33:46.006+0000] {dag.py:3089} INFO - Sync 1 DAGs
[2024-09-04T16:33:46.024+0000] {logging_mixin.py:188} INFO - [2024-09-04T16:33:46.024+0000] {dag.py:3947} INFO - Setting next_dagrun for query_statement to 2024-09-04 00:00:00+00:00, run_after=2024-09-05 00:00:00+00:00
[2024-09-04T16:33:46.044+0000] {processor.py:183} INFO - Processing /opt/airflow/dags/query_task.py took 0.083 seconds
[2024-09-04T16:33:56.173+0000] {processor.py:161} INFO - Started process (PID=15476) to work on /opt/airflow/dags/query_task.py
[2024-09-04T16:33:56.173+0000] {processor.py:830} INFO - Processing file /opt/airflow/dags/query_task.py for tasks to queue
[2024-09-04T16:33:56.174+0000] {logging_mixin.py:188} INFO - [2024-09-04T16:33:56.174+0000] {dagbag.py:545} INFO - Filling up the DagBag from /opt/airflow/dags/query_task.py
[2024-09-04T16:33:56.188+0000] {processor.py:840} INFO - DAG(s) 'query_statement' retrieved from /opt/airflow/dags/query_task.py
[2024-09-04T16:33:56.214+0000] {logging_mixin.py:188} INFO - [2024-09-04T16:33:56.214+0000] {dag.py:3089} INFO - Sync 1 DAGs
[2024-09-04T16:33:56.234+0000] {logging_mixin.py:188} INFO - [2024-09-04T16:33:56.234+0000] {dag.py:3947} INFO - Setting next_dagrun for query_statement to 2024-09-04 00:00:00+00:00, run_after=2024-09-05 00:00:00+00:00
[2024-09-04T16:33:56.256+0000] {processor.py:183} INFO - Processing /opt/airflow/dags/query_task.py took 0.088 seconds
[2024-09-04T16:34:06.354+0000] {processor.py:161} INFO - Started process (PID=15487) to work on /opt/airflow/dags/query_task.py
[2024-09-04T16:34:06.355+0000] {processor.py:830} INFO - Processing file /opt/airflow/dags/query_task.py for tasks to queue
[2024-09-04T16:34:06.356+0000] {logging_mixin.py:188} INFO - [2024-09-04T16:34:06.356+0000] {dagbag.py:545} INFO - Filling up the DagBag from /opt/airflow/dags/query_task.py
[2024-09-04T16:34:06.371+0000] {processor.py:840} INFO - DAG(s) 'query_statement' retrieved from /opt/airflow/dags/query_task.py
[2024-09-04T16:34:06.399+0000] {logging_mixin.py:188} INFO - [2024-09-04T16:34:06.399+0000] {dag.py:3089} INFO - Sync 1 DAGs
[2024-09-04T16:34:06.421+0000] {logging_mixin.py:188} INFO - [2024-09-04T16:34:06.420+0000] {dag.py:3947} INFO - Setting next_dagrun for query_statement to 2024-09-04 00:00:00+00:00, run_after=2024-09-05 00:00:00+00:00
[2024-09-04T16:34:06.445+0000] {processor.py:183} INFO - Processing /opt/airflow/dags/query_task.py took 0.095 seconds
[2024-09-04T16:34:16.545+0000] {processor.py:161} INFO - Started process (PID=15498) to work on /opt/airflow/dags/query_task.py
[2024-09-04T16:34:16.545+0000] {processor.py:830} INFO - Processing file /opt/airflow/dags/query_task.py for tasks to queue
[2024-09-04T16:34:16.546+0000] {logging_mixin.py:188} INFO - [2024-09-04T16:34:16.546+0000] {dagbag.py:545} INFO - Filling up the DagBag from /opt/airflow/dags/query_task.py
[2024-09-04T16:34:16.560+0000] {processor.py:840} INFO - DAG(s) 'query_statement' retrieved from /opt/airflow/dags/query_task.py
[2024-09-04T16:34:16.585+0000] {logging_mixin.py:188} INFO - [2024-09-04T16:34:16.585+0000] {dag.py:3089} INFO - Sync 1 DAGs
[2024-09-04T16:34:16.603+0000] {logging_mixin.py:188} INFO - [2024-09-04T16:34:16.603+0000] {dag.py:3947} INFO - Setting next_dagrun for query_statement to 2024-09-04 00:00:00+00:00, run_after=2024-09-05 00:00:00+00:00
[2024-09-04T16:34:16.623+0000] {processor.py:183} INFO - Processing /opt/airflow/dags/query_task.py took 0.083 seconds
[2024-09-04T16:34:26.715+0000] {processor.py:161} INFO - Started process (PID=15509) to work on /opt/airflow/dags/query_task.py
[2024-09-04T16:34:26.716+0000] {processor.py:830} INFO - Processing file /opt/airflow/dags/query_task.py for tasks to queue
[2024-09-04T16:34:26.717+0000] {logging_mixin.py:188} INFO - [2024-09-04T16:34:26.716+0000] {dagbag.py:545} INFO - Filling up the DagBag from /opt/airflow/dags/query_task.py
[2024-09-04T16:34:26.731+0000] {processor.py:840} INFO - DAG(s) 'query_statement' retrieved from /opt/airflow/dags/query_task.py
[2024-09-04T16:34:26.758+0000] {logging_mixin.py:188} INFO - [2024-09-04T16:34:26.758+0000] {dag.py:3089} INFO - Sync 1 DAGs
[2024-09-04T16:34:26.779+0000] {logging_mixin.py:188} INFO - [2024-09-04T16:34:26.779+0000] {dag.py:3947} INFO - Setting next_dagrun for query_statement to 2024-09-04 00:00:00+00:00, run_after=2024-09-05 00:00:00+00:00
[2024-09-04T16:34:26.801+0000] {processor.py:183} INFO - Processing /opt/airflow/dags/query_task.py took 0.090 seconds
[2024-09-04T16:34:36.901+0000] {processor.py:161} INFO - Started process (PID=15520) to work on /opt/airflow/dags/query_task.py
[2024-09-04T16:34:36.902+0000] {processor.py:830} INFO - Processing file /opt/airflow/dags/query_task.py for tasks to queue
[2024-09-04T16:34:36.903+0000] {logging_mixin.py:188} INFO - [2024-09-04T16:34:36.902+0000] {dagbag.py:545} INFO - Filling up the DagBag from /opt/airflow/dags/query_task.py
[2024-09-04T16:34:36.919+0000] {processor.py:840} INFO - DAG(s) 'query_statement' retrieved from /opt/airflow/dags/query_task.py
[2024-09-04T16:34:36.946+0000] {logging_mixin.py:188} INFO - [2024-09-04T16:34:36.946+0000] {dag.py:3089} INFO - Sync 1 DAGs
[2024-09-04T16:34:36.967+0000] {logging_mixin.py:188} INFO - [2024-09-04T16:34:36.967+0000] {dag.py:3947} INFO - Setting next_dagrun for query_statement to 2024-09-04 00:00:00+00:00, run_after=2024-09-05 00:00:00+00:00
[2024-09-04T16:34:36.989+0000] {processor.py:183} INFO - Processing /opt/airflow/dags/query_task.py took 0.093 seconds
[2024-09-04T16:34:47.081+0000] {processor.py:161} INFO - Started process (PID=15531) to work on /opt/airflow/dags/query_task.py
[2024-09-04T16:34:47.082+0000] {processor.py:830} INFO - Processing file /opt/airflow/dags/query_task.py for tasks to queue
[2024-09-04T16:34:47.082+0000] {logging_mixin.py:188} INFO - [2024-09-04T16:34:47.082+0000] {dagbag.py:545} INFO - Filling up the DagBag from /opt/airflow/dags/query_task.py
[2024-09-04T16:34:47.098+0000] {processor.py:840} INFO - DAG(s) 'query_statement' retrieved from /opt/airflow/dags/query_task.py
[2024-09-04T16:34:47.125+0000] {logging_mixin.py:188} INFO - [2024-09-04T16:34:47.125+0000] {dag.py:3089} INFO - Sync 1 DAGs
[2024-09-04T16:34:47.145+0000] {logging_mixin.py:188} INFO - [2024-09-04T16:34:47.145+0000] {dag.py:3947} INFO - Setting next_dagrun for query_statement to 2024-09-04 00:00:00+00:00, run_after=2024-09-05 00:00:00+00:00
[2024-09-04T16:34:47.167+0000] {processor.py:183} INFO - Processing /opt/airflow/dags/query_task.py took 0.091 seconds
[2024-09-04T16:34:57.258+0000] {processor.py:161} INFO - Started process (PID=15542) to work on /opt/airflow/dags/query_task.py
[2024-09-04T16:34:57.259+0000] {processor.py:830} INFO - Processing file /opt/airflow/dags/query_task.py for tasks to queue
[2024-09-04T16:34:57.259+0000] {logging_mixin.py:188} INFO - [2024-09-04T16:34:57.259+0000] {dagbag.py:545} INFO - Filling up the DagBag from /opt/airflow/dags/query_task.py
[2024-09-04T16:34:57.272+0000] {processor.py:840} INFO - DAG(s) 'query_statement' retrieved from /opt/airflow/dags/query_task.py
[2024-09-04T16:34:57.298+0000] {logging_mixin.py:188} INFO - [2024-09-04T16:34:57.297+0000] {dag.py:3089} INFO - Sync 1 DAGs
[2024-09-04T16:34:57.315+0000] {logging_mixin.py:188} INFO - [2024-09-04T16:34:57.315+0000] {dag.py:3947} INFO - Setting next_dagrun for query_statement to 2024-09-04 00:00:00+00:00, run_after=2024-09-05 00:00:00+00:00
[2024-09-04T16:34:57.334+0000] {processor.py:183} INFO - Processing /opt/airflow/dags/query_task.py took 0.080 seconds
[2024-09-04T16:35:07.424+0000] {processor.py:161} INFO - Started process (PID=15553) to work on /opt/airflow/dags/query_task.py
[2024-09-04T16:35:07.425+0000] {processor.py:830} INFO - Processing file /opt/airflow/dags/query_task.py for tasks to queue
[2024-09-04T16:35:07.426+0000] {logging_mixin.py:188} INFO - [2024-09-04T16:35:07.425+0000] {dagbag.py:545} INFO - Filling up the DagBag from /opt/airflow/dags/query_task.py
[2024-09-04T16:35:07.439+0000] {processor.py:840} INFO - DAG(s) 'query_statement' retrieved from /opt/airflow/dags/query_task.py
[2024-09-04T16:35:07.465+0000] {logging_mixin.py:188} INFO - [2024-09-04T16:35:07.465+0000] {dag.py:3089} INFO - Sync 1 DAGs
[2024-09-04T16:35:07.484+0000] {logging_mixin.py:188} INFO - [2024-09-04T16:35:07.483+0000] {dag.py:3947} INFO - Setting next_dagrun for query_statement to 2024-09-04 00:00:00+00:00, run_after=2024-09-05 00:00:00+00:00
[2024-09-04T16:35:07.504+0000] {processor.py:183} INFO - Processing /opt/airflow/dags/query_task.py took 0.084 seconds
[2024-09-04T16:35:17.591+0000] {processor.py:161} INFO - Started process (PID=15564) to work on /opt/airflow/dags/query_task.py
[2024-09-04T16:35:17.592+0000] {processor.py:830} INFO - Processing file /opt/airflow/dags/query_task.py for tasks to queue
[2024-09-04T16:35:17.593+0000] {logging_mixin.py:188} INFO - [2024-09-04T16:35:17.592+0000] {dagbag.py:545} INFO - Filling up the DagBag from /opt/airflow/dags/query_task.py
[2024-09-04T16:35:17.606+0000] {processor.py:840} INFO - DAG(s) 'query_statement' retrieved from /opt/airflow/dags/query_task.py
[2024-09-04T16:35:17.632+0000] {logging_mixin.py:188} INFO - [2024-09-04T16:35:17.631+0000] {dag.py:3089} INFO - Sync 1 DAGs
[2024-09-04T16:35:17.649+0000] {logging_mixin.py:188} INFO - [2024-09-04T16:35:17.649+0000] {dag.py:3947} INFO - Setting next_dagrun for query_statement to 2024-09-04 00:00:00+00:00, run_after=2024-09-05 00:00:00+00:00
[2024-09-04T16:35:17.670+0000] {processor.py:183} INFO - Processing /opt/airflow/dags/query_task.py took 0.083 seconds
[2024-09-04T16:35:27.751+0000] {processor.py:161} INFO - Started process (PID=15575) to work on /opt/airflow/dags/query_task.py
[2024-09-04T16:35:27.751+0000] {processor.py:830} INFO - Processing file /opt/airflow/dags/query_task.py for tasks to queue
[2024-09-04T16:35:27.752+0000] {logging_mixin.py:188} INFO - [2024-09-04T16:35:27.752+0000] {dagbag.py:545} INFO - Filling up the DagBag from /opt/airflow/dags/query_task.py
[2024-09-04T16:35:27.765+0000] {processor.py:840} INFO - DAG(s) 'query_statement' retrieved from /opt/airflow/dags/query_task.py
[2024-09-04T16:35:27.791+0000] {logging_mixin.py:188} INFO - [2024-09-04T16:35:27.791+0000] {dag.py:3089} INFO - Sync 1 DAGs
[2024-09-04T16:35:27.809+0000] {logging_mixin.py:188} INFO - [2024-09-04T16:35:27.809+0000] {dag.py:3947} INFO - Setting next_dagrun for query_statement to 2024-09-04 00:00:00+00:00, run_after=2024-09-05 00:00:00+00:00
[2024-09-04T16:35:27.830+0000] {processor.py:183} INFO - Processing /opt/airflow/dags/query_task.py took 0.083 seconds
[2024-09-04T16:35:37.914+0000] {processor.py:161} INFO - Started process (PID=15584) to work on /opt/airflow/dags/query_task.py
[2024-09-04T16:35:37.915+0000] {processor.py:830} INFO - Processing file /opt/airflow/dags/query_task.py for tasks to queue
[2024-09-04T16:35:37.916+0000] {logging_mixin.py:188} INFO - [2024-09-04T16:35:37.916+0000] {dagbag.py:545} INFO - Filling up the DagBag from /opt/airflow/dags/query_task.py
[2024-09-04T16:35:37.930+0000] {processor.py:840} INFO - DAG(s) 'query_statement' retrieved from /opt/airflow/dags/query_task.py
[2024-09-04T16:35:37.956+0000] {logging_mixin.py:188} INFO - [2024-09-04T16:35:37.956+0000] {dag.py:3089} INFO - Sync 1 DAGs
[2024-09-04T16:35:37.975+0000] {logging_mixin.py:188} INFO - [2024-09-04T16:35:37.975+0000] {dag.py:3947} INFO - Setting next_dagrun for query_statement to 2024-09-04 00:00:00+00:00, run_after=2024-09-05 00:00:00+00:00
[2024-09-04T16:35:37.997+0000] {processor.py:183} INFO - Processing /opt/airflow/dags/query_task.py took 0.088 seconds
[2024-09-04T16:35:48.091+0000] {processor.py:161} INFO - Started process (PID=15591) to work on /opt/airflow/dags/query_task.py
[2024-09-04T16:35:48.092+0000] {processor.py:830} INFO - Processing file /opt/airflow/dags/query_task.py for tasks to queue
[2024-09-04T16:35:48.093+0000] {logging_mixin.py:188} INFO - [2024-09-04T16:35:48.092+0000] {dagbag.py:545} INFO - Filling up the DagBag from /opt/airflow/dags/query_task.py
[2024-09-04T16:35:48.105+0000] {processor.py:840} INFO - DAG(s) 'query_statement' retrieved from /opt/airflow/dags/query_task.py
[2024-09-04T16:35:48.131+0000] {logging_mixin.py:188} INFO - [2024-09-04T16:35:48.131+0000] {dag.py:3089} INFO - Sync 1 DAGs
[2024-09-04T16:35:48.149+0000] {logging_mixin.py:188} INFO - [2024-09-04T16:35:48.149+0000] {dag.py:3947} INFO - Setting next_dagrun for query_statement to 2024-09-04 00:00:00+00:00, run_after=2024-09-05 00:00:00+00:00
[2024-09-04T16:35:48.169+0000] {processor.py:183} INFO - Processing /opt/airflow/dags/query_task.py took 0.083 seconds
[2024-09-04T16:35:58.267+0000] {processor.py:161} INFO - Started process (PID=15602) to work on /opt/airflow/dags/query_task.py
[2024-09-04T16:35:58.267+0000] {processor.py:830} INFO - Processing file /opt/airflow/dags/query_task.py for tasks to queue
[2024-09-04T16:35:58.268+0000] {logging_mixin.py:188} INFO - [2024-09-04T16:35:58.268+0000] {dagbag.py:545} INFO - Filling up the DagBag from /opt/airflow/dags/query_task.py
[2024-09-04T16:35:58.281+0000] {processor.py:840} INFO - DAG(s) 'query_statement' retrieved from /opt/airflow/dags/query_task.py
[2024-09-04T16:35:58.307+0000] {logging_mixin.py:188} INFO - [2024-09-04T16:35:58.307+0000] {dag.py:3089} INFO - Sync 1 DAGs
[2024-09-04T16:35:58.326+0000] {logging_mixin.py:188} INFO - [2024-09-04T16:35:58.325+0000] {dag.py:3947} INFO - Setting next_dagrun for query_statement to 2024-09-04 00:00:00+00:00, run_after=2024-09-05 00:00:00+00:00
[2024-09-04T16:35:58.346+0000] {processor.py:183} INFO - Processing /opt/airflow/dags/query_task.py took 0.084 seconds
[2024-09-04T16:36:08.445+0000] {processor.py:161} INFO - Started process (PID=15613) to work on /opt/airflow/dags/query_task.py
[2024-09-04T16:36:08.445+0000] {processor.py:830} INFO - Processing file /opt/airflow/dags/query_task.py for tasks to queue
[2024-09-04T16:36:08.446+0000] {logging_mixin.py:188} INFO - [2024-09-04T16:36:08.446+0000] {dagbag.py:545} INFO - Filling up the DagBag from /opt/airflow/dags/query_task.py
[2024-09-04T16:36:08.459+0000] {processor.py:840} INFO - DAG(s) 'query_statement' retrieved from /opt/airflow/dags/query_task.py
[2024-09-04T16:36:08.484+0000] {logging_mixin.py:188} INFO - [2024-09-04T16:36:08.484+0000] {dag.py:3089} INFO - Sync 1 DAGs
[2024-09-04T16:36:08.503+0000] {logging_mixin.py:188} INFO - [2024-09-04T16:36:08.503+0000] {dag.py:3947} INFO - Setting next_dagrun for query_statement to 2024-09-04 00:00:00+00:00, run_after=2024-09-05 00:00:00+00:00
[2024-09-04T16:36:08.524+0000] {processor.py:183} INFO - Processing /opt/airflow/dags/query_task.py took 0.083 seconds
[2024-09-04T16:36:18.621+0000] {processor.py:161} INFO - Started process (PID=15624) to work on /opt/airflow/dags/query_task.py
[2024-09-04T16:36:18.621+0000] {processor.py:830} INFO - Processing file /opt/airflow/dags/query_task.py for tasks to queue
[2024-09-04T16:36:18.622+0000] {logging_mixin.py:188} INFO - [2024-09-04T16:36:18.622+0000] {dagbag.py:545} INFO - Filling up the DagBag from /opt/airflow/dags/query_task.py
[2024-09-04T16:36:18.636+0000] {processor.py:840} INFO - DAG(s) 'query_statement' retrieved from /opt/airflow/dags/query_task.py
[2024-09-04T16:36:18.661+0000] {logging_mixin.py:188} INFO - [2024-09-04T16:36:18.661+0000] {dag.py:3089} INFO - Sync 1 DAGs
[2024-09-04T16:36:18.679+0000] {logging_mixin.py:188} INFO - [2024-09-04T16:36:18.679+0000] {dag.py:3947} INFO - Setting next_dagrun for query_statement to 2024-09-04 00:00:00+00:00, run_after=2024-09-05 00:00:00+00:00
[2024-09-04T16:36:18.699+0000] {processor.py:183} INFO - Processing /opt/airflow/dags/query_task.py took 0.083 seconds
[2024-09-04T16:36:28.790+0000] {processor.py:161} INFO - Started process (PID=15635) to work on /opt/airflow/dags/query_task.py
[2024-09-04T16:36:28.790+0000] {processor.py:830} INFO - Processing file /opt/airflow/dags/query_task.py for tasks to queue
[2024-09-04T16:36:28.791+0000] {logging_mixin.py:188} INFO - [2024-09-04T16:36:28.791+0000] {dagbag.py:545} INFO - Filling up the DagBag from /opt/airflow/dags/query_task.py
[2024-09-04T16:36:28.805+0000] {processor.py:840} INFO - DAG(s) 'query_statement' retrieved from /opt/airflow/dags/query_task.py
[2024-09-04T16:36:28.834+0000] {logging_mixin.py:188} INFO - [2024-09-04T16:36:28.834+0000] {dag.py:3089} INFO - Sync 1 DAGs
[2024-09-04T16:36:28.855+0000] {logging_mixin.py:188} INFO - [2024-09-04T16:36:28.855+0000] {dag.py:3947} INFO - Setting next_dagrun for query_statement to 2024-09-04 00:00:00+00:00, run_after=2024-09-05 00:00:00+00:00
[2024-09-04T16:36:28.883+0000] {processor.py:183} INFO - Processing /opt/airflow/dags/query_task.py took 0.098 seconds
[2024-09-04T16:36:38.977+0000] {processor.py:161} INFO - Started process (PID=15646) to work on /opt/airflow/dags/query_task.py
[2024-09-04T16:36:38.977+0000] {processor.py:830} INFO - Processing file /opt/airflow/dags/query_task.py for tasks to queue
[2024-09-04T16:36:38.978+0000] {logging_mixin.py:188} INFO - [2024-09-04T16:36:38.978+0000] {dagbag.py:545} INFO - Filling up the DagBag from /opt/airflow/dags/query_task.py
[2024-09-04T16:36:38.991+0000] {processor.py:840} INFO - DAG(s) 'query_statement' retrieved from /opt/airflow/dags/query_task.py
[2024-09-04T16:36:39.017+0000] {logging_mixin.py:188} INFO - [2024-09-04T16:36:39.017+0000] {dag.py:3089} INFO - Sync 1 DAGs
[2024-09-04T16:36:39.036+0000] {logging_mixin.py:188} INFO - [2024-09-04T16:36:39.036+0000] {dag.py:3947} INFO - Setting next_dagrun for query_statement to 2024-09-04 00:00:00+00:00, run_after=2024-09-05 00:00:00+00:00
[2024-09-04T16:36:39.056+0000] {processor.py:183} INFO - Processing /opt/airflow/dags/query_task.py took 0.083 seconds
[2024-09-04T16:36:49.149+0000] {processor.py:161} INFO - Started process (PID=15657) to work on /opt/airflow/dags/query_task.py
[2024-09-04T16:36:49.149+0000] {processor.py:830} INFO - Processing file /opt/airflow/dags/query_task.py for tasks to queue
[2024-09-04T16:36:49.150+0000] {logging_mixin.py:188} INFO - [2024-09-04T16:36:49.150+0000] {dagbag.py:545} INFO - Filling up the DagBag from /opt/airflow/dags/query_task.py
[2024-09-04T16:36:49.164+0000] {processor.py:840} INFO - DAG(s) 'query_statement' retrieved from /opt/airflow/dags/query_task.py
[2024-09-04T16:36:49.190+0000] {logging_mixin.py:188} INFO - [2024-09-04T16:36:49.189+0000] {dag.py:3089} INFO - Sync 1 DAGs
[2024-09-04T16:36:49.209+0000] {logging_mixin.py:188} INFO - [2024-09-04T16:36:49.209+0000] {dag.py:3947} INFO - Setting next_dagrun for query_statement to 2024-09-04 00:00:00+00:00, run_after=2024-09-05 00:00:00+00:00
[2024-09-04T16:36:49.229+0000] {processor.py:183} INFO - Processing /opt/airflow/dags/query_task.py took 0.085 seconds
[2024-09-04T16:36:59.317+0000] {processor.py:161} INFO - Started process (PID=15668) to work on /opt/airflow/dags/query_task.py
[2024-09-04T16:36:59.317+0000] {processor.py:830} INFO - Processing file /opt/airflow/dags/query_task.py for tasks to queue
[2024-09-04T16:36:59.318+0000] {logging_mixin.py:188} INFO - [2024-09-04T16:36:59.318+0000] {dagbag.py:545} INFO - Filling up the DagBag from /opt/airflow/dags/query_task.py
[2024-09-04T16:36:59.331+0000] {processor.py:840} INFO - DAG(s) 'query_statement' retrieved from /opt/airflow/dags/query_task.py
[2024-09-04T16:36:59.356+0000] {logging_mixin.py:188} INFO - [2024-09-04T16:36:59.356+0000] {dag.py:3089} INFO - Sync 1 DAGs
[2024-09-04T16:36:59.374+0000] {logging_mixin.py:188} INFO - [2024-09-04T16:36:59.374+0000] {dag.py:3947} INFO - Setting next_dagrun for query_statement to 2024-09-04 00:00:00+00:00, run_after=2024-09-05 00:00:00+00:00
[2024-09-04T16:36:59.393+0000] {processor.py:183} INFO - Processing /opt/airflow/dags/query_task.py took 0.081 seconds
[2024-09-04T16:37:09.481+0000] {processor.py:161} INFO - Started process (PID=15679) to work on /opt/airflow/dags/query_task.py
[2024-09-04T16:37:09.482+0000] {processor.py:830} INFO - Processing file /opt/airflow/dags/query_task.py for tasks to queue
[2024-09-04T16:37:09.483+0000] {logging_mixin.py:188} INFO - [2024-09-04T16:37:09.482+0000] {dagbag.py:545} INFO - Filling up the DagBag from /opt/airflow/dags/query_task.py
[2024-09-04T16:37:09.496+0000] {processor.py:840} INFO - DAG(s) 'query_statement' retrieved from /opt/airflow/dags/query_task.py
[2024-09-04T16:37:09.521+0000] {logging_mixin.py:188} INFO - [2024-09-04T16:37:09.521+0000] {dag.py:3089} INFO - Sync 1 DAGs
[2024-09-04T16:37:09.538+0000] {logging_mixin.py:188} INFO - [2024-09-04T16:37:09.538+0000] {dag.py:3947} INFO - Setting next_dagrun for query_statement to 2024-09-04 00:00:00+00:00, run_after=2024-09-05 00:00:00+00:00
[2024-09-04T16:37:09.558+0000] {processor.py:183} INFO - Processing /opt/airflow/dags/query_task.py took 0.081 seconds
[2024-09-04T16:37:19.642+0000] {processor.py:161} INFO - Started process (PID=15690) to work on /opt/airflow/dags/query_task.py
[2024-09-04T16:37:19.643+0000] {processor.py:830} INFO - Processing file /opt/airflow/dags/query_task.py for tasks to queue
[2024-09-04T16:37:19.643+0000] {logging_mixin.py:188} INFO - [2024-09-04T16:37:19.643+0000] {dagbag.py:545} INFO - Filling up the DagBag from /opt/airflow/dags/query_task.py
[2024-09-04T16:37:19.659+0000] {processor.py:840} INFO - DAG(s) 'query_statement' retrieved from /opt/airflow/dags/query_task.py
[2024-09-04T16:37:19.686+0000] {logging_mixin.py:188} INFO - [2024-09-04T16:37:19.685+0000] {dag.py:3089} INFO - Sync 1 DAGs
[2024-09-04T16:37:19.704+0000] {logging_mixin.py:188} INFO - [2024-09-04T16:37:19.704+0000] {dag.py:3947} INFO - Setting next_dagrun for query_statement to 2024-09-04 00:00:00+00:00, run_after=2024-09-05 00:00:00+00:00
[2024-09-04T16:37:19.723+0000] {processor.py:183} INFO - Processing /opt/airflow/dags/query_task.py took 0.086 seconds
[2024-09-04T16:37:29.807+0000] {processor.py:161} INFO - Started process (PID=15701) to work on /opt/airflow/dags/query_task.py
[2024-09-04T16:37:29.808+0000] {processor.py:830} INFO - Processing file /opt/airflow/dags/query_task.py for tasks to queue
[2024-09-04T16:37:29.808+0000] {logging_mixin.py:188} INFO - [2024-09-04T16:37:29.808+0000] {dagbag.py:545} INFO - Filling up the DagBag from /opt/airflow/dags/query_task.py
[2024-09-04T16:37:29.821+0000] {processor.py:840} INFO - DAG(s) 'query_statement' retrieved from /opt/airflow/dags/query_task.py
[2024-09-04T16:37:29.846+0000] {logging_mixin.py:188} INFO - [2024-09-04T16:37:29.846+0000] {dag.py:3089} INFO - Sync 1 DAGs
[2024-09-04T16:37:29.864+0000] {logging_mixin.py:188} INFO - [2024-09-04T16:37:29.864+0000] {dag.py:3947} INFO - Setting next_dagrun for query_statement to 2024-09-04 00:00:00+00:00, run_after=2024-09-05 00:00:00+00:00
[2024-09-04T16:37:29.882+0000] {processor.py:183} INFO - Processing /opt/airflow/dags/query_task.py took 0.079 seconds
[2024-09-04T16:37:39.967+0000] {processor.py:161} INFO - Started process (PID=15710) to work on /opt/airflow/dags/query_task.py
[2024-09-04T16:37:39.968+0000] {processor.py:830} INFO - Processing file /opt/airflow/dags/query_task.py for tasks to queue
[2024-09-04T16:37:39.969+0000] {logging_mixin.py:188} INFO - [2024-09-04T16:37:39.968+0000] {dagbag.py:545} INFO - Filling up the DagBag from /opt/airflow/dags/query_task.py
[2024-09-04T16:37:39.984+0000] {processor.py:840} INFO - DAG(s) 'query_statement' retrieved from /opt/airflow/dags/query_task.py
[2024-09-04T16:37:40.013+0000] {logging_mixin.py:188} INFO - [2024-09-04T16:37:40.013+0000] {dag.py:3089} INFO - Sync 1 DAGs
[2024-09-04T16:37:40.038+0000] {logging_mixin.py:188} INFO - [2024-09-04T16:37:40.038+0000] {dag.py:3947} INFO - Setting next_dagrun for query_statement to 2024-09-04 00:00:00+00:00, run_after=2024-09-05 00:00:00+00:00
[2024-09-04T16:37:40.065+0000] {processor.py:183} INFO - Processing /opt/airflow/dags/query_task.py took 0.103 seconds
[2024-09-04T16:37:50.162+0000] {processor.py:161} INFO - Started process (PID=15717) to work on /opt/airflow/dags/query_task.py
[2024-09-04T16:37:50.163+0000] {processor.py:830} INFO - Processing file /opt/airflow/dags/query_task.py for tasks to queue
[2024-09-04T16:37:50.164+0000] {logging_mixin.py:188} INFO - [2024-09-04T16:37:50.163+0000] {dagbag.py:545} INFO - Filling up the DagBag from /opt/airflow/dags/query_task.py
[2024-09-04T16:37:50.177+0000] {processor.py:840} INFO - DAG(s) 'query_statement' retrieved from /opt/airflow/dags/query_task.py
[2024-09-04T16:37:50.204+0000] {logging_mixin.py:188} INFO - [2024-09-04T16:37:50.204+0000] {dag.py:3089} INFO - Sync 1 DAGs
[2024-09-04T16:37:50.223+0000] {logging_mixin.py:188} INFO - [2024-09-04T16:37:50.223+0000] {dag.py:3947} INFO - Setting next_dagrun for query_statement to 2024-09-04 00:00:00+00:00, run_after=2024-09-05 00:00:00+00:00
[2024-09-04T16:37:50.244+0000] {processor.py:183} INFO - Processing /opt/airflow/dags/query_task.py took 0.086 seconds
[2024-09-04T16:38:00.348+0000] {processor.py:161} INFO - Started process (PID=15728) to work on /opt/airflow/dags/query_task.py
[2024-09-04T16:38:00.349+0000] {processor.py:830} INFO - Processing file /opt/airflow/dags/query_task.py for tasks to queue
[2024-09-04T16:38:00.350+0000] {logging_mixin.py:188} INFO - [2024-09-04T16:38:00.350+0000] {dagbag.py:545} INFO - Filling up the DagBag from /opt/airflow/dags/query_task.py
[2024-09-04T16:38:00.363+0000] {processor.py:840} INFO - DAG(s) 'query_statement' retrieved from /opt/airflow/dags/query_task.py
[2024-09-04T16:38:00.390+0000] {logging_mixin.py:188} INFO - [2024-09-04T16:38:00.390+0000] {dag.py:3089} INFO - Sync 1 DAGs
[2024-09-04T16:38:00.409+0000] {logging_mixin.py:188} INFO - [2024-09-04T16:38:00.409+0000] {dag.py:3947} INFO - Setting next_dagrun for query_statement to 2024-09-04 00:00:00+00:00, run_after=2024-09-05 00:00:00+00:00
[2024-09-04T16:38:00.429+0000] {processor.py:183} INFO - Processing /opt/airflow/dags/query_task.py took 0.084 seconds
[2024-09-04T16:38:10.526+0000] {processor.py:161} INFO - Started process (PID=15739) to work on /opt/airflow/dags/query_task.py
[2024-09-04T16:38:10.527+0000] {processor.py:830} INFO - Processing file /opt/airflow/dags/query_task.py for tasks to queue
[2024-09-04T16:38:10.528+0000] {logging_mixin.py:188} INFO - [2024-09-04T16:38:10.528+0000] {dagbag.py:545} INFO - Filling up the DagBag from /opt/airflow/dags/query_task.py
[2024-09-04T16:38:10.542+0000] {processor.py:840} INFO - DAG(s) 'query_statement' retrieved from /opt/airflow/dags/query_task.py
[2024-09-04T16:38:10.568+0000] {logging_mixin.py:188} INFO - [2024-09-04T16:38:10.567+0000] {dag.py:3089} INFO - Sync 1 DAGs
[2024-09-04T16:38:10.586+0000] {logging_mixin.py:188} INFO - [2024-09-04T16:38:10.586+0000] {dag.py:3947} INFO - Setting next_dagrun for query_statement to 2024-09-04 00:00:00+00:00, run_after=2024-09-05 00:00:00+00:00
[2024-09-04T16:38:10.606+0000] {processor.py:183} INFO - Processing /opt/airflow/dags/query_task.py took 0.084 seconds
[2024-09-04T16:38:20.702+0000] {processor.py:161} INFO - Started process (PID=15750) to work on /opt/airflow/dags/query_task.py
[2024-09-04T16:38:20.703+0000] {processor.py:830} INFO - Processing file /opt/airflow/dags/query_task.py for tasks to queue
[2024-09-04T16:38:20.704+0000] {logging_mixin.py:188} INFO - [2024-09-04T16:38:20.704+0000] {dagbag.py:545} INFO - Filling up the DagBag from /opt/airflow/dags/query_task.py
[2024-09-04T16:38:20.718+0000] {processor.py:840} INFO - DAG(s) 'query_statement' retrieved from /opt/airflow/dags/query_task.py
[2024-09-04T16:38:20.746+0000] {logging_mixin.py:188} INFO - [2024-09-04T16:38:20.746+0000] {dag.py:3089} INFO - Sync 1 DAGs
[2024-09-04T16:38:20.767+0000] {logging_mixin.py:188} INFO - [2024-09-04T16:38:20.766+0000] {dag.py:3947} INFO - Setting next_dagrun for query_statement to 2024-09-04 00:00:00+00:00, run_after=2024-09-05 00:00:00+00:00
[2024-09-04T16:38:20.790+0000] {processor.py:183} INFO - Processing /opt/airflow/dags/query_task.py took 0.092 seconds
[2024-09-04T16:38:30.880+0000] {processor.py:161} INFO - Started process (PID=15761) to work on /opt/airflow/dags/query_task.py
[2024-09-04T16:38:30.881+0000] {processor.py:830} INFO - Processing file /opt/airflow/dags/query_task.py for tasks to queue
[2024-09-04T16:38:30.882+0000] {logging_mixin.py:188} INFO - [2024-09-04T16:38:30.881+0000] {dagbag.py:545} INFO - Filling up the DagBag from /opt/airflow/dags/query_task.py
[2024-09-04T16:38:30.895+0000] {processor.py:840} INFO - DAG(s) 'query_statement' retrieved from /opt/airflow/dags/query_task.py
[2024-09-04T16:38:30.921+0000] {logging_mixin.py:188} INFO - [2024-09-04T16:38:30.921+0000] {dag.py:3089} INFO - Sync 1 DAGs
[2024-09-04T16:38:30.938+0000] {logging_mixin.py:188} INFO - [2024-09-04T16:38:30.938+0000] {dag.py:3947} INFO - Setting next_dagrun for query_statement to 2024-09-04 00:00:00+00:00, run_after=2024-09-05 00:00:00+00:00
[2024-09-04T16:38:30.958+0000] {processor.py:183} INFO - Processing /opt/airflow/dags/query_task.py took 0.082 seconds
[2024-09-04T16:38:41.046+0000] {processor.py:161} INFO - Started process (PID=15772) to work on /opt/airflow/dags/query_task.py
[2024-09-04T16:38:41.047+0000] {processor.py:830} INFO - Processing file /opt/airflow/dags/query_task.py for tasks to queue
[2024-09-04T16:38:41.048+0000] {logging_mixin.py:188} INFO - [2024-09-04T16:38:41.047+0000] {dagbag.py:545} INFO - Filling up the DagBag from /opt/airflow/dags/query_task.py
[2024-09-04T16:38:41.061+0000] {processor.py:840} INFO - DAG(s) 'query_statement' retrieved from /opt/airflow/dags/query_task.py
[2024-09-04T16:38:41.086+0000] {logging_mixin.py:188} INFO - [2024-09-04T16:38:41.086+0000] {dag.py:3089} INFO - Sync 1 DAGs
[2024-09-04T16:38:41.104+0000] {logging_mixin.py:188} INFO - [2024-09-04T16:38:41.104+0000] {dag.py:3947} INFO - Setting next_dagrun for query_statement to 2024-09-04 00:00:00+00:00, run_after=2024-09-05 00:00:00+00:00
[2024-09-04T16:38:41.124+0000] {processor.py:183} INFO - Processing /opt/airflow/dags/query_task.py took 0.081 seconds
[2024-09-04T16:38:51.213+0000] {processor.py:161} INFO - Started process (PID=15783) to work on /opt/airflow/dags/query_task.py
[2024-09-04T16:38:51.214+0000] {processor.py:830} INFO - Processing file /opt/airflow/dags/query_task.py for tasks to queue
[2024-09-04T16:38:51.215+0000] {logging_mixin.py:188} INFO - [2024-09-04T16:38:51.215+0000] {dagbag.py:545} INFO - Filling up the DagBag from /opt/airflow/dags/query_task.py
[2024-09-04T16:38:51.228+0000] {processor.py:840} INFO - DAG(s) 'query_statement' retrieved from /opt/airflow/dags/query_task.py
[2024-09-04T16:38:51.255+0000] {logging_mixin.py:188} INFO - [2024-09-04T16:38:51.254+0000] {dag.py:3089} INFO - Sync 1 DAGs
[2024-09-04T16:38:51.273+0000] {logging_mixin.py:188} INFO - [2024-09-04T16:38:51.273+0000] {dag.py:3947} INFO - Setting next_dagrun for query_statement to 2024-09-04 00:00:00+00:00, run_after=2024-09-05 00:00:00+00:00
[2024-09-04T16:38:51.292+0000] {processor.py:183} INFO - Processing /opt/airflow/dags/query_task.py took 0.083 seconds
[2024-09-04T16:39:01.386+0000] {processor.py:161} INFO - Started process (PID=15794) to work on /opt/airflow/dags/query_task.py
[2024-09-04T16:39:01.387+0000] {processor.py:830} INFO - Processing file /opt/airflow/dags/query_task.py for tasks to queue
[2024-09-04T16:39:01.388+0000] {logging_mixin.py:188} INFO - [2024-09-04T16:39:01.388+0000] {dagbag.py:545} INFO - Filling up the DagBag from /opt/airflow/dags/query_task.py
[2024-09-04T16:39:01.406+0000] {processor.py:840} INFO - DAG(s) 'query_statement' retrieved from /opt/airflow/dags/query_task.py
[2024-09-04T16:39:01.433+0000] {logging_mixin.py:188} INFO - [2024-09-04T16:39:01.433+0000] {dag.py:3089} INFO - Sync 1 DAGs
[2024-09-04T16:39:01.453+0000] {logging_mixin.py:188} INFO - [2024-09-04T16:39:01.452+0000] {dag.py:3947} INFO - Setting next_dagrun for query_statement to 2024-09-04 00:00:00+00:00, run_after=2024-09-05 00:00:00+00:00
[2024-09-04T16:39:01.475+0000] {processor.py:183} INFO - Processing /opt/airflow/dags/query_task.py took 0.095 seconds
[2024-09-04T16:39:11.563+0000] {processor.py:161} INFO - Started process (PID=15805) to work on /opt/airflow/dags/query_task.py
[2024-09-04T16:39:11.564+0000] {processor.py:830} INFO - Processing file /opt/airflow/dags/query_task.py for tasks to queue
[2024-09-04T16:39:11.565+0000] {logging_mixin.py:188} INFO - [2024-09-04T16:39:11.565+0000] {dagbag.py:545} INFO - Filling up the DagBag from /opt/airflow/dags/query_task.py
[2024-09-04T16:39:11.580+0000] {processor.py:840} INFO - DAG(s) 'query_statement' retrieved from /opt/airflow/dags/query_task.py
[2024-09-04T16:39:11.606+0000] {logging_mixin.py:188} INFO - [2024-09-04T16:39:11.606+0000] {dag.py:3089} INFO - Sync 1 DAGs
[2024-09-04T16:39:11.624+0000] {logging_mixin.py:188} INFO - [2024-09-04T16:39:11.624+0000] {dag.py:3947} INFO - Setting next_dagrun for query_statement to 2024-09-04 00:00:00+00:00, run_after=2024-09-05 00:00:00+00:00
[2024-09-04T16:39:11.644+0000] {processor.py:183} INFO - Processing /opt/airflow/dags/query_task.py took 0.086 seconds
[2024-09-04T16:39:21.731+0000] {processor.py:161} INFO - Started process (PID=15816) to work on /opt/airflow/dags/query_task.py
[2024-09-04T16:39:21.732+0000] {processor.py:830} INFO - Processing file /opt/airflow/dags/query_task.py for tasks to queue
[2024-09-04T16:39:21.732+0000] {logging_mixin.py:188} INFO - [2024-09-04T16:39:21.732+0000] {dagbag.py:545} INFO - Filling up the DagBag from /opt/airflow/dags/query_task.py
[2024-09-04T16:39:21.746+0000] {processor.py:840} INFO - DAG(s) 'query_statement' retrieved from /opt/airflow/dags/query_task.py
[2024-09-04T16:39:21.773+0000] {logging_mixin.py:188} INFO - [2024-09-04T16:39:21.772+0000] {dag.py:3089} INFO - Sync 1 DAGs
[2024-09-04T16:39:21.793+0000] {logging_mixin.py:188} INFO - [2024-09-04T16:39:21.793+0000] {dag.py:3947} INFO - Setting next_dagrun for query_statement to 2024-09-04 00:00:00+00:00, run_after=2024-09-05 00:00:00+00:00
[2024-09-04T16:39:21.813+0000] {processor.py:183} INFO - Processing /opt/airflow/dags/query_task.py took 0.086 seconds
[2024-09-04T16:39:31.897+0000] {processor.py:161} INFO - Started process (PID=15827) to work on /opt/airflow/dags/query_task.py
[2024-09-04T16:39:31.898+0000] {processor.py:830} INFO - Processing file /opt/airflow/dags/query_task.py for tasks to queue
[2024-09-04T16:39:31.899+0000] {logging_mixin.py:188} INFO - [2024-09-04T16:39:31.898+0000] {dagbag.py:545} INFO - Filling up the DagBag from /opt/airflow/dags/query_task.py
[2024-09-04T16:39:31.912+0000] {processor.py:840} INFO - DAG(s) 'query_statement' retrieved from /opt/airflow/dags/query_task.py
[2024-09-04T16:39:31.938+0000] {logging_mixin.py:188} INFO - [2024-09-04T16:39:31.938+0000] {dag.py:3089} INFO - Sync 1 DAGs
[2024-09-04T16:39:31.958+0000] {logging_mixin.py:188} INFO - [2024-09-04T16:39:31.958+0000] {dag.py:3947} INFO - Setting next_dagrun for query_statement to 2024-09-04 00:00:00+00:00, run_after=2024-09-05 00:00:00+00:00
[2024-09-04T16:39:31.980+0000] {processor.py:183} INFO - Processing /opt/airflow/dags/query_task.py took 0.087 seconds
[2024-09-04T16:39:42.061+0000] {processor.py:161} INFO - Started process (PID=15836) to work on /opt/airflow/dags/query_task.py
[2024-09-04T16:39:42.062+0000] {processor.py:830} INFO - Processing file /opt/airflow/dags/query_task.py for tasks to queue
[2024-09-04T16:39:42.062+0000] {logging_mixin.py:188} INFO - [2024-09-04T16:39:42.062+0000] {dagbag.py:545} INFO - Filling up the DagBag from /opt/airflow/dags/query_task.py
[2024-09-04T16:39:42.076+0000] {processor.py:840} INFO - DAG(s) 'query_statement' retrieved from /opt/airflow/dags/query_task.py
[2024-09-04T16:39:42.103+0000] {logging_mixin.py:188} INFO - [2024-09-04T16:39:42.102+0000] {dag.py:3089} INFO - Sync 1 DAGs
[2024-09-04T16:39:42.123+0000] {logging_mixin.py:188} INFO - [2024-09-04T16:39:42.122+0000] {dag.py:3947} INFO - Setting next_dagrun for query_statement to 2024-09-04 00:00:00+00:00, run_after=2024-09-05 00:00:00+00:00
[2024-09-04T16:39:42.145+0000] {processor.py:183} INFO - Processing /opt/airflow/dags/query_task.py took 0.089 seconds
[2024-09-04T16:39:52.242+0000] {processor.py:161} INFO - Started process (PID=15843) to work on /opt/airflow/dags/query_task.py
[2024-09-04T16:39:52.243+0000] {processor.py:830} INFO - Processing file /opt/airflow/dags/query_task.py for tasks to queue
[2024-09-04T16:39:52.244+0000] {logging_mixin.py:188} INFO - [2024-09-04T16:39:52.243+0000] {dagbag.py:545} INFO - Filling up the DagBag from /opt/airflow/dags/query_task.py
[2024-09-04T16:39:52.257+0000] {processor.py:840} INFO - DAG(s) 'query_statement' retrieved from /opt/airflow/dags/query_task.py
[2024-09-04T16:39:52.283+0000] {logging_mixin.py:188} INFO - [2024-09-04T16:39:52.283+0000] {dag.py:3089} INFO - Sync 1 DAGs
[2024-09-04T16:39:52.301+0000] {logging_mixin.py:188} INFO - [2024-09-04T16:39:52.301+0000] {dag.py:3947} INFO - Setting next_dagrun for query_statement to 2024-09-04 00:00:00+00:00, run_after=2024-09-05 00:00:00+00:00
[2024-09-04T16:39:52.321+0000] {processor.py:183} INFO - Processing /opt/airflow/dags/query_task.py took 0.084 seconds
[2024-09-04T16:40:02.429+0000] {processor.py:161} INFO - Started process (PID=15854) to work on /opt/airflow/dags/query_task.py
[2024-09-04T16:40:02.429+0000] {processor.py:830} INFO - Processing file /opt/airflow/dags/query_task.py for tasks to queue
[2024-09-04T16:40:02.430+0000] {logging_mixin.py:188} INFO - [2024-09-04T16:40:02.430+0000] {dagbag.py:545} INFO - Filling up the DagBag from /opt/airflow/dags/query_task.py
[2024-09-04T16:40:02.445+0000] {processor.py:840} INFO - DAG(s) 'query_statement' retrieved from /opt/airflow/dags/query_task.py
[2024-09-04T16:40:02.475+0000] {logging_mixin.py:188} INFO - [2024-09-04T16:40:02.474+0000] {dag.py:3089} INFO - Sync 1 DAGs
[2024-09-04T16:40:02.496+0000] {logging_mixin.py:188} INFO - [2024-09-04T16:40:02.496+0000] {dag.py:3947} INFO - Setting next_dagrun for query_statement to 2024-09-04 00:00:00+00:00, run_after=2024-09-05 00:00:00+00:00
[2024-09-04T16:40:02.522+0000] {processor.py:183} INFO - Processing /opt/airflow/dags/query_task.py took 0.098 seconds
