[2024-09-04T12:49:10.716+0000] {local_task_job_runner.py:120} INFO - ::group::Pre task execution logs
[2024-09-04T12:49:10.854+0000] {taskinstance.py:2076} INFO - Dependencies all met for dep_context=non-requeueable deps ti=<TaskInstance: import_csv_to_mysql.import_csv_Chi_nhanh manual__2024-09-04T12:49:08.027628+00:00 [queued]>
[2024-09-04T12:49:10.875+0000] {taskinstance.py:2076} INFO - Dependencies all met for dep_context=requeueable deps ti=<TaskInstance: import_csv_to_mysql.import_csv_Chi_nhanh manual__2024-09-04T12:49:08.027628+00:00 [queued]>
[2024-09-04T12:49:10.876+0000] {taskinstance.py:2306} INFO - Starting attempt 1 of 2
[2024-09-04T12:49:10.936+0000] {taskinstance.py:2330} INFO - Executing <Task(PythonOperator): import_csv_Chi_nhanh> on 2024-09-04 12:49:08.027628+00:00
[2024-09-04T12:49:11.003+0000] {logging_mixin.py:188} WARNING - /home/airflow/.local/lib/python3.12/site-packages/airflow/task/task_runner/standard_task_runner.py:62 DeprecationWarning: This process (pid=213) is multi-threaded, use of fork() may lead to deadlocks in the child.
[2024-09-04T12:49:11.017+0000] {standard_task_runner.py:64} INFO - Started process 231 to run task
[2024-09-04T12:49:11.000+0000] {standard_task_runner.py:90} INFO - Running: ['airflow', 'tasks', 'run', 'import_csv_to_mysql', 'import_csv_Chi_nhanh', 'manual__2024-09-04T12:49:08.027628+00:00', '--job-id', '114', '--raw', '--subdir', 'DAGS_FOLDER/import_csv_to_mysql_dag.py', '--cfg-path', '/tmp/tmpopknq_oo']
[2024-09-04T12:49:11.024+0000] {standard_task_runner.py:91} INFO - Job 114: Subtask import_csv_Chi_nhanh
[2024-09-04T12:49:11.090+0000] {logging_mixin.py:188} WARNING - /home/airflow/.local/lib/python3.12/site-packages/airflow/settings.py:195 DeprecationWarning: The sql_alchemy_conn option in [core] has been moved to the sql_alchemy_conn option in [database] - the old setting has been used, but please update your config.
[2024-09-04T12:49:11.157+0000] {task_command.py:426} INFO - Running <TaskInstance: import_csv_to_mysql.import_csv_Chi_nhanh manual__2024-09-04T12:49:08.027628+00:00 [running]> on host 82f647023843
[2024-09-04T12:49:12.109+0000] {taskinstance.py:2648} INFO - Exporting env vars: AIRFLOW_CTX_DAG_OWNER='congdat' AIRFLOW_CTX_DAG_ID='import_csv_to_mysql' AIRFLOW_CTX_TASK_ID='import_csv_Chi_nhanh' AIRFLOW_CTX_EXECUTION_DATE='2024-09-04T12:49:08.027628+00:00' AIRFLOW_CTX_TRY_NUMBER='1' AIRFLOW_CTX_DAG_RUN_ID='manual__2024-09-04T12:49:08.027628+00:00'
[2024-09-04T12:49:12.111+0000] {taskinstance.py:430} INFO - ::endgroup::
[2024-09-04T12:49:12.152+0000] {base.py:84} INFO - Using connection ID 'mysql_default' for task execution.
[2024-09-04T12:49:12.175+0000] {import_csv_to_mysql_dag.py:112} INFO - Read 3 rows from /opt/airflow/data/Chi_nhanh.csv
[2024-09-04T12:49:12.244+0000] {logging_mixin.py:188} WARNING - /opt/airflow/dags/import_csv_to_mysql_dag.py:102 UserWarning: The provided table name 'Chi_nhanh' is not found exactly as such in the database after writing the table, possibly due to case sensitivity issues. Consider using lower case table names.
[2024-09-04T12:49:12.259+0000] {logging_mixin.py:188} WARNING - /opt/airflow/dags/import_csv_to_mysql_dag.py:118 UserWarning: The provided table name 'Chi_nhanh' is not found exactly as such in the database after writing the table, possibly due to case sensitivity issues. Consider using lower case table names.
[2024-09-04T12:49:12.262+0000] {import_csv_to_mysql_dag.py:119} INFO - Data from /opt/airflow/data/Chi_nhanh.csv inserted into Chi_nhanh
[2024-09-04T12:49:12.264+0000] {python.py:237} INFO - Done. Returned value was: None
[2024-09-04T12:49:12.265+0000] {taskinstance.py:441} INFO - ::group::Post task execution logs
[2024-09-04T12:49:12.285+0000] {taskinstance.py:1206} INFO - Marking task as SUCCESS. dag_id=import_csv_to_mysql, task_id=import_csv_Chi_nhanh, run_id=manual__2024-09-04T12:49:08.027628+00:00, execution_date=20240904T124908, start_date=20240904T124910, end_date=20240904T124912
[2024-09-04T12:49:12.338+0000] {local_task_job_runner.py:243} INFO - Task exited with return code 0
[2024-09-04T12:49:12.358+0000] {local_task_job_runner.py:222} INFO - ::endgroup::
