[2024-09-02T17:25:52.189+0000] {local_task_job_runner.py:120} INFO - ::group::Pre task execution logs
[2024-09-02T17:25:52.239+0000] {taskinstance.py:2076} INFO - Dependencies all met for dep_context=non-requeueable deps ti=<TaskInstance: our_first_dag_v5.thrid_task scheduled__2021-08-21T00:00:00+00:00 [queued]>
[2024-09-02T17:25:52.250+0000] {taskinstance.py:2076} INFO - Dependencies all met for dep_context=requeueable deps ti=<TaskInstance: our_first_dag_v5.thrid_task scheduled__2021-08-21T00:00:00+00:00 [queued]>
[2024-09-02T17:25:52.250+0000] {taskinstance.py:2306} INFO - Starting attempt 1 of 6
[2024-09-02T17:25:52.300+0000] {taskinstance.py:2330} INFO - Executing <Task(BashOperator): thrid_task> on 2021-08-21 00:00:00+00:00
[2024-09-02T17:25:52.310+0000] {logging_mixin.py:188} WARNING - /home/airflow/.local/lib/python3.12/site-packages/airflow/task/task_runner/standard_task_runner.py:62 DeprecationWarning: This process (pid=551) is multi-threaded, use of fork() may lead to deadlocks in the child.
[2024-09-02T17:25:52.312+0000] {standard_task_runner.py:64} INFO - Started process 565 to run task
[2024-09-02T17:25:52.312+0000] {standard_task_runner.py:90} INFO - Running: ['airflow', 'tasks', 'run', 'our_first_dag_v5', 'thrid_task', 'scheduled__2021-08-21T00:00:00+00:00', '--job-id', '76', '--raw', '--subdir', 'DAGS_FOLDER/first_task.py', '--cfg-path', '/tmp/tmp2pvpvvxp']
[2024-09-02T17:25:52.315+0000] {standard_task_runner.py:91} INFO - Job 76: Subtask thrid_task
[2024-09-02T17:25:52.334+0000] {logging_mixin.py:188} WARNING - /home/airflow/.local/lib/python3.12/site-packages/airflow/settings.py:195 DeprecationWarning: The sql_alchemy_conn option in [core] has been moved to the sql_alchemy_conn option in [database] - the old setting has been used, but please update your config.
[2024-09-02T17:25:52.379+0000] {task_command.py:426} INFO - Running <TaskInstance: our_first_dag_v5.thrid_task scheduled__2021-08-21T00:00:00+00:00 [running]> on host 40bcffbc6058
[2024-09-02T17:25:52.548+0000] {taskinstance.py:2648} INFO - Exporting env vars: AIRFLOW_CTX_DAG_OWNER='coder2j' AIRFLOW_CTX_DAG_ID='our_first_dag_v5' AIRFLOW_CTX_TASK_ID='thrid_task' AIRFLOW_CTX_EXECUTION_DATE='2021-08-21T00:00:00+00:00' AIRFLOW_CTX_TRY_NUMBER='1' AIRFLOW_CTX_DAG_RUN_ID='scheduled__2021-08-21T00:00:00+00:00'
[2024-09-02T17:25:52.549+0000] {taskinstance.py:430} INFO - ::endgroup::
[2024-09-02T17:25:52.567+0000] {subprocess.py:63} INFO - Tmp dir root location: /tmp
[2024-09-02T17:25:52.568+0000] {subprocess.py:75} INFO - Running command: ['/usr/bin/bash', '-c', 'echo hey, I am task3 and will be running after task1 at the same time as task2!']
[2024-09-02T17:25:52.582+0000] {subprocess.py:86} INFO - Output:
[2024-09-02T17:25:52.584+0000] {subprocess.py:93} INFO - hey, I am task3 and will be running after task1 at the same time as task2!
[2024-09-02T17:25:52.585+0000] {subprocess.py:97} INFO - Command exited with return code 0
[2024-09-02T17:25:52.585+0000] {taskinstance.py:441} INFO - ::group::Post task execution logs
[2024-09-02T17:25:52.611+0000] {taskinstance.py:1206} INFO - Marking task as SUCCESS. dag_id=our_first_dag_v5, task_id=thrid_task, run_id=scheduled__2021-08-21T00:00:00+00:00, execution_date=20210821T000000, start_date=20240902T172552, end_date=20240902T172552
[2024-09-02T17:25:52.648+0000] {local_task_job_runner.py:243} INFO - Task exited with return code 0
[2024-09-02T17:25:52.664+0000] {taskinstance.py:3503} INFO - 0 downstream tasks scheduled from follow-on schedule check
[2024-09-02T17:25:52.665+0000] {local_task_job_runner.py:222} INFO - ::endgroup::
