[2024-09-04T10:15:16.675+0000] {local_task_job_runner.py:120} INFO - ::group::Pre task execution logs
[2024-09-04T10:15:16.705+0000] {taskinstance.py:2076} INFO - Dependencies all met for dep_context=non-requeueable deps ti=<TaskInstance: import_csv_to_mysql.import_csv_Nhan_vien manual__2024-09-04T10:15:15.408040+00:00 [queued]>
[2024-09-04T10:15:16.713+0000] {taskinstance.py:2076} INFO - Dependencies all met for dep_context=requeueable deps ti=<TaskInstance: import_csv_to_mysql.import_csv_Nhan_vien manual__2024-09-04T10:15:15.408040+00:00 [queued]>
[2024-09-04T10:15:16.714+0000] {taskinstance.py:2306} INFO - Starting attempt 1 of 2
[2024-09-04T10:15:16.727+0000] {taskinstance.py:2330} INFO - Executing <Task(PythonOperator): import_csv_Nhan_vien> on 2024-09-04 10:15:15.408040+00:00
[2024-09-04T10:15:16.735+0000] {logging_mixin.py:188} WARNING - /home/airflow/.local/lib/python3.12/site-packages/airflow/task/task_runner/standard_task_runner.py:62 DeprecationWarning: This process (pid=4826) is multi-threaded, use of fork() may lead to deadlocks in the child.
[2024-09-04T10:15:16.736+0000] {standard_task_runner.py:64} INFO - Started process 4828 to run task
[2024-09-04T10:15:16.735+0000] {standard_task_runner.py:90} INFO - Running: ['airflow', 'tasks', 'run', 'import_csv_to_mysql', 'import_csv_Nhan_vien', 'manual__2024-09-04T10:15:15.408040+00:00', '--job-id', '106', '--raw', '--subdir', 'DAGS_FOLDER/import_csv_to_mysql_dag.py', '--cfg-path', '/tmp/tmpsbtwk0nd']
[2024-09-04T10:15:16.736+0000] {standard_task_runner.py:91} INFO - Job 106: Subtask import_csv_Nhan_vien
[2024-09-04T10:15:16.750+0000] {logging_mixin.py:188} WARNING - /home/airflow/.local/lib/python3.12/site-packages/airflow/settings.py:195 DeprecationWarning: The sql_alchemy_conn option in [core] has been moved to the sql_alchemy_conn option in [database] - the old setting has been used, but please update your config.
[2024-09-04T10:15:16.785+0000] {task_command.py:426} INFO - Running <TaskInstance: import_csv_to_mysql.import_csv_Nhan_vien manual__2024-09-04T10:15:15.408040+00:00 [running]> on host 82f647023843
[2024-09-04T10:15:17.014+0000] {taskinstance.py:2648} INFO - Exporting env vars: AIRFLOW_CTX_DAG_OWNER='congdat' AIRFLOW_CTX_DAG_ID='import_csv_to_mysql' AIRFLOW_CTX_TASK_ID='import_csv_Nhan_vien' AIRFLOW_CTX_EXECUTION_DATE='2024-09-04T10:15:15.408040+00:00' AIRFLOW_CTX_TRY_NUMBER='1' AIRFLOW_CTX_DAG_RUN_ID='manual__2024-09-04T10:15:15.408040+00:00'
[2024-09-04T10:15:17.015+0000] {taskinstance.py:430} INFO - ::endgroup::
[2024-09-04T10:15:17.035+0000] {base.py:84} INFO - Using connection ID 'mysql_default' for task execution.
[2024-09-04T10:15:17.048+0000] {import_csv_to_mysql_dag.py:40} INFO - Read 49 rows from /opt/airflow/data/Nhan_vien.csv
[2024-09-04T10:15:17.078+0000] {python.py:237} INFO - Done. Returned value was: None
[2024-09-04T10:15:17.079+0000] {taskinstance.py:441} INFO - ::group::Post task execution logs
[2024-09-04T10:15:17.089+0000] {taskinstance.py:1206} INFO - Marking task as SUCCESS. dag_id=import_csv_to_mysql, task_id=import_csv_Nhan_vien, run_id=manual__2024-09-04T10:15:15.408040+00:00, execution_date=20240904T101515, start_date=20240904T101516, end_date=20240904T101517
[2024-09-04T10:15:17.150+0000] {local_task_job_runner.py:243} INFO - Task exited with return code 0
[2024-09-04T10:15:17.166+0000] {taskinstance.py:3503} INFO - 0 downstream tasks scheduled from follow-on schedule check
[2024-09-04T10:15:17.168+0000] {local_task_job_runner.py:222} INFO - ::endgroup::
