[2024-09-04T10:15:11.032+0000] {local_task_job_runner.py:120} INFO - ::group::Pre task execution logs
[2024-09-04T10:15:11.064+0000] {taskinstance.py:2076} INFO - Dependencies all met for dep_context=non-requeueable deps ti=<TaskInstance: import_csv_to_mysql.import_csv_Nhan_vien manual__2024-09-04T10:15:09.076802+00:00 [queued]>
[2024-09-04T10:15:11.072+0000] {taskinstance.py:2076} INFO - Dependencies all met for dep_context=requeueable deps ti=<TaskInstance: import_csv_to_mysql.import_csv_Nhan_vien manual__2024-09-04T10:15:09.076802+00:00 [queued]>
[2024-09-04T10:15:11.072+0000] {taskinstance.py:2306} INFO - Starting attempt 1 of 2
[2024-09-04T10:15:11.084+0000] {taskinstance.py:2330} INFO - Executing <Task(PythonOperator): import_csv_Nhan_vien> on 2024-09-04 10:15:09.076802+00:00
[2024-09-04T10:15:11.092+0000] {logging_mixin.py:188} WARNING - /home/airflow/.local/lib/python3.12/site-packages/airflow/task/task_runner/standard_task_runner.py:62 DeprecationWarning: This process (pid=4817) is multi-threaded, use of fork() may lead to deadlocks in the child.
[2024-09-04T10:15:11.092+0000] {standard_task_runner.py:64} INFO - Started process 4819 to run task
[2024-09-04T10:15:11.092+0000] {standard_task_runner.py:90} INFO - Running: ['airflow', 'tasks', 'run', 'import_csv_to_mysql', 'import_csv_Nhan_vien', 'manual__2024-09-04T10:15:09.076802+00:00', '--job-id', '105', '--raw', '--subdir', 'DAGS_FOLDER/import_csv_to_mysql_dag.py', '--cfg-path', '/tmp/tmpjmtuofvm']
[2024-09-04T10:15:11.093+0000] {standard_task_runner.py:91} INFO - Job 105: Subtask import_csv_Nhan_vien
[2024-09-04T10:15:11.107+0000] {logging_mixin.py:188} WARNING - /home/airflow/.local/lib/python3.12/site-packages/airflow/settings.py:195 DeprecationWarning: The sql_alchemy_conn option in [core] has been moved to the sql_alchemy_conn option in [database] - the old setting has been used, but please update your config.
[2024-09-04T10:15:11.138+0000] {task_command.py:426} INFO - Running <TaskInstance: import_csv_to_mysql.import_csv_Nhan_vien manual__2024-09-04T10:15:09.076802+00:00 [running]> on host 82f647023843
[2024-09-04T10:15:11.337+0000] {taskinstance.py:2648} INFO - Exporting env vars: AIRFLOW_CTX_DAG_OWNER='congdat' AIRFLOW_CTX_DAG_ID='import_csv_to_mysql' AIRFLOW_CTX_TASK_ID='import_csv_Nhan_vien' AIRFLOW_CTX_EXECUTION_DATE='2024-09-04T10:15:09.076802+00:00' AIRFLOW_CTX_TRY_NUMBER='1' AIRFLOW_CTX_DAG_RUN_ID='manual__2024-09-04T10:15:09.076802+00:00'
[2024-09-04T10:15:11.338+0000] {taskinstance.py:430} INFO - ::endgroup::
[2024-09-04T10:15:11.356+0000] {base.py:84} INFO - Using connection ID 'mysql_default' for task execution.
[2024-09-04T10:15:11.367+0000] {import_csv_to_mysql_dag.py:40} INFO - Read 49 rows from /opt/airflow/data/Nhan_vien.csv
[2024-09-04T10:15:11.393+0000] {python.py:237} INFO - Done. Returned value was: None
[2024-09-04T10:15:11.394+0000] {taskinstance.py:441} INFO - ::group::Post task execution logs
[2024-09-04T10:15:11.407+0000] {taskinstance.py:1206} INFO - Marking task as SUCCESS. dag_id=import_csv_to_mysql, task_id=import_csv_Nhan_vien, run_id=manual__2024-09-04T10:15:09.076802+00:00, execution_date=20240904T101509, start_date=20240904T101511, end_date=20240904T101511
[2024-09-04T10:15:11.466+0000] {local_task_job_runner.py:243} INFO - Task exited with return code 0
[2024-09-04T10:15:11.482+0000] {taskinstance.py:3503} INFO - 0 downstream tasks scheduled from follow-on schedule check
[2024-09-04T10:15:11.483+0000] {local_task_job_runner.py:222} INFO - ::endgroup::
