[2024-09-04T12:49:10.941+0000] {local_task_job_runner.py:120} INFO - ::group::Pre task execution logs
[2024-09-04T12:49:11.056+0000] {taskinstance.py:2076} INFO - Dependencies all met for dep_context=non-requeueable deps ti=<TaskInstance: import_csv_to_mysql.import_csv_Khach_hang manual__2024-09-04T12:49:08.027628+00:00 [queued]>
[2024-09-04T12:49:11.082+0000] {taskinstance.py:2076} INFO - Dependencies all met for dep_context=requeueable deps ti=<TaskInstance: import_csv_to_mysql.import_csv_Khach_hang manual__2024-09-04T12:49:08.027628+00:00 [queued]>
[2024-09-04T12:49:11.083+0000] {taskinstance.py:2306} INFO - Starting attempt 1 of 2
[2024-09-04T12:49:11.107+0000] {taskinstance.py:2330} INFO - Executing <Task(PythonOperator): import_csv_Khach_hang> on 2024-09-04 12:49:08.027628+00:00
[2024-09-04T12:49:11.133+0000] {logging_mixin.py:188} WARNING - /home/airflow/.local/lib/python3.12/site-packages/airflow/task/task_runner/standard_task_runner.py:62 DeprecationWarning: This process (pid=216) is multi-threaded, use of fork() may lead to deadlocks in the child.
[2024-09-04T12:49:11.130+0000] {standard_task_runner.py:90} INFO - Running: ['airflow', 'tasks', 'run', 'import_csv_to_mysql', 'import_csv_Khach_hang', 'manual__2024-09-04T12:49:08.027628+00:00', '--job-id', '117', '--raw', '--subdir', 'DAGS_FOLDER/import_csv_to_mysql_dag.py', '--cfg-path', '/tmp/tmp0yfbqz2_']
[2024-09-04T12:49:11.136+0000] {standard_task_runner.py:64} INFO - Started process 234 to run task
[2024-09-04T12:49:11.137+0000] {standard_task_runner.py:91} INFO - Job 117: Subtask import_csv_Khach_hang
[2024-09-04T12:49:11.164+0000] {logging_mixin.py:188} WARNING - /home/airflow/.local/lib/python3.12/site-packages/airflow/settings.py:195 DeprecationWarning: The sql_alchemy_conn option in [core] has been moved to the sql_alchemy_conn option in [database] - the old setting has been used, but please update your config.
[2024-09-04T12:49:11.221+0000] {task_command.py:426} INFO - Running <TaskInstance: import_csv_to_mysql.import_csv_Khach_hang manual__2024-09-04T12:49:08.027628+00:00 [running]> on host 82f647023843
[2024-09-04T12:49:12.097+0000] {taskinstance.py:2648} INFO - Exporting env vars: AIRFLOW_CTX_DAG_OWNER='congdat' AIRFLOW_CTX_DAG_ID='import_csv_to_mysql' AIRFLOW_CTX_TASK_ID='import_csv_Khach_hang' AIRFLOW_CTX_EXECUTION_DATE='2024-09-04T12:49:08.027628+00:00' AIRFLOW_CTX_TRY_NUMBER='1' AIRFLOW_CTX_DAG_RUN_ID='manual__2024-09-04T12:49:08.027628+00:00'
[2024-09-04T12:49:12.098+0000] {taskinstance.py:430} INFO - ::endgroup::
[2024-09-04T12:49:12.134+0000] {base.py:84} INFO - Using connection ID 'mysql_default' for task execution.
[2024-09-04T12:49:12.175+0000] {import_csv_to_mysql_dag.py:112} INFO - Read 786 rows from /opt/airflow/data/Khach_hang.csv
[2024-09-04T12:49:12.255+0000] {logging_mixin.py:188} WARNING - /opt/airflow/dags/import_csv_to_mysql_dag.py:102 UserWarning: The provided table name 'Khach_hang' is not found exactly as such in the database after writing the table, possibly due to case sensitivity issues. Consider using lower case table names.
[2024-09-04T12:49:12.294+0000] {logging_mixin.py:188} WARNING - /opt/airflow/dags/import_csv_to_mysql_dag.py:118 UserWarning: The provided table name 'Khach_hang' is not found exactly as such in the database after writing the table, possibly due to case sensitivity issues. Consider using lower case table names.
[2024-09-04T12:49:12.298+0000] {import_csv_to_mysql_dag.py:119} INFO - Data from /opt/airflow/data/Khach_hang.csv inserted into Khach_hang
[2024-09-04T12:49:12.299+0000] {python.py:237} INFO - Done. Returned value was: None
[2024-09-04T12:49:12.300+0000] {taskinstance.py:441} INFO - ::group::Post task execution logs
[2024-09-04T12:49:12.319+0000] {taskinstance.py:1206} INFO - Marking task as SUCCESS. dag_id=import_csv_to_mysql, task_id=import_csv_Khach_hang, run_id=manual__2024-09-04T12:49:08.027628+00:00, execution_date=20240904T124908, start_date=20240904T124911, end_date=20240904T124912
[2024-09-04T12:49:12.396+0000] {local_task_job_runner.py:243} INFO - Task exited with return code 0
[2024-09-04T12:49:12.422+0000] {taskinstance.py:3503} INFO - 0 downstream tasks scheduled from follow-on schedule check
[2024-09-04T12:49:12.424+0000] {local_task_job_runner.py:222} INFO - ::endgroup::
