[2024-09-02T17:20:20.462+0000] {processor.py:161} INFO - Started process (PID=176) to work on /opt/airflow/dags/first_task.py
[2024-09-02T17:20:20.463+0000] {processor.py:830} INFO - Processing file /opt/airflow/dags/first_task.py for tasks to queue
[2024-09-02T17:20:20.465+0000] {logging_mixin.py:188} INFO - [2024-09-02T17:20:20.465+0000] {dagbag.py:545} INFO - Filling up the DagBag from /opt/airflow/dags/first_task.py
[2024-09-02T17:20:20.493+0000] {processor.py:840} INFO - DAG(s) 'our_first_dag_v5' retrieved from /opt/airflow/dags/first_task.py
[2024-09-02T17:20:20.701+0000] {logging_mixin.py:188} INFO - [2024-09-02T17:20:20.700+0000] {override.py:1858} INFO - Created Permission View: can edit on DAG:our_first_dag_v5
[2024-09-02T17:20:20.712+0000] {logging_mixin.py:188} INFO - [2024-09-02T17:20:20.712+0000] {override.py:1858} INFO - Created Permission View: can delete on DAG:our_first_dag_v5
[2024-09-02T17:20:20.720+0000] {logging_mixin.py:188} INFO - [2024-09-02T17:20:20.720+0000] {override.py:1858} INFO - Created Permission View: can read on DAG:our_first_dag_v5
[2024-09-02T17:20:20.721+0000] {logging_mixin.py:188} INFO - [2024-09-02T17:20:20.721+0000] {dag.py:3089} INFO - Sync 1 DAGs
[2024-09-02T17:20:20.732+0000] {logging_mixin.py:188} INFO - [2024-09-02T17:20:20.732+0000] {dag.py:3111} INFO - Creating ORM DAG for our_first_dag_v5
[2024-09-02T17:20:20.740+0000] {logging_mixin.py:188} INFO - [2024-09-02T17:20:20.740+0000] {dag.py:3947} INFO - Setting next_dagrun for our_first_dag_v5 to 2021-07-30 00:00:00+00:00, run_after=2021-07-31 00:00:00+00:00
[2024-09-02T17:20:20.758+0000] {processor.py:183} INFO - Processing /opt/airflow/dags/first_task.py took 0.301 seconds
[2024-09-02T17:20:30.834+0000] {processor.py:161} INFO - Started process (PID=181) to work on /opt/airflow/dags/first_task.py
[2024-09-02T17:20:30.835+0000] {processor.py:830} INFO - Processing file /opt/airflow/dags/first_task.py for tasks to queue
[2024-09-02T17:20:30.837+0000] {logging_mixin.py:188} INFO - [2024-09-02T17:20:30.837+0000] {dagbag.py:545} INFO - Filling up the DagBag from /opt/airflow/dags/first_task.py
[2024-09-02T17:20:30.851+0000] {processor.py:840} INFO - DAG(s) 'our_first_dag_v5' retrieved from /opt/airflow/dags/first_task.py
[2024-09-02T17:20:30.859+0000] {logging_mixin.py:188} INFO - [2024-09-02T17:20:30.858+0000] {dag.py:3089} INFO - Sync 1 DAGs
[2024-09-02T17:20:30.878+0000] {logging_mixin.py:188} INFO - [2024-09-02T17:20:30.877+0000] {dag.py:3947} INFO - Setting next_dagrun for our_first_dag_v5 to 2021-07-30 00:00:00+00:00, run_after=2021-07-31 00:00:00+00:00
[2024-09-02T17:20:30.899+0000] {processor.py:183} INFO - Processing /opt/airflow/dags/first_task.py took 0.069 seconds
[2024-09-02T17:20:40.968+0000] {processor.py:161} INFO - Started process (PID=186) to work on /opt/airflow/dags/first_task.py
[2024-09-02T17:20:40.969+0000] {processor.py:830} INFO - Processing file /opt/airflow/dags/first_task.py for tasks to queue
[2024-09-02T17:20:40.971+0000] {logging_mixin.py:188} INFO - [2024-09-02T17:20:40.971+0000] {dagbag.py:545} INFO - Filling up the DagBag from /opt/airflow/dags/first_task.py
[2024-09-02T17:20:40.988+0000] {processor.py:840} INFO - DAG(s) 'our_first_dag_v5' retrieved from /opt/airflow/dags/first_task.py
[2024-09-02T17:20:40.997+0000] {logging_mixin.py:188} INFO - [2024-09-02T17:20:40.997+0000] {dag.py:3089} INFO - Sync 1 DAGs
[2024-09-02T17:20:41.018+0000] {logging_mixin.py:188} INFO - [2024-09-02T17:20:41.018+0000] {dag.py:3947} INFO - Setting next_dagrun for our_first_dag_v5 to 2021-07-30 00:00:00+00:00, run_after=2021-07-31 00:00:00+00:00
[2024-09-02T17:20:41.040+0000] {processor.py:183} INFO - Processing /opt/airflow/dags/first_task.py took 0.077 seconds
[2024-09-02T17:20:51.114+0000] {processor.py:161} INFO - Started process (PID=191) to work on /opt/airflow/dags/first_task.py
[2024-09-02T17:20:51.114+0000] {processor.py:830} INFO - Processing file /opt/airflow/dags/first_task.py for tasks to queue
[2024-09-02T17:20:51.116+0000] {logging_mixin.py:188} INFO - [2024-09-02T17:20:51.115+0000] {dagbag.py:545} INFO - Filling up the DagBag from /opt/airflow/dags/first_task.py
[2024-09-02T17:20:51.130+0000] {processor.py:840} INFO - DAG(s) 'our_first_dag_v5' retrieved from /opt/airflow/dags/first_task.py
[2024-09-02T17:20:51.151+0000] {logging_mixin.py:188} INFO - [2024-09-02T17:20:51.151+0000] {dag.py:3089} INFO - Sync 1 DAGs
[2024-09-02T17:20:51.168+0000] {logging_mixin.py:188} INFO - [2024-09-02T17:20:51.168+0000] {dag.py:3947} INFO - Setting next_dagrun for our_first_dag_v5 to 2021-07-30 00:00:00+00:00, run_after=2021-07-31 00:00:00+00:00
[2024-09-02T17:20:51.188+0000] {processor.py:183} INFO - Processing /opt/airflow/dags/first_task.py took 0.079 seconds
[2024-09-02T17:21:01.259+0000] {processor.py:161} INFO - Started process (PID=196) to work on /opt/airflow/dags/first_task.py
[2024-09-02T17:21:01.260+0000] {processor.py:830} INFO - Processing file /opt/airflow/dags/first_task.py for tasks to queue
[2024-09-02T17:21:01.262+0000] {logging_mixin.py:188} INFO - [2024-09-02T17:21:01.262+0000] {dagbag.py:545} INFO - Filling up the DagBag from /opt/airflow/dags/first_task.py
[2024-09-02T17:21:01.276+0000] {processor.py:840} INFO - DAG(s) 'our_first_dag_v5' retrieved from /opt/airflow/dags/first_task.py
[2024-09-02T17:21:01.299+0000] {logging_mixin.py:188} INFO - [2024-09-02T17:21:01.299+0000] {dag.py:3089} INFO - Sync 1 DAGs
[2024-09-02T17:21:01.318+0000] {logging_mixin.py:188} INFO - [2024-09-02T17:21:01.318+0000] {dag.py:3947} INFO - Setting next_dagrun for our_first_dag_v5 to 2021-07-30 00:00:00+00:00, run_after=2021-07-31 00:00:00+00:00
[2024-09-02T17:21:01.340+0000] {processor.py:183} INFO - Processing /opt/airflow/dags/first_task.py took 0.086 seconds
[2024-09-02T17:21:11.409+0000] {processor.py:161} INFO - Started process (PID=201) to work on /opt/airflow/dags/first_task.py
[2024-09-02T17:21:11.410+0000] {processor.py:830} INFO - Processing file /opt/airflow/dags/first_task.py for tasks to queue
[2024-09-02T17:21:11.411+0000] {logging_mixin.py:188} INFO - [2024-09-02T17:21:11.411+0000] {dagbag.py:545} INFO - Filling up the DagBag from /opt/airflow/dags/first_task.py
[2024-09-02T17:21:11.424+0000] {processor.py:840} INFO - DAG(s) 'our_first_dag_v5' retrieved from /opt/airflow/dags/first_task.py
[2024-09-02T17:21:11.446+0000] {logging_mixin.py:188} INFO - [2024-09-02T17:21:11.446+0000] {dag.py:3089} INFO - Sync 1 DAGs
[2024-09-02T17:21:11.464+0000] {logging_mixin.py:188} INFO - [2024-09-02T17:21:11.464+0000] {dag.py:3947} INFO - Setting next_dagrun for our_first_dag_v5 to 2021-07-30 00:00:00+00:00, run_after=2021-07-31 00:00:00+00:00
[2024-09-02T17:21:11.483+0000] {processor.py:183} INFO - Processing /opt/airflow/dags/first_task.py took 0.078 seconds
[2024-09-02T17:21:21.555+0000] {processor.py:161} INFO - Started process (PID=206) to work on /opt/airflow/dags/first_task.py
[2024-09-02T17:21:21.556+0000] {processor.py:830} INFO - Processing file /opt/airflow/dags/first_task.py for tasks to queue
[2024-09-02T17:21:21.557+0000] {logging_mixin.py:188} INFO - [2024-09-02T17:21:21.557+0000] {dagbag.py:545} INFO - Filling up the DagBag from /opt/airflow/dags/first_task.py
[2024-09-02T17:21:21.571+0000] {processor.py:840} INFO - DAG(s) 'our_first_dag_v5' retrieved from /opt/airflow/dags/first_task.py
[2024-09-02T17:21:21.591+0000] {logging_mixin.py:188} INFO - [2024-09-02T17:21:21.591+0000] {dag.py:3089} INFO - Sync 1 DAGs
[2024-09-02T17:21:21.608+0000] {logging_mixin.py:188} INFO - [2024-09-02T17:21:21.608+0000] {dag.py:3947} INFO - Setting next_dagrun for our_first_dag_v5 to 2021-07-30 00:00:00+00:00, run_after=2021-07-31 00:00:00+00:00
[2024-09-02T17:21:21.626+0000] {processor.py:183} INFO - Processing /opt/airflow/dags/first_task.py took 0.075 seconds
[2024-09-02T17:21:31.695+0000] {processor.py:161} INFO - Started process (PID=211) to work on /opt/airflow/dags/first_task.py
[2024-09-02T17:21:31.696+0000] {processor.py:830} INFO - Processing file /opt/airflow/dags/first_task.py for tasks to queue
[2024-09-02T17:21:31.697+0000] {logging_mixin.py:188} INFO - [2024-09-02T17:21:31.697+0000] {dagbag.py:545} INFO - Filling up the DagBag from /opt/airflow/dags/first_task.py
[2024-09-02T17:21:31.711+0000] {processor.py:840} INFO - DAG(s) 'our_first_dag_v5' retrieved from /opt/airflow/dags/first_task.py
[2024-09-02T17:21:31.733+0000] {logging_mixin.py:188} INFO - [2024-09-02T17:21:31.733+0000] {dag.py:3089} INFO - Sync 1 DAGs
[2024-09-02T17:21:31.751+0000] {logging_mixin.py:188} INFO - [2024-09-02T17:21:31.750+0000] {dag.py:3947} INFO - Setting next_dagrun for our_first_dag_v5 to 2021-07-30 00:00:00+00:00, run_after=2021-07-31 00:00:00+00:00
[2024-09-02T17:21:32.018+0000] {processor.py:183} INFO - Processing /opt/airflow/dags/first_task.py took 0.328 seconds
[2024-09-02T17:21:42.090+0000] {processor.py:161} INFO - Started process (PID=216) to work on /opt/airflow/dags/first_task.py
[2024-09-02T17:21:42.091+0000] {processor.py:830} INFO - Processing file /opt/airflow/dags/first_task.py for tasks to queue
[2024-09-02T17:21:42.093+0000] {logging_mixin.py:188} INFO - [2024-09-02T17:21:42.092+0000] {dagbag.py:545} INFO - Filling up the DagBag from /opt/airflow/dags/first_task.py
[2024-09-02T17:21:42.106+0000] {processor.py:840} INFO - DAG(s) 'our_first_dag_v5' retrieved from /opt/airflow/dags/first_task.py
[2024-09-02T17:21:42.126+0000] {logging_mixin.py:188} INFO - [2024-09-02T17:21:42.126+0000] {dag.py:3089} INFO - Sync 1 DAGs
[2024-09-02T17:21:42.145+0000] {logging_mixin.py:188} INFO - [2024-09-02T17:21:42.144+0000] {dag.py:3947} INFO - Setting next_dagrun for our_first_dag_v5 to 2021-07-30 00:00:00+00:00, run_after=2021-07-31 00:00:00+00:00
[2024-09-02T17:21:42.165+0000] {processor.py:183} INFO - Processing /opt/airflow/dags/first_task.py took 0.080 seconds
[2024-09-02T17:21:52.237+0000] {processor.py:161} INFO - Started process (PID=221) to work on /opt/airflow/dags/first_task.py
[2024-09-02T17:21:52.238+0000] {processor.py:830} INFO - Processing file /opt/airflow/dags/first_task.py for tasks to queue
[2024-09-02T17:21:52.240+0000] {logging_mixin.py:188} INFO - [2024-09-02T17:21:52.239+0000] {dagbag.py:545} INFO - Filling up the DagBag from /opt/airflow/dags/first_task.py
[2024-09-02T17:21:52.254+0000] {processor.py:840} INFO - DAG(s) 'our_first_dag_v5' retrieved from /opt/airflow/dags/first_task.py
[2024-09-02T17:21:52.275+0000] {logging_mixin.py:188} INFO - [2024-09-02T17:21:52.275+0000] {dag.py:3089} INFO - Sync 1 DAGs
[2024-09-02T17:21:52.293+0000] {logging_mixin.py:188} INFO - [2024-09-02T17:21:52.293+0000] {dag.py:3947} INFO - Setting next_dagrun for our_first_dag_v5 to 2021-07-30 00:00:00+00:00, run_after=2021-07-31 00:00:00+00:00
[2024-09-02T17:21:52.312+0000] {processor.py:183} INFO - Processing /opt/airflow/dags/first_task.py took 0.079 seconds
[2024-09-02T17:22:02.381+0000] {processor.py:161} INFO - Started process (PID=226) to work on /opt/airflow/dags/first_task.py
[2024-09-02T17:22:02.382+0000] {processor.py:830} INFO - Processing file /opt/airflow/dags/first_task.py for tasks to queue
[2024-09-02T17:22:02.384+0000] {logging_mixin.py:188} INFO - [2024-09-02T17:22:02.383+0000] {dagbag.py:545} INFO - Filling up the DagBag from /opt/airflow/dags/first_task.py
[2024-09-02T17:22:02.400+0000] {processor.py:840} INFO - DAG(s) 'our_first_dag_v5' retrieved from /opt/airflow/dags/first_task.py
[2024-09-02T17:22:02.421+0000] {logging_mixin.py:188} INFO - [2024-09-02T17:22:02.421+0000] {dag.py:3089} INFO - Sync 1 DAGs
[2024-09-02T17:22:02.440+0000] {logging_mixin.py:188} INFO - [2024-09-02T17:22:02.440+0000] {dag.py:3947} INFO - Setting next_dagrun for our_first_dag_v5 to 2021-07-30 00:00:00+00:00, run_after=2021-07-31 00:00:00+00:00
[2024-09-02T17:22:02.460+0000] {processor.py:183} INFO - Processing /opt/airflow/dags/first_task.py took 0.085 seconds
[2024-09-02T17:22:12.531+0000] {processor.py:161} INFO - Started process (PID=231) to work on /opt/airflow/dags/first_task.py
[2024-09-02T17:22:12.532+0000] {processor.py:830} INFO - Processing file /opt/airflow/dags/first_task.py for tasks to queue
[2024-09-02T17:22:12.535+0000] {logging_mixin.py:188} INFO - [2024-09-02T17:22:12.534+0000] {dagbag.py:545} INFO - Filling up the DagBag from /opt/airflow/dags/first_task.py
[2024-09-02T17:22:12.552+0000] {processor.py:840} INFO - DAG(s) 'our_first_dag_v5' retrieved from /opt/airflow/dags/first_task.py
[2024-09-02T17:22:12.577+0000] {logging_mixin.py:188} INFO - [2024-09-02T17:22:12.577+0000] {dag.py:3089} INFO - Sync 1 DAGs
[2024-09-02T17:22:12.599+0000] {logging_mixin.py:188} INFO - [2024-09-02T17:22:12.599+0000] {dag.py:3947} INFO - Setting next_dagrun for our_first_dag_v5 to 2021-07-30 00:00:00+00:00, run_after=2021-07-31 00:00:00+00:00
[2024-09-02T17:22:12.624+0000] {processor.py:183} INFO - Processing /opt/airflow/dags/first_task.py took 0.097 seconds
[2024-09-02T17:22:22.699+0000] {processor.py:161} INFO - Started process (PID=236) to work on /opt/airflow/dags/first_task.py
[2024-09-02T17:22:22.700+0000] {processor.py:830} INFO - Processing file /opt/airflow/dags/first_task.py for tasks to queue
[2024-09-02T17:22:22.702+0000] {logging_mixin.py:188} INFO - [2024-09-02T17:22:22.702+0000] {dagbag.py:545} INFO - Filling up the DagBag from /opt/airflow/dags/first_task.py
[2024-09-02T17:22:22.717+0000] {processor.py:840} INFO - DAG(s) 'our_first_dag_v5' retrieved from /opt/airflow/dags/first_task.py
[2024-09-02T17:22:22.740+0000] {logging_mixin.py:188} INFO - [2024-09-02T17:22:22.740+0000] {dag.py:3089} INFO - Sync 1 DAGs
[2024-09-02T17:22:22.761+0000] {logging_mixin.py:188} INFO - [2024-09-02T17:22:22.760+0000] {dag.py:3947} INFO - Setting next_dagrun for our_first_dag_v5 to 2021-07-30 00:00:00+00:00, run_after=2021-07-31 00:00:00+00:00
[2024-09-02T17:22:22.784+0000] {processor.py:183} INFO - Processing /opt/airflow/dags/first_task.py took 0.090 seconds
[2024-09-02T17:22:32.855+0000] {processor.py:161} INFO - Started process (PID=241) to work on /opt/airflow/dags/first_task.py
[2024-09-02T17:22:32.856+0000] {processor.py:830} INFO - Processing file /opt/airflow/dags/first_task.py for tasks to queue
[2024-09-02T17:22:32.857+0000] {logging_mixin.py:188} INFO - [2024-09-02T17:22:32.857+0000] {dagbag.py:545} INFO - Filling up the DagBag from /opt/airflow/dags/first_task.py
[2024-09-02T17:22:32.871+0000] {processor.py:840} INFO - DAG(s) 'our_first_dag_v5' retrieved from /opt/airflow/dags/first_task.py
[2024-09-02T17:22:32.893+0000] {logging_mixin.py:188} INFO - [2024-09-02T17:22:32.892+0000] {dag.py:3089} INFO - Sync 1 DAGs
[2024-09-02T17:22:32.912+0000] {logging_mixin.py:188} INFO - [2024-09-02T17:22:32.911+0000] {dag.py:3947} INFO - Setting next_dagrun for our_first_dag_v5 to 2021-07-30 00:00:00+00:00, run_after=2021-07-31 00:00:00+00:00
[2024-09-02T17:22:32.931+0000] {processor.py:183} INFO - Processing /opt/airflow/dags/first_task.py took 0.080 seconds
[2024-09-02T17:22:43.000+0000] {processor.py:161} INFO - Started process (PID=246) to work on /opt/airflow/dags/first_task.py
[2024-09-02T17:22:43.000+0000] {processor.py:830} INFO - Processing file /opt/airflow/dags/first_task.py for tasks to queue
[2024-09-02T17:22:43.002+0000] {logging_mixin.py:188} INFO - [2024-09-02T17:22:43.002+0000] {dagbag.py:545} INFO - Filling up the DagBag from /opt/airflow/dags/first_task.py
[2024-09-02T17:22:43.018+0000] {processor.py:840} INFO - DAG(s) 'our_first_dag_v5' retrieved from /opt/airflow/dags/first_task.py
[2024-09-02T17:22:43.040+0000] {logging_mixin.py:188} INFO - [2024-09-02T17:22:43.040+0000] {dag.py:3089} INFO - Sync 1 DAGs
[2024-09-02T17:22:43.058+0000] {logging_mixin.py:188} INFO - [2024-09-02T17:22:43.058+0000] {dag.py:3947} INFO - Setting next_dagrun for our_first_dag_v5 to 2021-07-30 00:00:00+00:00, run_after=2021-07-31 00:00:00+00:00
[2024-09-02T17:22:43.079+0000] {processor.py:183} INFO - Processing /opt/airflow/dags/first_task.py took 0.084 seconds
[2024-09-02T17:22:53.148+0000] {processor.py:161} INFO - Started process (PID=251) to work on /opt/airflow/dags/first_task.py
[2024-09-02T17:22:53.149+0000] {processor.py:830} INFO - Processing file /opt/airflow/dags/first_task.py for tasks to queue
[2024-09-02T17:22:53.151+0000] {logging_mixin.py:188} INFO - [2024-09-02T17:22:53.150+0000] {dagbag.py:545} INFO - Filling up the DagBag from /opt/airflow/dags/first_task.py
[2024-09-02T17:22:53.167+0000] {processor.py:840} INFO - DAG(s) 'our_first_dag_v5' retrieved from /opt/airflow/dags/first_task.py
[2024-09-02T17:22:53.190+0000] {logging_mixin.py:188} INFO - [2024-09-02T17:22:53.189+0000] {dag.py:3089} INFO - Sync 1 DAGs
[2024-09-02T17:22:53.209+0000] {logging_mixin.py:188} INFO - [2024-09-02T17:22:53.209+0000] {dag.py:3947} INFO - Setting next_dagrun for our_first_dag_v5 to 2021-07-30 00:00:00+00:00, run_after=2021-07-31 00:00:00+00:00
[2024-09-02T17:22:53.232+0000] {processor.py:183} INFO - Processing /opt/airflow/dags/first_task.py took 0.089 seconds
[2024-09-02T17:23:03.304+0000] {processor.py:161} INFO - Started process (PID=256) to work on /opt/airflow/dags/first_task.py
[2024-09-02T17:23:03.305+0000] {processor.py:830} INFO - Processing file /opt/airflow/dags/first_task.py for tasks to queue
[2024-09-02T17:23:03.306+0000] {logging_mixin.py:188} INFO - [2024-09-02T17:23:03.306+0000] {dagbag.py:545} INFO - Filling up the DagBag from /opt/airflow/dags/first_task.py
[2024-09-02T17:23:03.320+0000] {processor.py:840} INFO - DAG(s) 'our_first_dag_v5' retrieved from /opt/airflow/dags/first_task.py
[2024-09-02T17:23:03.340+0000] {logging_mixin.py:188} INFO - [2024-09-02T17:23:03.340+0000] {dag.py:3089} INFO - Sync 1 DAGs
[2024-09-02T17:23:03.357+0000] {logging_mixin.py:188} INFO - [2024-09-02T17:23:03.357+0000] {dag.py:3947} INFO - Setting next_dagrun for our_first_dag_v5 to 2021-07-30 00:00:00+00:00, run_after=2021-07-31 00:00:00+00:00
[2024-09-02T17:23:03.376+0000] {processor.py:183} INFO - Processing /opt/airflow/dags/first_task.py took 0.076 seconds
[2024-09-02T17:23:13.454+0000] {processor.py:161} INFO - Started process (PID=261) to work on /opt/airflow/dags/first_task.py
[2024-09-02T17:23:13.455+0000] {processor.py:830} INFO - Processing file /opt/airflow/dags/first_task.py for tasks to queue
[2024-09-02T17:23:13.456+0000] {logging_mixin.py:188} INFO - [2024-09-02T17:23:13.456+0000] {dagbag.py:545} INFO - Filling up the DagBag from /opt/airflow/dags/first_task.py
[2024-09-02T17:23:13.475+0000] {processor.py:840} INFO - DAG(s) 'our_first_dag_v5' retrieved from /opt/airflow/dags/first_task.py
[2024-09-02T17:23:13.506+0000] {logging_mixin.py:188} INFO - [2024-09-02T17:23:13.506+0000] {dag.py:3089} INFO - Sync 1 DAGs
[2024-09-02T17:23:13.529+0000] {logging_mixin.py:188} INFO - [2024-09-02T17:23:13.529+0000] {dag.py:3947} INFO - Setting next_dagrun for our_first_dag_v5 to 2021-07-30 00:00:00+00:00, run_after=2021-07-31 00:00:00+00:00
[2024-09-02T17:23:13.548+0000] {processor.py:183} INFO - Processing /opt/airflow/dags/first_task.py took 0.100 seconds
[2024-09-02T17:23:23.619+0000] {processor.py:161} INFO - Started process (PID=266) to work on /opt/airflow/dags/first_task.py
[2024-09-02T17:23:23.620+0000] {processor.py:830} INFO - Processing file /opt/airflow/dags/first_task.py for tasks to queue
[2024-09-02T17:23:23.622+0000] {logging_mixin.py:188} INFO - [2024-09-02T17:23:23.621+0000] {dagbag.py:545} INFO - Filling up the DagBag from /opt/airflow/dags/first_task.py
[2024-09-02T17:23:23.635+0000] {processor.py:840} INFO - DAG(s) 'our_first_dag_v5' retrieved from /opt/airflow/dags/first_task.py
[2024-09-02T17:23:23.656+0000] {logging_mixin.py:188} INFO - [2024-09-02T17:23:23.655+0000] {dag.py:3089} INFO - Sync 1 DAGs
[2024-09-02T17:23:23.673+0000] {logging_mixin.py:188} INFO - [2024-09-02T17:23:23.673+0000] {dag.py:3947} INFO - Setting next_dagrun for our_first_dag_v5 to 2021-07-30 00:00:00+00:00, run_after=2021-07-31 00:00:00+00:00
[2024-09-02T17:23:23.692+0000] {processor.py:183} INFO - Processing /opt/airflow/dags/first_task.py took 0.077 seconds
[2024-09-02T17:23:33.761+0000] {processor.py:161} INFO - Started process (PID=271) to work on /opt/airflow/dags/first_task.py
[2024-09-02T17:23:33.762+0000] {processor.py:830} INFO - Processing file /opt/airflow/dags/first_task.py for tasks to queue
[2024-09-02T17:23:33.763+0000] {logging_mixin.py:188} INFO - [2024-09-02T17:23:33.763+0000] {dagbag.py:545} INFO - Filling up the DagBag from /opt/airflow/dags/first_task.py
[2024-09-02T17:23:33.777+0000] {processor.py:840} INFO - DAG(s) 'our_first_dag_v5' retrieved from /opt/airflow/dags/first_task.py
[2024-09-02T17:23:33.798+0000] {logging_mixin.py:188} INFO - [2024-09-02T17:23:33.798+0000] {dag.py:3089} INFO - Sync 1 DAGs
[2024-09-02T17:23:33.817+0000] {logging_mixin.py:188} INFO - [2024-09-02T17:23:33.817+0000] {dag.py:3947} INFO - Setting next_dagrun for our_first_dag_v5 to 2021-07-30 00:00:00+00:00, run_after=2021-07-31 00:00:00+00:00
[2024-09-02T17:23:33.835+0000] {processor.py:183} INFO - Processing /opt/airflow/dags/first_task.py took 0.079 seconds
[2024-09-02T17:23:43.907+0000] {processor.py:161} INFO - Started process (PID=276) to work on /opt/airflow/dags/first_task.py
[2024-09-02T17:23:43.908+0000] {processor.py:830} INFO - Processing file /opt/airflow/dags/first_task.py for tasks to queue
[2024-09-02T17:23:43.909+0000] {logging_mixin.py:188} INFO - [2024-09-02T17:23:43.909+0000] {dagbag.py:545} INFO - Filling up the DagBag from /opt/airflow/dags/first_task.py
[2024-09-02T17:23:43.923+0000] {processor.py:840} INFO - DAG(s) 'our_first_dag_v5' retrieved from /opt/airflow/dags/first_task.py
[2024-09-02T17:23:43.944+0000] {logging_mixin.py:188} INFO - [2024-09-02T17:23:43.944+0000] {dag.py:3089} INFO - Sync 1 DAGs
[2024-09-02T17:23:43.961+0000] {logging_mixin.py:188} INFO - [2024-09-02T17:23:43.960+0000] {dag.py:3947} INFO - Setting next_dagrun for our_first_dag_v5 to 2021-07-30 00:00:00+00:00, run_after=2021-07-31 00:00:00+00:00
[2024-09-02T17:23:43.979+0000] {processor.py:183} INFO - Processing /opt/airflow/dags/first_task.py took 0.076 seconds
[2024-09-02T17:23:54.049+0000] {processor.py:161} INFO - Started process (PID=281) to work on /opt/airflow/dags/first_task.py
[2024-09-02T17:23:54.050+0000] {processor.py:830} INFO - Processing file /opt/airflow/dags/first_task.py for tasks to queue
[2024-09-02T17:23:54.052+0000] {logging_mixin.py:188} INFO - [2024-09-02T17:23:54.051+0000] {dagbag.py:545} INFO - Filling up the DagBag from /opt/airflow/dags/first_task.py
[2024-09-02T17:23:54.066+0000] {processor.py:840} INFO - DAG(s) 'our_first_dag_v5' retrieved from /opt/airflow/dags/first_task.py
[2024-09-02T17:23:54.087+0000] {logging_mixin.py:188} INFO - [2024-09-02T17:23:54.087+0000] {dag.py:3089} INFO - Sync 1 DAGs
[2024-09-02T17:23:54.104+0000] {logging_mixin.py:188} INFO - [2024-09-02T17:23:54.104+0000] {dag.py:3947} INFO - Setting next_dagrun for our_first_dag_v5 to 2021-07-30 00:00:00+00:00, run_after=2021-07-31 00:00:00+00:00
[2024-09-02T17:23:54.122+0000] {processor.py:183} INFO - Processing /opt/airflow/dags/first_task.py took 0.078 seconds
[2024-09-02T17:24:04.194+0000] {processor.py:161} INFO - Started process (PID=286) to work on /opt/airflow/dags/first_task.py
[2024-09-02T17:24:04.195+0000] {processor.py:830} INFO - Processing file /opt/airflow/dags/first_task.py for tasks to queue
[2024-09-02T17:24:04.197+0000] {logging_mixin.py:188} INFO - [2024-09-02T17:24:04.196+0000] {dagbag.py:545} INFO - Filling up the DagBag from /opt/airflow/dags/first_task.py
[2024-09-02T17:24:04.213+0000] {processor.py:840} INFO - DAG(s) 'our_first_dag_v5' retrieved from /opt/airflow/dags/first_task.py
[2024-09-02T17:24:04.237+0000] {logging_mixin.py:188} INFO - [2024-09-02T17:24:04.237+0000] {dag.py:3089} INFO - Sync 1 DAGs
[2024-09-02T17:24:04.257+0000] {logging_mixin.py:188} INFO - [2024-09-02T17:24:04.257+0000] {dag.py:3947} INFO - Setting next_dagrun for our_first_dag_v5 to 2021-07-30 00:00:00+00:00, run_after=2021-07-31 00:00:00+00:00
[2024-09-02T17:24:04.278+0000] {processor.py:183} INFO - Processing /opt/airflow/dags/first_task.py took 0.089 seconds
[2024-09-02T17:24:14.348+0000] {processor.py:161} INFO - Started process (PID=291) to work on /opt/airflow/dags/first_task.py
[2024-09-02T17:24:14.349+0000] {processor.py:830} INFO - Processing file /opt/airflow/dags/first_task.py for tasks to queue
[2024-09-02T17:24:14.350+0000] {logging_mixin.py:188} INFO - [2024-09-02T17:24:14.350+0000] {dagbag.py:545} INFO - Filling up the DagBag from /opt/airflow/dags/first_task.py
[2024-09-02T17:24:14.364+0000] {processor.py:840} INFO - DAG(s) 'our_first_dag_v5' retrieved from /opt/airflow/dags/first_task.py
[2024-09-02T17:24:14.385+0000] {logging_mixin.py:188} INFO - [2024-09-02T17:24:14.385+0000] {dag.py:3089} INFO - Sync 1 DAGs
[2024-09-02T17:24:14.403+0000] {logging_mixin.py:188} INFO - [2024-09-02T17:24:14.402+0000] {dag.py:3947} INFO - Setting next_dagrun for our_first_dag_v5 to 2021-07-30 00:00:00+00:00, run_after=2021-07-31 00:00:00+00:00
[2024-09-02T17:24:14.421+0000] {processor.py:183} INFO - Processing /opt/airflow/dags/first_task.py took 0.077 seconds
[2024-09-02T17:24:24.487+0000] {processor.py:161} INFO - Started process (PID=296) to work on /opt/airflow/dags/first_task.py
[2024-09-02T17:24:24.488+0000] {processor.py:830} INFO - Processing file /opt/airflow/dags/first_task.py for tasks to queue
[2024-09-02T17:24:24.490+0000] {logging_mixin.py:188} INFO - [2024-09-02T17:24:24.489+0000] {dagbag.py:545} INFO - Filling up the DagBag from /opt/airflow/dags/first_task.py
[2024-09-02T17:24:24.504+0000] {processor.py:840} INFO - DAG(s) 'our_first_dag_v5' retrieved from /opt/airflow/dags/first_task.py
[2024-09-02T17:24:24.524+0000] {logging_mixin.py:188} INFO - [2024-09-02T17:24:24.524+0000] {dag.py:3089} INFO - Sync 1 DAGs
[2024-09-02T17:24:24.541+0000] {logging_mixin.py:188} INFO - [2024-09-02T17:24:24.541+0000] {dag.py:3947} INFO - Setting next_dagrun for our_first_dag_v5 to 2021-07-30 00:00:00+00:00, run_after=2021-07-31 00:00:00+00:00
[2024-09-02T17:24:24.560+0000] {processor.py:183} INFO - Processing /opt/airflow/dags/first_task.py took 0.077 seconds
[2024-09-02T17:24:34.628+0000] {processor.py:161} INFO - Started process (PID=301) to work on /opt/airflow/dags/first_task.py
[2024-09-02T17:24:34.628+0000] {processor.py:830} INFO - Processing file /opt/airflow/dags/first_task.py for tasks to queue
[2024-09-02T17:24:34.629+0000] {logging_mixin.py:188} INFO - [2024-09-02T17:24:34.629+0000] {dagbag.py:545} INFO - Filling up the DagBag from /opt/airflow/dags/first_task.py
[2024-09-02T17:24:34.643+0000] {processor.py:840} INFO - DAG(s) 'our_first_dag_v5' retrieved from /opt/airflow/dags/first_task.py
[2024-09-02T17:24:34.663+0000] {logging_mixin.py:188} INFO - [2024-09-02T17:24:34.663+0000] {dag.py:3089} INFO - Sync 1 DAGs
[2024-09-02T17:24:34.681+0000] {logging_mixin.py:188} INFO - [2024-09-02T17:24:34.681+0000] {dag.py:3947} INFO - Setting next_dagrun for our_first_dag_v5 to 2021-07-30 00:00:00+00:00, run_after=2021-07-31 00:00:00+00:00
[2024-09-02T17:24:34.699+0000] {processor.py:183} INFO - Processing /opt/airflow/dags/first_task.py took 0.076 seconds
[2024-09-02T17:24:44.766+0000] {processor.py:161} INFO - Started process (PID=306) to work on /opt/airflow/dags/first_task.py
[2024-09-02T17:24:44.767+0000] {processor.py:830} INFO - Processing file /opt/airflow/dags/first_task.py for tasks to queue
[2024-09-02T17:24:44.768+0000] {logging_mixin.py:188} INFO - [2024-09-02T17:24:44.768+0000] {dagbag.py:545} INFO - Filling up the DagBag from /opt/airflow/dags/first_task.py
[2024-09-02T17:24:44.782+0000] {processor.py:840} INFO - DAG(s) 'our_first_dag_v5' retrieved from /opt/airflow/dags/first_task.py
[2024-09-02T17:24:44.803+0000] {logging_mixin.py:188} INFO - [2024-09-02T17:24:44.803+0000] {dag.py:3089} INFO - Sync 1 DAGs
[2024-09-02T17:24:44.820+0000] {logging_mixin.py:188} INFO - [2024-09-02T17:24:44.820+0000] {dag.py:3947} INFO - Setting next_dagrun for our_first_dag_v5 to 2021-07-30 00:00:00+00:00, run_after=2021-07-31 00:00:00+00:00
[2024-09-02T17:24:44.840+0000] {processor.py:183} INFO - Processing /opt/airflow/dags/first_task.py took 0.078 seconds
[2024-09-02T17:24:54.910+0000] {processor.py:161} INFO - Started process (PID=311) to work on /opt/airflow/dags/first_task.py
[2024-09-02T17:24:54.911+0000] {processor.py:830} INFO - Processing file /opt/airflow/dags/first_task.py for tasks to queue
[2024-09-02T17:24:54.912+0000] {logging_mixin.py:188} INFO - [2024-09-02T17:24:54.912+0000] {dagbag.py:545} INFO - Filling up the DagBag from /opt/airflow/dags/first_task.py
[2024-09-02T17:24:54.926+0000] {processor.py:840} INFO - DAG(s) 'our_first_dag_v5' retrieved from /opt/airflow/dags/first_task.py
[2024-09-02T17:24:54.947+0000] {logging_mixin.py:188} INFO - [2024-09-02T17:24:54.947+0000] {dag.py:3089} INFO - Sync 1 DAGs
[2024-09-02T17:24:54.965+0000] {logging_mixin.py:188} INFO - [2024-09-02T17:24:54.965+0000] {dag.py:3947} INFO - Setting next_dagrun for our_first_dag_v5 to 2021-07-30 00:00:00+00:00, run_after=2021-07-31 00:00:00+00:00
[2024-09-02T17:24:54.984+0000] {processor.py:183} INFO - Processing /opt/airflow/dags/first_task.py took 0.078 seconds
[2024-09-02T17:25:05.051+0000] {processor.py:161} INFO - Started process (PID=316) to work on /opt/airflow/dags/first_task.py
[2024-09-02T17:25:05.052+0000] {processor.py:830} INFO - Processing file /opt/airflow/dags/first_task.py for tasks to queue
[2024-09-02T17:25:05.054+0000] {logging_mixin.py:188} INFO - [2024-09-02T17:25:05.053+0000] {dagbag.py:545} INFO - Filling up the DagBag from /opt/airflow/dags/first_task.py
[2024-09-02T17:25:05.068+0000] {processor.py:840} INFO - DAG(s) 'our_first_dag_v5' retrieved from /opt/airflow/dags/first_task.py
[2024-09-02T17:25:05.089+0000] {logging_mixin.py:188} INFO - [2024-09-02T17:25:05.089+0000] {dag.py:3089} INFO - Sync 1 DAGs
[2024-09-02T17:25:05.105+0000] {logging_mixin.py:188} INFO - [2024-09-02T17:25:05.105+0000] {dag.py:3947} INFO - Setting next_dagrun for our_first_dag_v5 to 2021-07-30 00:00:00+00:00, run_after=2021-07-31 00:00:00+00:00
[2024-09-02T17:25:05.124+0000] {processor.py:183} INFO - Processing /opt/airflow/dags/first_task.py took 0.077 seconds
[2024-09-02T17:25:15.195+0000] {processor.py:161} INFO - Started process (PID=321) to work on /opt/airflow/dags/first_task.py
[2024-09-02T17:25:15.196+0000] {processor.py:830} INFO - Processing file /opt/airflow/dags/first_task.py for tasks to queue
[2024-09-02T17:25:15.197+0000] {logging_mixin.py:188} INFO - [2024-09-02T17:25:15.197+0000] {dagbag.py:545} INFO - Filling up the DagBag from /opt/airflow/dags/first_task.py
[2024-09-02T17:25:15.211+0000] {processor.py:840} INFO - DAG(s) 'our_first_dag_v5' retrieved from /opt/airflow/dags/first_task.py
[2024-09-02T17:25:15.232+0000] {logging_mixin.py:188} INFO - [2024-09-02T17:25:15.231+0000] {dag.py:3089} INFO - Sync 1 DAGs
[2024-09-02T17:25:15.248+0000] {logging_mixin.py:188} INFO - [2024-09-02T17:25:15.248+0000] {dag.py:3947} INFO - Setting next_dagrun for our_first_dag_v5 to 2021-07-30 00:00:00+00:00, run_after=2021-07-31 00:00:00+00:00
[2024-09-02T17:25:15.267+0000] {processor.py:183} INFO - Processing /opt/airflow/dags/first_task.py took 0.076 seconds
[2024-09-02T17:25:25.333+0000] {processor.py:161} INFO - Started process (PID=326) to work on /opt/airflow/dags/first_task.py
[2024-09-02T17:25:25.333+0000] {processor.py:830} INFO - Processing file /opt/airflow/dags/first_task.py for tasks to queue
[2024-09-02T17:25:25.335+0000] {logging_mixin.py:188} INFO - [2024-09-02T17:25:25.334+0000] {dagbag.py:545} INFO - Filling up the DagBag from /opt/airflow/dags/first_task.py
[2024-09-02T17:25:25.348+0000] {processor.py:840} INFO - DAG(s) 'our_first_dag_v5' retrieved from /opt/airflow/dags/first_task.py
[2024-09-02T17:25:25.369+0000] {logging_mixin.py:188} INFO - [2024-09-02T17:25:25.368+0000] {dag.py:3089} INFO - Sync 1 DAGs
[2024-09-02T17:25:25.386+0000] {logging_mixin.py:188} INFO - [2024-09-02T17:25:25.386+0000] {dag.py:3947} INFO - Setting next_dagrun for our_first_dag_v5 to 2021-07-30 00:00:00+00:00, run_after=2021-07-31 00:00:00+00:00
[2024-09-02T17:25:25.405+0000] {processor.py:183} INFO - Processing /opt/airflow/dags/first_task.py took 0.077 seconds
[2024-09-02T17:25:35.475+0000] {processor.py:161} INFO - Started process (PID=331) to work on /opt/airflow/dags/first_task.py
[2024-09-02T17:25:35.476+0000] {processor.py:830} INFO - Processing file /opt/airflow/dags/first_task.py for tasks to queue
[2024-09-02T17:25:35.478+0000] {logging_mixin.py:188} INFO - [2024-09-02T17:25:35.477+0000] {dagbag.py:545} INFO - Filling up the DagBag from /opt/airflow/dags/first_task.py
[2024-09-02T17:25:35.496+0000] {processor.py:840} INFO - DAG(s) 'our_first_dag_v5' retrieved from /opt/airflow/dags/first_task.py
[2024-09-02T17:25:35.526+0000] {logging_mixin.py:188} INFO - [2024-09-02T17:25:35.525+0000] {dag.py:3089} INFO - Sync 1 DAGs
[2024-09-02T17:25:35.544+0000] {logging_mixin.py:188} INFO - [2024-09-02T17:25:35.544+0000] {dag.py:3947} INFO - Setting next_dagrun for our_first_dag_v5 to 2021-07-30 00:00:00+00:00, run_after=2021-07-31 00:00:00+00:00
[2024-09-02T17:25:35.565+0000] {processor.py:183} INFO - Processing /opt/airflow/dags/first_task.py took 0.096 seconds
[2024-09-02T17:25:45.648+0000] {processor.py:161} INFO - Started process (PID=398) to work on /opt/airflow/dags/first_task.py
[2024-09-02T17:25:45.650+0000] {processor.py:830} INFO - Processing file /opt/airflow/dags/first_task.py for tasks to queue
[2024-09-02T17:25:45.651+0000] {logging_mixin.py:188} INFO - [2024-09-02T17:25:45.651+0000] {dagbag.py:545} INFO - Filling up the DagBag from /opt/airflow/dags/first_task.py
[2024-09-02T17:25:45.678+0000] {processor.py:840} INFO - DAG(s) 'our_first_dag_v5' retrieved from /opt/airflow/dags/first_task.py
[2024-09-02T17:25:45.716+0000] {logging_mixin.py:188} INFO - [2024-09-02T17:25:45.716+0000] {dag.py:3089} INFO - Sync 1 DAGs
[2024-09-02T17:25:45.770+0000] {logging_mixin.py:188} INFO - [2024-09-02T17:25:45.770+0000] {dag.py:3947} INFO - Setting next_dagrun for our_first_dag_v5 to 2021-08-11 00:00:00+00:00, run_after=2021-08-12 00:00:00+00:00
[2024-09-02T17:25:45.811+0000] {processor.py:183} INFO - Processing /opt/airflow/dags/first_task.py took 0.170 seconds
[2024-09-02T17:25:55.898+0000] {processor.py:161} INFO - Started process (PID=584) to work on /opt/airflow/dags/first_task.py
[2024-09-02T17:25:55.899+0000] {processor.py:830} INFO - Processing file /opt/airflow/dags/first_task.py for tasks to queue
[2024-09-02T17:25:55.900+0000] {logging_mixin.py:188} INFO - [2024-09-02T17:25:55.900+0000] {dagbag.py:545} INFO - Filling up the DagBag from /opt/airflow/dags/first_task.py
[2024-09-02T17:25:55.915+0000] {processor.py:840} INFO - DAG(s) 'our_first_dag_v5' retrieved from /opt/airflow/dags/first_task.py
[2024-09-02T17:25:55.939+0000] {logging_mixin.py:188} INFO - [2024-09-02T17:25:55.939+0000] {dag.py:3089} INFO - Sync 1 DAGs
[2024-09-02T17:25:55.959+0000] {logging_mixin.py:188} INFO - [2024-09-02T17:25:55.959+0000] {dag.py:3947} INFO - Setting next_dagrun for our_first_dag_v5 to 2021-08-25 00:00:00+00:00, run_after=2021-08-26 00:00:00+00:00
[2024-09-02T17:25:55.979+0000] {processor.py:183} INFO - Processing /opt/airflow/dags/first_task.py took 0.086 seconds
[2024-09-02T17:26:06.049+0000] {processor.py:161} INFO - Started process (PID=589) to work on /opt/airflow/dags/first_task.py
[2024-09-02T17:26:06.050+0000] {processor.py:830} INFO - Processing file /opt/airflow/dags/first_task.py for tasks to queue
[2024-09-02T17:26:06.051+0000] {logging_mixin.py:188} INFO - [2024-09-02T17:26:06.051+0000] {dagbag.py:545} INFO - Filling up the DagBag from /opt/airflow/dags/first_task.py
[2024-09-02T17:26:06.065+0000] {processor.py:840} INFO - DAG(s) 'our_first_dag_v5' retrieved from /opt/airflow/dags/first_task.py
[2024-09-02T17:26:06.085+0000] {logging_mixin.py:188} INFO - [2024-09-02T17:26:06.085+0000] {dag.py:3089} INFO - Sync 1 DAGs
[2024-09-02T17:26:06.104+0000] {logging_mixin.py:188} INFO - [2024-09-02T17:26:06.104+0000] {dag.py:3947} INFO - Setting next_dagrun for our_first_dag_v5 to 2021-08-25 00:00:00+00:00, run_after=2021-08-26 00:00:00+00:00
[2024-09-02T17:26:06.123+0000] {processor.py:183} INFO - Processing /opt/airflow/dags/first_task.py took 0.080 seconds
[2024-09-02T17:26:16.193+0000] {processor.py:161} INFO - Started process (PID=594) to work on /opt/airflow/dags/first_task.py
[2024-09-02T17:26:16.194+0000] {processor.py:830} INFO - Processing file /opt/airflow/dags/first_task.py for tasks to queue
[2024-09-02T17:26:16.195+0000] {logging_mixin.py:188} INFO - [2024-09-02T17:26:16.195+0000] {dagbag.py:545} INFO - Filling up the DagBag from /opt/airflow/dags/first_task.py
[2024-09-02T17:26:16.208+0000] {processor.py:840} INFO - DAG(s) 'our_first_dag_v5' retrieved from /opt/airflow/dags/first_task.py
[2024-09-02T17:26:16.229+0000] {logging_mixin.py:188} INFO - [2024-09-02T17:26:16.229+0000] {dag.py:3089} INFO - Sync 1 DAGs
[2024-09-02T17:26:16.246+0000] {logging_mixin.py:188} INFO - [2024-09-02T17:26:16.246+0000] {dag.py:3947} INFO - Setting next_dagrun for our_first_dag_v5 to 2021-08-25 00:00:00+00:00, run_after=2021-08-26 00:00:00+00:00
[2024-09-02T17:26:16.265+0000] {processor.py:183} INFO - Processing /opt/airflow/dags/first_task.py took 0.077 seconds
[2024-09-02T17:26:26.340+0000] {processor.py:161} INFO - Started process (PID=599) to work on /opt/airflow/dags/first_task.py
[2024-09-02T17:26:26.341+0000] {processor.py:830} INFO - Processing file /opt/airflow/dags/first_task.py for tasks to queue
[2024-09-02T17:26:26.342+0000] {logging_mixin.py:188} INFO - [2024-09-02T17:26:26.342+0000] {dagbag.py:545} INFO - Filling up the DagBag from /opt/airflow/dags/first_task.py
[2024-09-02T17:26:26.357+0000] {processor.py:840} INFO - DAG(s) 'our_first_dag_v5' retrieved from /opt/airflow/dags/first_task.py
[2024-09-02T17:26:26.381+0000] {logging_mixin.py:188} INFO - [2024-09-02T17:26:26.381+0000] {dag.py:3089} INFO - Sync 1 DAGs
[2024-09-02T17:26:26.403+0000] {logging_mixin.py:188} INFO - [2024-09-02T17:26:26.403+0000] {dag.py:3947} INFO - Setting next_dagrun for our_first_dag_v5 to 2021-08-25 00:00:00+00:00, run_after=2021-08-26 00:00:00+00:00
[2024-09-02T17:26:26.427+0000] {processor.py:183} INFO - Processing /opt/airflow/dags/first_task.py took 0.093 seconds
[2024-09-02T17:26:36.496+0000] {processor.py:161} INFO - Started process (PID=604) to work on /opt/airflow/dags/first_task.py
[2024-09-02T17:26:36.497+0000] {processor.py:830} INFO - Processing file /opt/airflow/dags/first_task.py for tasks to queue
[2024-09-02T17:26:36.498+0000] {logging_mixin.py:188} INFO - [2024-09-02T17:26:36.498+0000] {dagbag.py:545} INFO - Filling up the DagBag from /opt/airflow/dags/first_task.py
[2024-09-02T17:26:36.512+0000] {processor.py:840} INFO - DAG(s) 'our_first_dag_v5' retrieved from /opt/airflow/dags/first_task.py
[2024-09-02T17:26:36.533+0000] {logging_mixin.py:188} INFO - [2024-09-02T17:26:36.533+0000] {dag.py:3089} INFO - Sync 1 DAGs
[2024-09-02T17:26:36.552+0000] {logging_mixin.py:188} INFO - [2024-09-02T17:26:36.551+0000] {dag.py:3947} INFO - Setting next_dagrun for our_first_dag_v5 to 2021-08-25 00:00:00+00:00, run_after=2021-08-26 00:00:00+00:00
[2024-09-02T17:26:36.570+0000] {processor.py:183} INFO - Processing /opt/airflow/dags/first_task.py took 0.079 seconds
[2024-09-02T17:26:46.640+0000] {processor.py:161} INFO - Started process (PID=609) to work on /opt/airflow/dags/first_task.py
[2024-09-02T17:26:46.641+0000] {processor.py:830} INFO - Processing file /opt/airflow/dags/first_task.py for tasks to queue
[2024-09-02T17:26:46.643+0000] {logging_mixin.py:188} INFO - [2024-09-02T17:26:46.643+0000] {dagbag.py:545} INFO - Filling up the DagBag from /opt/airflow/dags/first_task.py
[2024-09-02T17:26:46.658+0000] {processor.py:840} INFO - DAG(s) 'our_first_dag_v5' retrieved from /opt/airflow/dags/first_task.py
[2024-09-02T17:26:46.683+0000] {logging_mixin.py:188} INFO - [2024-09-02T17:26:46.682+0000] {dag.py:3089} INFO - Sync 1 DAGs
[2024-09-02T17:26:46.702+0000] {logging_mixin.py:188} INFO - [2024-09-02T17:26:46.702+0000] {dag.py:3947} INFO - Setting next_dagrun for our_first_dag_v5 to 2021-08-25 00:00:00+00:00, run_after=2021-08-26 00:00:00+00:00
[2024-09-02T17:26:46.722+0000] {processor.py:183} INFO - Processing /opt/airflow/dags/first_task.py took 0.087 seconds
[2024-09-02T17:26:56.795+0000] {processor.py:161} INFO - Started process (PID=614) to work on /opt/airflow/dags/first_task.py
[2024-09-02T17:26:56.795+0000] {processor.py:830} INFO - Processing file /opt/airflow/dags/first_task.py for tasks to queue
[2024-09-02T17:26:56.796+0000] {logging_mixin.py:188} INFO - [2024-09-02T17:26:56.796+0000] {dagbag.py:545} INFO - Filling up the DagBag from /opt/airflow/dags/first_task.py
[2024-09-02T17:26:56.811+0000] {processor.py:840} INFO - DAG(s) 'our_first_dag_v5' retrieved from /opt/airflow/dags/first_task.py
[2024-09-02T17:26:56.831+0000] {logging_mixin.py:188} INFO - [2024-09-02T17:26:56.831+0000] {dag.py:3089} INFO - Sync 1 DAGs
[2024-09-02T17:26:56.849+0000] {logging_mixin.py:188} INFO - [2024-09-02T17:26:56.849+0000] {dag.py:3947} INFO - Setting next_dagrun for our_first_dag_v5 to 2021-08-25 00:00:00+00:00, run_after=2021-08-26 00:00:00+00:00
[2024-09-02T17:26:56.871+0000] {processor.py:183} INFO - Processing /opt/airflow/dags/first_task.py took 0.080 seconds
[2024-09-02T17:27:06.940+0000] {processor.py:161} INFO - Started process (PID=619) to work on /opt/airflow/dags/first_task.py
[2024-09-02T17:27:06.941+0000] {processor.py:830} INFO - Processing file /opt/airflow/dags/first_task.py for tasks to queue
[2024-09-02T17:27:06.942+0000] {logging_mixin.py:188} INFO - [2024-09-02T17:27:06.942+0000] {dagbag.py:545} INFO - Filling up the DagBag from /opt/airflow/dags/first_task.py
[2024-09-02T17:27:06.955+0000] {processor.py:840} INFO - DAG(s) 'our_first_dag_v5' retrieved from /opt/airflow/dags/first_task.py
[2024-09-02T17:27:06.976+0000] {logging_mixin.py:188} INFO - [2024-09-02T17:27:06.976+0000] {dag.py:3089} INFO - Sync 1 DAGs
[2024-09-02T17:27:06.994+0000] {logging_mixin.py:188} INFO - [2024-09-02T17:27:06.994+0000] {dag.py:3947} INFO - Setting next_dagrun for our_first_dag_v5 to 2021-08-25 00:00:00+00:00, run_after=2021-08-26 00:00:00+00:00
[2024-09-02T17:27:07.013+0000] {processor.py:183} INFO - Processing /opt/airflow/dags/first_task.py took 0.077 seconds
[2024-09-02T17:27:17.086+0000] {processor.py:161} INFO - Started process (PID=624) to work on /opt/airflow/dags/first_task.py
[2024-09-02T17:27:17.087+0000] {processor.py:830} INFO - Processing file /opt/airflow/dags/first_task.py for tasks to queue
[2024-09-02T17:27:17.089+0000] {logging_mixin.py:188} INFO - [2024-09-02T17:27:17.089+0000] {dagbag.py:545} INFO - Filling up the DagBag from /opt/airflow/dags/first_task.py
[2024-09-02T17:27:17.102+0000] {processor.py:840} INFO - DAG(s) 'our_first_dag_v5' retrieved from /opt/airflow/dags/first_task.py
[2024-09-02T17:27:17.123+0000] {logging_mixin.py:188} INFO - [2024-09-02T17:27:17.123+0000] {dag.py:3089} INFO - Sync 1 DAGs
[2024-09-02T17:27:17.141+0000] {logging_mixin.py:188} INFO - [2024-09-02T17:27:17.141+0000] {dag.py:3947} INFO - Setting next_dagrun for our_first_dag_v5 to 2021-08-25 00:00:00+00:00, run_after=2021-08-26 00:00:00+00:00
[2024-09-02T17:27:17.163+0000] {processor.py:183} INFO - Processing /opt/airflow/dags/first_task.py took 0.081 seconds
[2024-09-02T17:27:27.236+0000] {processor.py:161} INFO - Started process (PID=629) to work on /opt/airflow/dags/first_task.py
[2024-09-02T17:27:27.237+0000] {processor.py:830} INFO - Processing file /opt/airflow/dags/first_task.py for tasks to queue
[2024-09-02T17:27:27.238+0000] {logging_mixin.py:188} INFO - [2024-09-02T17:27:27.238+0000] {dagbag.py:545} INFO - Filling up the DagBag from /opt/airflow/dags/first_task.py
[2024-09-02T17:27:27.254+0000] {processor.py:840} INFO - DAG(s) 'our_first_dag_v5' retrieved from /opt/airflow/dags/first_task.py
[2024-09-02T17:27:27.276+0000] {logging_mixin.py:188} INFO - [2024-09-02T17:27:27.276+0000] {dag.py:3089} INFO - Sync 1 DAGs
[2024-09-02T17:27:27.294+0000] {logging_mixin.py:188} INFO - [2024-09-02T17:27:27.294+0000] {dag.py:3947} INFO - Setting next_dagrun for our_first_dag_v5 to 2021-08-25 00:00:00+00:00, run_after=2021-08-26 00:00:00+00:00
[2024-09-02T17:27:27.313+0000] {processor.py:183} INFO - Processing /opt/airflow/dags/first_task.py took 0.083 seconds
[2024-09-02T17:27:37.385+0000] {processor.py:161} INFO - Started process (PID=634) to work on /opt/airflow/dags/first_task.py
[2024-09-02T17:27:37.385+0000] {processor.py:830} INFO - Processing file /opt/airflow/dags/first_task.py for tasks to queue
[2024-09-02T17:27:37.387+0000] {logging_mixin.py:188} INFO - [2024-09-02T17:27:37.387+0000] {dagbag.py:545} INFO - Filling up the DagBag from /opt/airflow/dags/first_task.py
[2024-09-02T17:27:37.404+0000] {processor.py:840} INFO - DAG(s) 'our_first_dag_v5' retrieved from /opt/airflow/dags/first_task.py
[2024-09-02T17:27:37.427+0000] {logging_mixin.py:188} INFO - [2024-09-02T17:27:37.427+0000] {dag.py:3089} INFO - Sync 1 DAGs
[2024-09-02T17:27:37.448+0000] {logging_mixin.py:188} INFO - [2024-09-02T17:27:37.447+0000] {dag.py:3947} INFO - Setting next_dagrun for our_first_dag_v5 to 2021-08-25 00:00:00+00:00, run_after=2021-08-26 00:00:00+00:00
[2024-09-02T17:27:37.473+0000] {processor.py:183} INFO - Processing /opt/airflow/dags/first_task.py took 0.093 seconds
[2024-09-02T17:27:47.539+0000] {processor.py:161} INFO - Started process (PID=639) to work on /opt/airflow/dags/first_task.py
[2024-09-02T17:27:47.540+0000] {processor.py:830} INFO - Processing file /opt/airflow/dags/first_task.py for tasks to queue
[2024-09-02T17:27:47.542+0000] {logging_mixin.py:188} INFO - [2024-09-02T17:27:47.541+0000] {dagbag.py:545} INFO - Filling up the DagBag from /opt/airflow/dags/first_task.py
[2024-09-02T17:27:47.557+0000] {processor.py:840} INFO - DAG(s) 'our_first_dag_v5' retrieved from /opt/airflow/dags/first_task.py
[2024-09-02T17:27:47.582+0000] {logging_mixin.py:188} INFO - [2024-09-02T17:27:47.581+0000] {dag.py:3089} INFO - Sync 1 DAGs
[2024-09-02T17:27:47.599+0000] {logging_mixin.py:188} INFO - [2024-09-02T17:27:47.599+0000] {dag.py:3947} INFO - Setting next_dagrun for our_first_dag_v5 to 2021-08-25 00:00:00+00:00, run_after=2021-08-26 00:00:00+00:00
[2024-09-02T17:27:47.622+0000] {processor.py:183} INFO - Processing /opt/airflow/dags/first_task.py took 0.088 seconds
[2024-09-02T17:27:57.691+0000] {processor.py:161} INFO - Started process (PID=644) to work on /opt/airflow/dags/first_task.py
[2024-09-02T17:27:57.692+0000] {processor.py:830} INFO - Processing file /opt/airflow/dags/first_task.py for tasks to queue
[2024-09-02T17:27:57.693+0000] {logging_mixin.py:188} INFO - [2024-09-02T17:27:57.693+0000] {dagbag.py:545} INFO - Filling up the DagBag from /opt/airflow/dags/first_task.py
[2024-09-02T17:27:57.707+0000] {processor.py:840} INFO - DAG(s) 'our_first_dag_v5' retrieved from /opt/airflow/dags/first_task.py
[2024-09-02T17:27:57.728+0000] {logging_mixin.py:188} INFO - [2024-09-02T17:27:57.728+0000] {dag.py:3089} INFO - Sync 1 DAGs
[2024-09-02T17:27:57.746+0000] {logging_mixin.py:188} INFO - [2024-09-02T17:27:57.745+0000] {dag.py:3947} INFO - Setting next_dagrun for our_first_dag_v5 to 2021-08-25 00:00:00+00:00, run_after=2021-08-26 00:00:00+00:00
[2024-09-02T17:27:57.765+0000] {processor.py:183} INFO - Processing /opt/airflow/dags/first_task.py took 0.078 seconds
[2024-09-02T17:28:07.834+0000] {processor.py:161} INFO - Started process (PID=649) to work on /opt/airflow/dags/first_task.py
[2024-09-02T17:28:07.835+0000] {processor.py:830} INFO - Processing file /opt/airflow/dags/first_task.py for tasks to queue
[2024-09-02T17:28:07.836+0000] {logging_mixin.py:188} INFO - [2024-09-02T17:28:07.836+0000] {dagbag.py:545} INFO - Filling up the DagBag from /opt/airflow/dags/first_task.py
[2024-09-02T17:28:07.851+0000] {processor.py:840} INFO - DAG(s) 'our_first_dag_v5' retrieved from /opt/airflow/dags/first_task.py
[2024-09-02T17:28:07.874+0000] {logging_mixin.py:188} INFO - [2024-09-02T17:28:07.874+0000] {dag.py:3089} INFO - Sync 1 DAGs
[2024-09-02T17:28:07.892+0000] {logging_mixin.py:188} INFO - [2024-09-02T17:28:07.892+0000] {dag.py:3947} INFO - Setting next_dagrun for our_first_dag_v5 to 2021-08-25 00:00:00+00:00, run_after=2021-08-26 00:00:00+00:00
[2024-09-02T17:28:07.912+0000] {processor.py:183} INFO - Processing /opt/airflow/dags/first_task.py took 0.084 seconds
[2024-09-02T17:28:17.981+0000] {processor.py:161} INFO - Started process (PID=654) to work on /opt/airflow/dags/first_task.py
[2024-09-02T17:28:17.981+0000] {processor.py:830} INFO - Processing file /opt/airflow/dags/first_task.py for tasks to queue
[2024-09-02T17:28:17.983+0000] {logging_mixin.py:188} INFO - [2024-09-02T17:28:17.982+0000] {dagbag.py:545} INFO - Filling up the DagBag from /opt/airflow/dags/first_task.py
[2024-09-02T17:28:17.997+0000] {processor.py:840} INFO - DAG(s) 'our_first_dag_v5' retrieved from /opt/airflow/dags/first_task.py
[2024-09-02T17:28:18.019+0000] {logging_mixin.py:188} INFO - [2024-09-02T17:28:18.019+0000] {dag.py:3089} INFO - Sync 1 DAGs
[2024-09-02T17:28:18.039+0000] {logging_mixin.py:188} INFO - [2024-09-02T17:28:18.039+0000] {dag.py:3947} INFO - Setting next_dagrun for our_first_dag_v5 to 2021-08-25 00:00:00+00:00, run_after=2021-08-26 00:00:00+00:00
[2024-09-02T17:28:18.059+0000] {processor.py:183} INFO - Processing /opt/airflow/dags/first_task.py took 0.083 seconds
[2024-09-02T17:28:28.126+0000] {processor.py:161} INFO - Started process (PID=659) to work on /opt/airflow/dags/first_task.py
[2024-09-02T17:28:28.127+0000] {processor.py:830} INFO - Processing file /opt/airflow/dags/first_task.py for tasks to queue
[2024-09-02T17:28:28.129+0000] {logging_mixin.py:188} INFO - [2024-09-02T17:28:28.128+0000] {dagbag.py:545} INFO - Filling up the DagBag from /opt/airflow/dags/first_task.py
[2024-09-02T17:28:28.143+0000] {processor.py:840} INFO - DAG(s) 'our_first_dag_v5' retrieved from /opt/airflow/dags/first_task.py
[2024-09-02T17:28:28.164+0000] {logging_mixin.py:188} INFO - [2024-09-02T17:28:28.164+0000] {dag.py:3089} INFO - Sync 1 DAGs
[2024-09-02T17:28:28.182+0000] {logging_mixin.py:188} INFO - [2024-09-02T17:28:28.182+0000] {dag.py:3947} INFO - Setting next_dagrun for our_first_dag_v5 to 2021-08-25 00:00:00+00:00, run_after=2021-08-26 00:00:00+00:00
[2024-09-02T17:28:28.202+0000] {processor.py:183} INFO - Processing /opt/airflow/dags/first_task.py took 0.080 seconds
[2024-09-02T17:28:38.269+0000] {processor.py:161} INFO - Started process (PID=664) to work on /opt/airflow/dags/first_task.py
[2024-09-02T17:28:38.269+0000] {processor.py:830} INFO - Processing file /opt/airflow/dags/first_task.py for tasks to queue
[2024-09-02T17:28:38.271+0000] {logging_mixin.py:188} INFO - [2024-09-02T17:28:38.271+0000] {dagbag.py:545} INFO - Filling up the DagBag from /opt/airflow/dags/first_task.py
[2024-09-02T17:28:38.285+0000] {processor.py:840} INFO - DAG(s) 'our_first_dag_v5' retrieved from /opt/airflow/dags/first_task.py
[2024-09-02T17:28:38.306+0000] {logging_mixin.py:188} INFO - [2024-09-02T17:28:38.305+0000] {dag.py:3089} INFO - Sync 1 DAGs
[2024-09-02T17:28:38.324+0000] {logging_mixin.py:188} INFO - [2024-09-02T17:28:38.323+0000] {dag.py:3947} INFO - Setting next_dagrun for our_first_dag_v5 to 2021-08-25 00:00:00+00:00, run_after=2021-08-26 00:00:00+00:00
[2024-09-02T17:28:38.344+0000] {processor.py:183} INFO - Processing /opt/airflow/dags/first_task.py took 0.079 seconds
[2024-09-02T17:28:48.414+0000] {processor.py:161} INFO - Started process (PID=669) to work on /opt/airflow/dags/first_task.py
[2024-09-02T17:28:48.415+0000] {processor.py:830} INFO - Processing file /opt/airflow/dags/first_task.py for tasks to queue
[2024-09-02T17:28:48.416+0000] {logging_mixin.py:188} INFO - [2024-09-02T17:28:48.416+0000] {dagbag.py:545} INFO - Filling up the DagBag from /opt/airflow/dags/first_task.py
[2024-09-02T17:28:48.430+0000] {processor.py:840} INFO - DAG(s) 'our_first_dag_v5' retrieved from /opt/airflow/dags/first_task.py
[2024-09-02T17:28:48.452+0000] {logging_mixin.py:188} INFO - [2024-09-02T17:28:48.451+0000] {dag.py:3089} INFO - Sync 1 DAGs
[2024-09-02T17:28:48.471+0000] {logging_mixin.py:188} INFO - [2024-09-02T17:28:48.471+0000] {dag.py:3947} INFO - Setting next_dagrun for our_first_dag_v5 to 2021-08-25 00:00:00+00:00, run_after=2021-08-26 00:00:00+00:00
[2024-09-02T17:28:48.490+0000] {processor.py:183} INFO - Processing /opt/airflow/dags/first_task.py took 0.082 seconds
[2024-09-02T17:28:58.564+0000] {processor.py:161} INFO - Started process (PID=674) to work on /opt/airflow/dags/first_task.py
[2024-09-02T17:28:58.565+0000] {processor.py:830} INFO - Processing file /opt/airflow/dags/first_task.py for tasks to queue
[2024-09-02T17:28:58.567+0000] {logging_mixin.py:188} INFO - [2024-09-02T17:28:58.567+0000] {dagbag.py:545} INFO - Filling up the DagBag from /opt/airflow/dags/first_task.py
[2024-09-02T17:28:58.583+0000] {processor.py:840} INFO - DAG(s) 'our_first_dag_v5' retrieved from /opt/airflow/dags/first_task.py
[2024-09-02T17:28:58.605+0000] {logging_mixin.py:188} INFO - [2024-09-02T17:28:58.605+0000] {dag.py:3089} INFO - Sync 1 DAGs
[2024-09-02T17:28:58.626+0000] {logging_mixin.py:188} INFO - [2024-09-02T17:28:58.626+0000] {dag.py:3947} INFO - Setting next_dagrun for our_first_dag_v5 to 2021-08-25 00:00:00+00:00, run_after=2021-08-26 00:00:00+00:00
[2024-09-02T17:28:58.646+0000] {processor.py:183} INFO - Processing /opt/airflow/dags/first_task.py took 0.087 seconds
[2024-09-02T17:29:08.722+0000] {processor.py:161} INFO - Started process (PID=679) to work on /opt/airflow/dags/first_task.py
[2024-09-02T17:29:08.723+0000] {processor.py:830} INFO - Processing file /opt/airflow/dags/first_task.py for tasks to queue
[2024-09-02T17:29:08.724+0000] {logging_mixin.py:188} INFO - [2024-09-02T17:29:08.724+0000] {dagbag.py:545} INFO - Filling up the DagBag from /opt/airflow/dags/first_task.py
[2024-09-02T17:29:08.739+0000] {processor.py:840} INFO - DAG(s) 'our_first_dag_v5' retrieved from /opt/airflow/dags/first_task.py
[2024-09-02T17:29:08.761+0000] {logging_mixin.py:188} INFO - [2024-09-02T17:29:08.761+0000] {dag.py:3089} INFO - Sync 1 DAGs
[2024-09-02T17:29:08.781+0000] {logging_mixin.py:188} INFO - [2024-09-02T17:29:08.780+0000] {dag.py:3947} INFO - Setting next_dagrun for our_first_dag_v5 to 2021-08-25 00:00:00+00:00, run_after=2021-08-26 00:00:00+00:00
[2024-09-02T17:29:08.801+0000] {processor.py:183} INFO - Processing /opt/airflow/dags/first_task.py took 0.084 seconds
[2024-09-02T17:29:18.884+0000] {processor.py:161} INFO - Started process (PID=684) to work on /opt/airflow/dags/first_task.py
[2024-09-02T17:29:18.885+0000] {processor.py:830} INFO - Processing file /opt/airflow/dags/first_task.py for tasks to queue
[2024-09-02T17:29:18.887+0000] {logging_mixin.py:188} INFO - [2024-09-02T17:29:18.886+0000] {dagbag.py:545} INFO - Filling up the DagBag from /opt/airflow/dags/first_task.py
[2024-09-02T17:29:18.910+0000] {processor.py:840} INFO - DAG(s) 'our_first_dag_v5' retrieved from /opt/airflow/dags/first_task.py
[2024-09-02T17:29:18.934+0000] {logging_mixin.py:188} INFO - [2024-09-02T17:29:18.934+0000] {dag.py:3089} INFO - Sync 1 DAGs
[2024-09-02T17:29:18.956+0000] {logging_mixin.py:188} INFO - [2024-09-02T17:29:18.956+0000] {dag.py:3947} INFO - Setting next_dagrun for our_first_dag_v5 to 2021-08-25 00:00:00+00:00, run_after=2021-08-26 00:00:00+00:00
[2024-09-02T17:29:18.978+0000] {processor.py:183} INFO - Processing /opt/airflow/dags/first_task.py took 0.100 seconds
[2024-09-02T17:29:29.056+0000] {processor.py:161} INFO - Started process (PID=689) to work on /opt/airflow/dags/first_task.py
[2024-09-02T17:29:29.057+0000] {processor.py:830} INFO - Processing file /opt/airflow/dags/first_task.py for tasks to queue
[2024-09-02T17:29:29.059+0000] {logging_mixin.py:188} INFO - [2024-09-02T17:29:29.059+0000] {dagbag.py:545} INFO - Filling up the DagBag from /opt/airflow/dags/first_task.py
[2024-09-02T17:29:29.075+0000] {processor.py:840} INFO - DAG(s) 'our_first_dag_v5' retrieved from /opt/airflow/dags/first_task.py
[2024-09-02T17:29:29.097+0000] {logging_mixin.py:188} INFO - [2024-09-02T17:29:29.096+0000] {dag.py:3089} INFO - Sync 1 DAGs
[2024-09-02T17:29:29.117+0000] {logging_mixin.py:188} INFO - [2024-09-02T17:29:29.117+0000] {dag.py:3947} INFO - Setting next_dagrun for our_first_dag_v5 to 2021-08-25 00:00:00+00:00, run_after=2021-08-26 00:00:00+00:00
[2024-09-02T17:29:29.139+0000] {processor.py:183} INFO - Processing /opt/airflow/dags/first_task.py took 0.088 seconds
[2024-09-02T17:29:39.207+0000] {processor.py:161} INFO - Started process (PID=694) to work on /opt/airflow/dags/first_task.py
[2024-09-02T17:29:39.208+0000] {processor.py:830} INFO - Processing file /opt/airflow/dags/first_task.py for tasks to queue
[2024-09-02T17:29:39.209+0000] {logging_mixin.py:188} INFO - [2024-09-02T17:29:39.209+0000] {dagbag.py:545} INFO - Filling up the DagBag from /opt/airflow/dags/first_task.py
[2024-09-02T17:29:39.223+0000] {processor.py:840} INFO - DAG(s) 'our_first_dag_v5' retrieved from /opt/airflow/dags/first_task.py
[2024-09-02T17:29:39.244+0000] {logging_mixin.py:188} INFO - [2024-09-02T17:29:39.244+0000] {dag.py:3089} INFO - Sync 1 DAGs
[2024-09-02T17:29:39.263+0000] {logging_mixin.py:188} INFO - [2024-09-02T17:29:39.262+0000] {dag.py:3947} INFO - Setting next_dagrun for our_first_dag_v5 to 2021-08-25 00:00:00+00:00, run_after=2021-08-26 00:00:00+00:00
[2024-09-02T17:29:39.283+0000] {processor.py:183} INFO - Processing /opt/airflow/dags/first_task.py took 0.080 seconds
[2024-09-02T17:29:49.356+0000] {processor.py:161} INFO - Started process (PID=699) to work on /opt/airflow/dags/first_task.py
[2024-09-02T17:29:49.357+0000] {processor.py:830} INFO - Processing file /opt/airflow/dags/first_task.py for tasks to queue
[2024-09-02T17:29:49.358+0000] {logging_mixin.py:188} INFO - [2024-09-02T17:29:49.358+0000] {dagbag.py:545} INFO - Filling up the DagBag from /opt/airflow/dags/first_task.py
[2024-09-02T17:29:49.372+0000] {processor.py:840} INFO - DAG(s) 'our_first_dag_v5' retrieved from /opt/airflow/dags/first_task.py
[2024-09-02T17:29:49.393+0000] {logging_mixin.py:188} INFO - [2024-09-02T17:29:49.393+0000] {dag.py:3089} INFO - Sync 1 DAGs
[2024-09-02T17:29:49.412+0000] {logging_mixin.py:188} INFO - [2024-09-02T17:29:49.412+0000] {dag.py:3947} INFO - Setting next_dagrun for our_first_dag_v5 to 2021-08-25 00:00:00+00:00, run_after=2021-08-26 00:00:00+00:00
[2024-09-02T17:29:49.431+0000] {processor.py:183} INFO - Processing /opt/airflow/dags/first_task.py took 0.080 seconds
[2024-09-02T17:29:59.501+0000] {processor.py:161} INFO - Started process (PID=704) to work on /opt/airflow/dags/first_task.py
[2024-09-02T17:29:59.501+0000] {processor.py:830} INFO - Processing file /opt/airflow/dags/first_task.py for tasks to queue
[2024-09-02T17:29:59.503+0000] {logging_mixin.py:188} INFO - [2024-09-02T17:29:59.502+0000] {dagbag.py:545} INFO - Filling up the DagBag from /opt/airflow/dags/first_task.py
[2024-09-02T17:29:59.516+0000] {processor.py:840} INFO - DAG(s) 'our_first_dag_v5' retrieved from /opt/airflow/dags/first_task.py
[2024-09-02T17:29:59.536+0000] {logging_mixin.py:188} INFO - [2024-09-02T17:29:59.536+0000] {dag.py:3089} INFO - Sync 1 DAGs
[2024-09-02T17:29:59.553+0000] {logging_mixin.py:188} INFO - [2024-09-02T17:29:59.553+0000] {dag.py:3947} INFO - Setting next_dagrun for our_first_dag_v5 to 2021-08-25 00:00:00+00:00, run_after=2021-08-26 00:00:00+00:00
[2024-09-02T17:29:59.572+0000] {processor.py:183} INFO - Processing /opt/airflow/dags/first_task.py took 0.077 seconds
[2024-09-02T17:30:09.639+0000] {processor.py:161} INFO - Started process (PID=709) to work on /opt/airflow/dags/first_task.py
[2024-09-02T17:30:09.640+0000] {processor.py:830} INFO - Processing file /opt/airflow/dags/first_task.py for tasks to queue
[2024-09-02T17:30:09.641+0000] {logging_mixin.py:188} INFO - [2024-09-02T17:30:09.641+0000] {dagbag.py:545} INFO - Filling up the DagBag from /opt/airflow/dags/first_task.py
[2024-09-02T17:30:09.656+0000] {processor.py:840} INFO - DAG(s) 'our_first_dag_v5' retrieved from /opt/airflow/dags/first_task.py
[2024-09-02T17:30:09.677+0000] {logging_mixin.py:188} INFO - [2024-09-02T17:30:09.677+0000] {dag.py:3089} INFO - Sync 1 DAGs
[2024-09-02T17:30:09.696+0000] {logging_mixin.py:188} INFO - [2024-09-02T17:30:09.696+0000] {dag.py:3947} INFO - Setting next_dagrun for our_first_dag_v5 to 2021-08-25 00:00:00+00:00, run_after=2021-08-26 00:00:00+00:00
[2024-09-02T17:30:09.714+0000] {processor.py:183} INFO - Processing /opt/airflow/dags/first_task.py took 0.080 seconds
[2024-09-02T17:30:19.789+0000] {processor.py:161} INFO - Started process (PID=714) to work on /opt/airflow/dags/first_task.py
[2024-09-02T17:30:19.790+0000] {processor.py:830} INFO - Processing file /opt/airflow/dags/first_task.py for tasks to queue
[2024-09-02T17:30:19.792+0000] {logging_mixin.py:188} INFO - [2024-09-02T17:30:19.791+0000] {dagbag.py:545} INFO - Filling up the DagBag from /opt/airflow/dags/first_task.py
[2024-09-02T17:30:19.807+0000] {processor.py:840} INFO - DAG(s) 'our_first_dag_v5' retrieved from /opt/airflow/dags/first_task.py
[2024-09-02T17:30:19.829+0000] {logging_mixin.py:188} INFO - [2024-09-02T17:30:19.829+0000] {dag.py:3089} INFO - Sync 1 DAGs
[2024-09-02T17:30:19.848+0000] {logging_mixin.py:188} INFO - [2024-09-02T17:30:19.848+0000] {dag.py:3947} INFO - Setting next_dagrun for our_first_dag_v5 to 2021-08-25 00:00:00+00:00, run_after=2021-08-26 00:00:00+00:00
[2024-09-02T17:30:19.869+0000] {processor.py:183} INFO - Processing /opt/airflow/dags/first_task.py took 0.085 seconds
[2024-09-02T17:30:29.941+0000] {processor.py:161} INFO - Started process (PID=719) to work on /opt/airflow/dags/first_task.py
[2024-09-02T17:30:29.942+0000] {processor.py:830} INFO - Processing file /opt/airflow/dags/first_task.py for tasks to queue
[2024-09-02T17:30:29.943+0000] {logging_mixin.py:188} INFO - [2024-09-02T17:30:29.943+0000] {dagbag.py:545} INFO - Filling up the DagBag from /opt/airflow/dags/first_task.py
[2024-09-02T17:30:29.958+0000] {processor.py:840} INFO - DAG(s) 'our_first_dag_v5' retrieved from /opt/airflow/dags/first_task.py
[2024-09-02T17:30:29.978+0000] {logging_mixin.py:188} INFO - [2024-09-02T17:30:29.978+0000] {dag.py:3089} INFO - Sync 1 DAGs
[2024-09-02T17:30:29.995+0000] {logging_mixin.py:188} INFO - [2024-09-02T17:30:29.995+0000] {dag.py:3947} INFO - Setting next_dagrun for our_first_dag_v5 to 2021-08-25 00:00:00+00:00, run_after=2021-08-26 00:00:00+00:00
[2024-09-02T17:30:30.014+0000] {processor.py:183} INFO - Processing /opt/airflow/dags/first_task.py took 0.077 seconds
[2024-09-02T17:30:40.082+0000] {processor.py:161} INFO - Started process (PID=724) to work on /opt/airflow/dags/first_task.py
[2024-09-02T17:30:40.083+0000] {processor.py:830} INFO - Processing file /opt/airflow/dags/first_task.py for tasks to queue
[2024-09-02T17:30:40.084+0000] {logging_mixin.py:188} INFO - [2024-09-02T17:30:40.084+0000] {dagbag.py:545} INFO - Filling up the DagBag from /opt/airflow/dags/first_task.py
[2024-09-02T17:30:40.098+0000] {processor.py:840} INFO - DAG(s) 'our_first_dag_v5' retrieved from /opt/airflow/dags/first_task.py
[2024-09-02T17:30:40.120+0000] {logging_mixin.py:188} INFO - [2024-09-02T17:30:40.120+0000] {dag.py:3089} INFO - Sync 1 DAGs
[2024-09-02T17:30:40.139+0000] {logging_mixin.py:188} INFO - [2024-09-02T17:30:40.139+0000] {dag.py:3947} INFO - Setting next_dagrun for our_first_dag_v5 to 2021-08-25 00:00:00+00:00, run_after=2021-08-26 00:00:00+00:00
[2024-09-02T17:30:40.161+0000] {processor.py:183} INFO - Processing /opt/airflow/dags/first_task.py took 0.084 seconds
[2024-09-02T17:30:50.233+0000] {processor.py:161} INFO - Started process (PID=729) to work on /opt/airflow/dags/first_task.py
[2024-09-02T17:30:50.234+0000] {processor.py:830} INFO - Processing file /opt/airflow/dags/first_task.py for tasks to queue
[2024-09-02T17:30:50.235+0000] {logging_mixin.py:188} INFO - [2024-09-02T17:30:50.235+0000] {dagbag.py:545} INFO - Filling up the DagBag from /opt/airflow/dags/first_task.py
[2024-09-02T17:30:50.251+0000] {processor.py:840} INFO - DAG(s) 'our_first_dag_v5' retrieved from /opt/airflow/dags/first_task.py
[2024-09-02T17:30:50.274+0000] {logging_mixin.py:188} INFO - [2024-09-02T17:30:50.273+0000] {dag.py:3089} INFO - Sync 1 DAGs
[2024-09-02T17:30:50.292+0000] {logging_mixin.py:188} INFO - [2024-09-02T17:30:50.292+0000] {dag.py:3947} INFO - Setting next_dagrun for our_first_dag_v5 to 2021-08-25 00:00:00+00:00, run_after=2021-08-26 00:00:00+00:00
[2024-09-02T17:30:50.312+0000] {processor.py:183} INFO - Processing /opt/airflow/dags/first_task.py took 0.084 seconds
[2024-09-02T17:30:53.253+0000] {processor.py:161} INFO - Started process (PID=734) to work on /opt/airflow/dags/first_task.py
[2024-09-02T17:30:53.254+0000] {processor.py:830} INFO - Processing file /opt/airflow/dags/first_task.py for tasks to queue
[2024-09-02T17:30:53.256+0000] {logging_mixin.py:188} INFO - [2024-09-02T17:30:53.256+0000] {dagbag.py:545} INFO - Filling up the DagBag from /opt/airflow/dags/first_task.py
[2024-09-02T17:30:53.275+0000] {processor.py:840} INFO - DAG(s) 'our_first_dag_v5' retrieved from /opt/airflow/dags/first_task.py
[2024-09-02T17:30:53.416+0000] {logging_mixin.py:188} INFO - [2024-09-02T17:30:53.416+0000] {dag.py:3089} INFO - Sync 1 DAGs
[2024-09-02T17:30:53.437+0000] {logging_mixin.py:188} INFO - [2024-09-02T17:30:53.436+0000] {dag.py:3947} INFO - Setting next_dagrun for our_first_dag_v5 to 2024-09-03 00:00:00+00:00, run_after=2024-09-04 00:00:00+00:00
[2024-09-02T17:30:53.470+0000] {processor.py:183} INFO - Processing /opt/airflow/dags/first_task.py took 0.221 seconds
[2024-09-02T17:31:03.541+0000] {processor.py:161} INFO - Started process (PID=739) to work on /opt/airflow/dags/first_task.py
[2024-09-02T17:31:03.541+0000] {processor.py:830} INFO - Processing file /opt/airflow/dags/first_task.py for tasks to queue
[2024-09-02T17:31:03.543+0000] {logging_mixin.py:188} INFO - [2024-09-02T17:31:03.542+0000] {dagbag.py:545} INFO - Filling up the DagBag from /opt/airflow/dags/first_task.py
[2024-09-02T17:31:03.557+0000] {processor.py:840} INFO - DAG(s) 'our_first_dag_v5' retrieved from /opt/airflow/dags/first_task.py
[2024-09-02T17:31:03.564+0000] {logging_mixin.py:188} INFO - [2024-09-02T17:31:03.564+0000] {dag.py:3089} INFO - Sync 1 DAGs
[2024-09-02T17:31:03.584+0000] {logging_mixin.py:188} INFO - [2024-09-02T17:31:03.584+0000] {dag.py:3947} INFO - Setting next_dagrun for our_first_dag_v5 to 2024-09-03 00:00:00+00:00, run_after=2024-09-04 00:00:00+00:00
[2024-09-02T17:31:03.603+0000] {processor.py:183} INFO - Processing /opt/airflow/dags/first_task.py took 0.067 seconds
[2024-09-02T17:31:13.668+0000] {processor.py:161} INFO - Started process (PID=744) to work on /opt/airflow/dags/first_task.py
[2024-09-02T17:31:13.669+0000] {processor.py:830} INFO - Processing file /opt/airflow/dags/first_task.py for tasks to queue
[2024-09-02T17:31:13.670+0000] {logging_mixin.py:188} INFO - [2024-09-02T17:31:13.670+0000] {dagbag.py:545} INFO - Filling up the DagBag from /opt/airflow/dags/first_task.py
[2024-09-02T17:31:13.684+0000] {processor.py:840} INFO - DAG(s) 'our_first_dag_v5' retrieved from /opt/airflow/dags/first_task.py
[2024-09-02T17:31:13.692+0000] {logging_mixin.py:188} INFO - [2024-09-02T17:31:13.692+0000] {dag.py:3089} INFO - Sync 1 DAGs
[2024-09-02T17:31:13.710+0000] {logging_mixin.py:188} INFO - [2024-09-02T17:31:13.709+0000] {dag.py:3947} INFO - Setting next_dagrun for our_first_dag_v5 to 2024-09-03 00:00:00+00:00, run_after=2024-09-04 00:00:00+00:00
[2024-09-02T17:31:13.728+0000] {processor.py:183} INFO - Processing /opt/airflow/dags/first_task.py took 0.064 seconds
[2024-09-02T17:31:23.797+0000] {processor.py:161} INFO - Started process (PID=749) to work on /opt/airflow/dags/first_task.py
[2024-09-02T17:31:23.798+0000] {processor.py:830} INFO - Processing file /opt/airflow/dags/first_task.py for tasks to queue
[2024-09-02T17:31:23.799+0000] {logging_mixin.py:188} INFO - [2024-09-02T17:31:23.799+0000] {dagbag.py:545} INFO - Filling up the DagBag from /opt/airflow/dags/first_task.py
[2024-09-02T17:31:23.813+0000] {processor.py:840} INFO - DAG(s) 'our_first_dag_v5' retrieved from /opt/airflow/dags/first_task.py
[2024-09-02T17:31:23.833+0000] {logging_mixin.py:188} INFO - [2024-09-02T17:31:23.833+0000] {dag.py:3089} INFO - Sync 1 DAGs
[2024-09-02T17:31:23.850+0000] {logging_mixin.py:188} INFO - [2024-09-02T17:31:23.850+0000] {dag.py:3947} INFO - Setting next_dagrun for our_first_dag_v5 to 2024-09-03 00:00:00+00:00, run_after=2024-09-04 00:00:00+00:00
[2024-09-02T17:31:23.869+0000] {processor.py:183} INFO - Processing /opt/airflow/dags/first_task.py took 0.077 seconds
[2024-09-02T17:31:33.945+0000] {processor.py:161} INFO - Started process (PID=754) to work on /opt/airflow/dags/first_task.py
[2024-09-02T17:31:33.946+0000] {processor.py:830} INFO - Processing file /opt/airflow/dags/first_task.py for tasks to queue
[2024-09-02T17:31:33.947+0000] {logging_mixin.py:188} INFO - [2024-09-02T17:31:33.947+0000] {dagbag.py:545} INFO - Filling up the DagBag from /opt/airflow/dags/first_task.py
[2024-09-02T17:31:33.965+0000] {processor.py:840} INFO - DAG(s) 'our_first_dag_v5' retrieved from /opt/airflow/dags/first_task.py
[2024-09-02T17:31:33.991+0000] {logging_mixin.py:188} INFO - [2024-09-02T17:31:33.991+0000] {dag.py:3089} INFO - Sync 1 DAGs
[2024-09-02T17:31:34.013+0000] {logging_mixin.py:188} INFO - [2024-09-02T17:31:34.013+0000] {dag.py:3947} INFO - Setting next_dagrun for our_first_dag_v5 to 2024-09-03 00:00:00+00:00, run_after=2024-09-04 00:00:00+00:00
[2024-09-02T17:31:34.038+0000] {processor.py:183} INFO - Processing /opt/airflow/dags/first_task.py took 0.100 seconds
[2024-09-02T17:31:44.109+0000] {processor.py:161} INFO - Started process (PID=759) to work on /opt/airflow/dags/first_task.py
[2024-09-02T17:31:44.109+0000] {processor.py:830} INFO - Processing file /opt/airflow/dags/first_task.py for tasks to queue
[2024-09-02T17:31:44.111+0000] {logging_mixin.py:188} INFO - [2024-09-02T17:31:44.111+0000] {dagbag.py:545} INFO - Filling up the DagBag from /opt/airflow/dags/first_task.py
[2024-09-02T17:31:44.125+0000] {processor.py:840} INFO - DAG(s) 'our_first_dag_v5' retrieved from /opt/airflow/dags/first_task.py
[2024-09-02T17:31:44.147+0000] {logging_mixin.py:188} INFO - [2024-09-02T17:31:44.146+0000] {dag.py:3089} INFO - Sync 1 DAGs
[2024-09-02T17:31:44.165+0000] {logging_mixin.py:188} INFO - [2024-09-02T17:31:44.165+0000] {dag.py:3947} INFO - Setting next_dagrun for our_first_dag_v5 to 2024-09-03 00:00:00+00:00, run_after=2024-09-04 00:00:00+00:00
[2024-09-02T17:31:44.183+0000] {processor.py:183} INFO - Processing /opt/airflow/dags/first_task.py took 0.080 seconds
[2024-09-02T17:31:54.249+0000] {processor.py:161} INFO - Started process (PID=764) to work on /opt/airflow/dags/first_task.py
[2024-09-02T17:31:54.250+0000] {processor.py:830} INFO - Processing file /opt/airflow/dags/first_task.py for tasks to queue
[2024-09-02T17:31:54.251+0000] {logging_mixin.py:188} INFO - [2024-09-02T17:31:54.251+0000] {dagbag.py:545} INFO - Filling up the DagBag from /opt/airflow/dags/first_task.py
[2024-09-02T17:31:54.266+0000] {processor.py:840} INFO - DAG(s) 'our_first_dag_v5' retrieved from /opt/airflow/dags/first_task.py
[2024-09-02T17:31:54.288+0000] {logging_mixin.py:188} INFO - [2024-09-02T17:31:54.288+0000] {dag.py:3089} INFO - Sync 1 DAGs
[2024-09-02T17:31:54.307+0000] {logging_mixin.py:188} INFO - [2024-09-02T17:31:54.307+0000] {dag.py:3947} INFO - Setting next_dagrun for our_first_dag_v5 to 2024-09-03 00:00:00+00:00, run_after=2024-09-04 00:00:00+00:00
[2024-09-02T17:31:54.327+0000] {processor.py:183} INFO - Processing /opt/airflow/dags/first_task.py took 0.082 seconds
[2024-09-02T17:32:04.396+0000] {processor.py:161} INFO - Started process (PID=769) to work on /opt/airflow/dags/first_task.py
[2024-09-02T17:32:04.397+0000] {processor.py:830} INFO - Processing file /opt/airflow/dags/first_task.py for tasks to queue
[2024-09-02T17:32:04.399+0000] {logging_mixin.py:188} INFO - [2024-09-02T17:32:04.398+0000] {dagbag.py:545} INFO - Filling up the DagBag from /opt/airflow/dags/first_task.py
[2024-09-02T17:32:04.411+0000] {processor.py:840} INFO - DAG(s) 'our_first_dag_v5' retrieved from /opt/airflow/dags/first_task.py
[2024-09-02T17:32:04.431+0000] {logging_mixin.py:188} INFO - [2024-09-02T17:32:04.431+0000] {dag.py:3089} INFO - Sync 1 DAGs
[2024-09-02T17:32:04.450+0000] {logging_mixin.py:188} INFO - [2024-09-02T17:32:04.450+0000] {dag.py:3947} INFO - Setting next_dagrun for our_first_dag_v5 to 2024-09-03 00:00:00+00:00, run_after=2024-09-04 00:00:00+00:00
[2024-09-02T17:32:04.468+0000] {processor.py:183} INFO - Processing /opt/airflow/dags/first_task.py took 0.076 seconds
[2024-09-02T17:32:14.537+0000] {processor.py:161} INFO - Started process (PID=774) to work on /opt/airflow/dags/first_task.py
[2024-09-02T17:32:14.538+0000] {processor.py:830} INFO - Processing file /opt/airflow/dags/first_task.py for tasks to queue
[2024-09-02T17:32:14.540+0000] {logging_mixin.py:188} INFO - [2024-09-02T17:32:14.540+0000] {dagbag.py:545} INFO - Filling up the DagBag from /opt/airflow/dags/first_task.py
[2024-09-02T17:32:14.556+0000] {processor.py:840} INFO - DAG(s) 'our_first_dag_v5' retrieved from /opt/airflow/dags/first_task.py
[2024-09-02T17:32:14.582+0000] {logging_mixin.py:188} INFO - [2024-09-02T17:32:14.582+0000] {dag.py:3089} INFO - Sync 1 DAGs
[2024-09-02T17:32:14.608+0000] {logging_mixin.py:188} INFO - [2024-09-02T17:32:14.608+0000] {dag.py:3947} INFO - Setting next_dagrun for our_first_dag_v5 to 2024-09-03 00:00:00+00:00, run_after=2024-09-04 00:00:00+00:00
[2024-09-02T17:32:14.630+0000] {processor.py:183} INFO - Processing /opt/airflow/dags/first_task.py took 0.097 seconds
[2024-09-02T17:32:24.699+0000] {processor.py:161} INFO - Started process (PID=779) to work on /opt/airflow/dags/first_task.py
[2024-09-02T17:32:24.699+0000] {processor.py:830} INFO - Processing file /opt/airflow/dags/first_task.py for tasks to queue
[2024-09-02T17:32:24.700+0000] {logging_mixin.py:188} INFO - [2024-09-02T17:32:24.700+0000] {dagbag.py:545} INFO - Filling up the DagBag from /opt/airflow/dags/first_task.py
[2024-09-02T17:32:24.713+0000] {processor.py:840} INFO - DAG(s) 'our_first_dag_v5' retrieved from /opt/airflow/dags/first_task.py
[2024-09-02T17:32:24.733+0000] {logging_mixin.py:188} INFO - [2024-09-02T17:32:24.733+0000] {dag.py:3089} INFO - Sync 1 DAGs
[2024-09-02T17:32:24.751+0000] {logging_mixin.py:188} INFO - [2024-09-02T17:32:24.750+0000] {dag.py:3947} INFO - Setting next_dagrun for our_first_dag_v5 to 2024-09-03 00:00:00+00:00, run_after=2024-09-04 00:00:00+00:00
[2024-09-02T17:32:24.770+0000] {processor.py:183} INFO - Processing /opt/airflow/dags/first_task.py took 0.075 seconds
[2024-09-02T17:32:34.837+0000] {processor.py:161} INFO - Started process (PID=784) to work on /opt/airflow/dags/first_task.py
[2024-09-02T17:32:34.838+0000] {processor.py:830} INFO - Processing file /opt/airflow/dags/first_task.py for tasks to queue
[2024-09-02T17:32:34.840+0000] {logging_mixin.py:188} INFO - [2024-09-02T17:32:34.839+0000] {dagbag.py:545} INFO - Filling up the DagBag from /opt/airflow/dags/first_task.py
[2024-09-02T17:32:34.853+0000] {processor.py:840} INFO - DAG(s) 'our_first_dag_v5' retrieved from /opt/airflow/dags/first_task.py
[2024-09-02T17:32:34.873+0000] {logging_mixin.py:188} INFO - [2024-09-02T17:32:34.873+0000] {dag.py:3089} INFO - Sync 1 DAGs
[2024-09-02T17:32:34.891+0000] {logging_mixin.py:188} INFO - [2024-09-02T17:32:34.891+0000] {dag.py:3947} INFO - Setting next_dagrun for our_first_dag_v5 to 2024-09-03 00:00:00+00:00, run_after=2024-09-04 00:00:00+00:00
[2024-09-02T17:32:34.911+0000] {processor.py:183} INFO - Processing /opt/airflow/dags/first_task.py took 0.078 seconds
[2024-09-02T17:32:44.980+0000] {processor.py:161} INFO - Started process (PID=789) to work on /opt/airflow/dags/first_task.py
[2024-09-02T17:32:44.981+0000] {processor.py:830} INFO - Processing file /opt/airflow/dags/first_task.py for tasks to queue
[2024-09-02T17:32:44.983+0000] {logging_mixin.py:188} INFO - [2024-09-02T17:32:44.982+0000] {dagbag.py:545} INFO - Filling up the DagBag from /opt/airflow/dags/first_task.py
[2024-09-02T17:32:44.997+0000] {processor.py:840} INFO - DAG(s) 'our_first_dag_v5' retrieved from /opt/airflow/dags/first_task.py
[2024-09-02T17:32:45.019+0000] {logging_mixin.py:188} INFO - [2024-09-02T17:32:45.019+0000] {dag.py:3089} INFO - Sync 1 DAGs
[2024-09-02T17:32:45.039+0000] {logging_mixin.py:188} INFO - [2024-09-02T17:32:45.039+0000] {dag.py:3947} INFO - Setting next_dagrun for our_first_dag_v5 to 2024-09-03 00:00:00+00:00, run_after=2024-09-04 00:00:00+00:00
[2024-09-02T17:32:45.057+0000] {processor.py:183} INFO - Processing /opt/airflow/dags/first_task.py took 0.083 seconds
[2024-09-02T17:32:55.126+0000] {processor.py:161} INFO - Started process (PID=794) to work on /opt/airflow/dags/first_task.py
[2024-09-02T17:32:55.126+0000] {processor.py:830} INFO - Processing file /opt/airflow/dags/first_task.py for tasks to queue
[2024-09-02T17:32:55.128+0000] {logging_mixin.py:188} INFO - [2024-09-02T17:32:55.128+0000] {dagbag.py:545} INFO - Filling up the DagBag from /opt/airflow/dags/first_task.py
[2024-09-02T17:32:55.143+0000] {processor.py:840} INFO - DAG(s) 'our_first_dag_v5' retrieved from /opt/airflow/dags/first_task.py
[2024-09-02T17:32:55.166+0000] {logging_mixin.py:188} INFO - [2024-09-02T17:32:55.166+0000] {dag.py:3089} INFO - Sync 1 DAGs
[2024-09-02T17:32:55.185+0000] {logging_mixin.py:188} INFO - [2024-09-02T17:32:55.185+0000] {dag.py:3947} INFO - Setting next_dagrun for our_first_dag_v5 to 2024-09-03 00:00:00+00:00, run_after=2024-09-04 00:00:00+00:00
[2024-09-02T17:32:55.204+0000] {processor.py:183} INFO - Processing /opt/airflow/dags/first_task.py took 0.084 seconds
[2024-09-02T17:33:05.276+0000] {processor.py:161} INFO - Started process (PID=799) to work on /opt/airflow/dags/first_task.py
[2024-09-02T17:33:05.277+0000] {processor.py:830} INFO - Processing file /opt/airflow/dags/first_task.py for tasks to queue
[2024-09-02T17:33:05.278+0000] {logging_mixin.py:188} INFO - [2024-09-02T17:33:05.278+0000] {dagbag.py:545} INFO - Filling up the DagBag from /opt/airflow/dags/first_task.py
[2024-09-02T17:33:05.292+0000] {processor.py:840} INFO - DAG(s) 'our_first_dag_v5' retrieved from /opt/airflow/dags/first_task.py
[2024-09-02T17:33:05.313+0000] {logging_mixin.py:188} INFO - [2024-09-02T17:33:05.312+0000] {dag.py:3089} INFO - Sync 1 DAGs
[2024-09-02T17:33:05.330+0000] {logging_mixin.py:188} INFO - [2024-09-02T17:33:05.330+0000] {dag.py:3947} INFO - Setting next_dagrun for our_first_dag_v5 to 2024-09-03 00:00:00+00:00, run_after=2024-09-04 00:00:00+00:00
[2024-09-02T17:33:05.351+0000] {processor.py:183} INFO - Processing /opt/airflow/dags/first_task.py took 0.080 seconds
[2024-09-02T17:33:15.422+0000] {processor.py:161} INFO - Started process (PID=804) to work on /opt/airflow/dags/first_task.py
[2024-09-02T17:33:15.422+0000] {processor.py:830} INFO - Processing file /opt/airflow/dags/first_task.py for tasks to queue
[2024-09-02T17:33:15.424+0000] {logging_mixin.py:188} INFO - [2024-09-02T17:33:15.423+0000] {dagbag.py:545} INFO - Filling up the DagBag from /opt/airflow/dags/first_task.py
[2024-09-02T17:33:15.438+0000] {processor.py:840} INFO - DAG(s) 'our_first_dag_v5' retrieved from /opt/airflow/dags/first_task.py
[2024-09-02T17:33:15.462+0000] {logging_mixin.py:188} INFO - [2024-09-02T17:33:15.461+0000] {dag.py:3089} INFO - Sync 1 DAGs
[2024-09-02T17:33:15.481+0000] {logging_mixin.py:188} INFO - [2024-09-02T17:33:15.481+0000] {dag.py:3947} INFO - Setting next_dagrun for our_first_dag_v5 to 2024-09-03 00:00:00+00:00, run_after=2024-09-04 00:00:00+00:00
[2024-09-02T17:33:15.501+0000] {processor.py:183} INFO - Processing /opt/airflow/dags/first_task.py took 0.084 seconds
[2024-09-02T17:33:25.583+0000] {processor.py:161} INFO - Started process (PID=809) to work on /opt/airflow/dags/first_task.py
[2024-09-02T17:33:25.584+0000] {processor.py:830} INFO - Processing file /opt/airflow/dags/first_task.py for tasks to queue
[2024-09-02T17:33:25.587+0000] {logging_mixin.py:188} INFO - [2024-09-02T17:33:25.586+0000] {dagbag.py:545} INFO - Filling up the DagBag from /opt/airflow/dags/first_task.py
[2024-09-02T17:33:25.606+0000] {processor.py:840} INFO - DAG(s) 'our_first_dag_v5' retrieved from /opt/airflow/dags/first_task.py
[2024-09-02T17:33:25.637+0000] {logging_mixin.py:188} INFO - [2024-09-02T17:33:25.636+0000] {dag.py:3089} INFO - Sync 1 DAGs
[2024-09-02T17:33:25.659+0000] {logging_mixin.py:188} INFO - [2024-09-02T17:33:25.658+0000] {dag.py:3947} INFO - Setting next_dagrun for our_first_dag_v5 to 2024-09-03 00:00:00+00:00, run_after=2024-09-04 00:00:00+00:00
[2024-09-02T17:33:25.682+0000] {processor.py:183} INFO - Processing /opt/airflow/dags/first_task.py took 0.106 seconds
